{
  "stats": {
    "suites": 1,
    "tests": 1,
    "passes": 1,
    "pending": 0,
    "failures": 0,
    "start": "2021-02-01T18:21:55.374Z",
    "end": "2021-02-01T18:21:55.434Z",
    "duration": 60,
    "testsRegistered": 1,
    "passPercent": 100,
    "pendingPercent": 0,
    "other": 0,
    "hasOther": false,
    "skipped": 0,
    "hasSkipped": false
  },
  "results": [
    {
      "uuid": "2585df9f-6a79-4bbe-a639-105256d3bac2",
      "title": "",
      "fullFile": "",
      "file": "",
      "beforeHooks": [],
      "afterHooks": [],
      "tests": [],
      "suites": [
        {
          "uuid": "2932a4a2-0b7d-4b97-a0e9-e53a78c74ca1",
          "title": "Testing API",
          "fullFile": "C:\\Users\\arodr\\Documents\\AngularProjects\\tfm\\server\\test\\user.js",
          "file": "\\test\\user.js",
          "beforeHooks": [],
          "afterHooks": [],
          "tests": [
            {
              "title": "should return an array",
              "fullTitle": "Testing API should return an array",
              "timedOut": false,
              "duration": 52,
              "state": "passed",
              "speed": "medium",
              "pass": true,
              "fail": false,
              "pending": false,
              "context": null,
              "code": "chai.request(url)\n    .get('/users')\n    .end(function (err, res){\n        expect(res).to.have.status(200);\n        expect(res.body).to.be.an('array');\n        expect(res.body).to.have.lengthOf(2);\n        done();\n    });",
              "err": {},
              "uuid": "eacdfef6-a502-4b19-b3fc-269e58701b57",
              "parentUUID": "2932a4a2-0b7d-4b97-a0e9-e53a78c74ca1",
              "isHook": false,
              "skipped": false
            }
          ],
          "suites": [],
          "passes": [
            "eacdfef6-a502-4b19-b3fc-269e58701b57"
          ],
          "failures": [],
          "pending": [],
          "skipped": [],
          "duration": 52,
          "root": false,
          "rootEmpty": false,
          "_timeout": 2000
        }
      ],
      "passes": [],
      "failures": [],
      "pending": [],
      "skipped": [],
      "duration": 0,
      "root": true,
      "rootEmpty": true,
      "_timeout": 2000
    }
  ],
  "meta": {
    "mocha": {
      "version": "8.2.1"
    },
    "mochawesome": {
      "options": {
        "quiet": false,
        "reportFilename": "mochawesome",
        "saveHtml": true,
        "saveJson": true,
        "consoleReporter": "spec",
        "useInlineDiffs": false,
        "code": true
      },
      "version": "6.2.1"
    },
    "marge": {
      "options": null,
      "version": "5.1.0"
    }
  }
}