{
  "stats": {
    "suites": 1,
    "tests": 1,
    "passes": 0,
    "pending": 0,
    "failures": 1,
    "start": "2021-02-01T17:43:29.815Z",
    "end": "2021-02-01T17:43:29.849Z",
    "duration": 34,
    "testsRegistered": 1,
    "passPercent": 0,
    "pendingPercent": 0,
    "other": 0,
    "hasOther": false,
    "skipped": 0,
    "hasSkipped": false
  },
  "results": [
    {
      "uuid": "824c3c0f-254b-4a51-aa10-f0082528742a",
      "title": "",
      "fullFile": "",
      "file": "",
      "beforeHooks": [],
      "afterHooks": [],
      "tests": [],
      "suites": [
        {
          "uuid": "6a9c2812-cc58-429f-bd62-61935ca4fa65",
          "title": "Testing API",
          "fullFile": "C:\\Users\\arodr\\Documents\\AngularProjects\\tfm\\server\\test\\user.js",
          "file": "\\test\\user.js",
          "beforeHooks": [],
          "afterHooks": [],
          "tests": [
            {
              "title": "should return an array",
              "fullTitle": "Testing API should return an array",
              "timedOut": false,
              "duration": 24,
              "state": "failed",
              "speed": null,
              "pass": false,
              "fail": true,
              "pending": false,
              "context": null,
              "code": "chai.request(url)\n    .get('/users')\n    .end(function (err, res){\n        expect(res).to.have.status(200);\n        expect(res.body).to.be.an('array');\n        expect(res.body).to.have.lengthOf(2);\n        done();\n    });",
              "err": {
                "message": "TypeError: Cannot use 'in' operator to search for 'status' in undefined",
                "estack": "TypeError: Cannot use 'in' operator to search for 'status' in undefined\n    at Proxy.<anonymous> (node_modules\\chai-http\\lib\\http.js:80:38)\n    at Proxy.methodWrapper (node_modules\\chai\\lib\\chai\\utils\\addMethod.js:57:25)\n    at C:\\Users\\arodr\\Documents\\AngularProjects\\tfm\\server\\test\\user.js:12:37\n    at Test.Request.callback (node_modules\\superagent\\lib\\node\\index.js:728:3)\n    at ClientRequest.<anonymous> (node_modules\\superagent\\lib\\node\\index.js:647:10)\n    at Socket.socketErrorListener (_http_client.js:469:9)\n    at emitErrorNT (internal/streams/destroy.js:106:8)\n    at emitErrorCloseNT (internal/streams/destroy.js:74:3)\n    at processTicksAndRejections (internal/process/task_queues.js:80:21)",
                "diff": null
              },
              "uuid": "8a45e686-5ae7-4488-a7aa-63df4b84da66",
              "parentUUID": "6a9c2812-cc58-429f-bd62-61935ca4fa65",
              "isHook": false,
              "skipped": false
            }
          ],
          "suites": [],
          "passes": [],
          "failures": [
            "8a45e686-5ae7-4488-a7aa-63df4b84da66"
          ],
          "pending": [],
          "skipped": [],
          "duration": 24,
          "root": false,
          "rootEmpty": false,
          "_timeout": 2000
        }
      ],
      "passes": [],
      "failures": [],
      "pending": [],
      "skipped": [],
      "duration": 0,
      "root": true,
      "rootEmpty": true,
      "_timeout": 2000
    }
  ],
  "meta": {
    "mocha": {
      "version": "8.2.1"
    },
    "mochawesome": {
      "options": {
        "quiet": false,
        "reportFilename": "mochawesome",
        "saveHtml": true,
        "saveJson": true,
        "consoleReporter": "spec",
        "useInlineDiffs": false,
        "code": true
      },
      "version": "6.2.1"
    },
    "marge": {
      "options": null,
      "version": "5.1.0"
    }
  }
}