{
  "stats": {
    "suites": 3,
    "tests": 43,
    "passes": 43,
    "pending": 0,
    "failures": 0,
    "start": "2021-05-06T16:23:50.209Z",
    "end": "2021-05-06T16:23:52.031Z",
    "duration": 1822,
    "testsRegistered": 43,
    "passPercent": 100,
    "pendingPercent": 0,
    "other": 0,
    "hasOther": false,
    "skipped": 0,
    "hasSkipped": false
  },
  "results": [
    {
      "uuid": "0a5f31f4-e131-46d9-90cf-1e711dfb6656",
      "title": "",
      "fullFile": "",
      "file": "",
      "beforeHooks": [],
      "afterHooks": [],
      "tests": [],
      "suites": [
        {
          "uuid": "54127318-6e8a-4c93-a7ec-758adb46166e",
          "title": "Testing Add API",
          "fullFile": "C:\\Users\\arodr\\Documents\\AngularProjects\\tfm\\server\\test\\addTest.js",
          "file": "\\test\\addTest.js",
          "beforeHooks": [
            {
              "title": "\"before all\" hook: Get session token and user id in \"Testing Add API\"",
              "fullTitle": "Testing Add API \"before all\" hook: Get session token and user id in \"Testing Add API\"",
              "timedOut": false,
              "duration": 374,
              "state": null,
              "speed": null,
              "pass": false,
              "fail": false,
              "pending": false,
              "context": null,
              "code": "cov_1b39j9flb().f[1]++;cov_1b39j9flb().s[9]++;chai.request(urlUsers).post('/login').send({username:'Prueba',password:'prueba'}).end(function(err,res){cov_1b39j9flb().f[2]++;cov_1b39j9flb().s[10]++;expect(res).to.have.status(200);cov_1b39j9flb().s[11]++;expect(res.body).to.have.property('token').not.be.null;cov_1b39j9flb().s[12]++;token=res.body.token;cov_1b39j9flb().s[13]++;userId=res.body.id;cov_1b39j9flb().s[14]++;done();});",
              "err": {},
              "uuid": "02e17a4e-d1ae-4780-8ff7-8071ea4c7c3e",
              "parentUUID": "54127318-6e8a-4c93-a7ec-758adb46166e",
              "isHook": true,
              "skipped": false
            }
          ],
          "afterHooks": [],
          "tests": [
            {
              "title": "should create a new pet for test user",
              "fullTitle": "Testing Add API should create a new pet for test user",
              "timedOut": false,
              "duration": 34,
              "state": "passed",
              "speed": "fast",
              "pass": true,
              "fail": false,
              "pending": false,
              "context": null,
              "code": "cov_1b39j9flb().f[3]++;cov_1b39j9flb().s[16]++;chai.request(urlPets).post('/').set('Authorization','Bearer '+token).send({name:'pet test',breed:'breed test',weight:1,age:1,description:'descriptionTest',picture:'',user_Id:userId}).end(function(err,res){cov_1b39j9flb().f[4]++;cov_1b39j9flb().s[17]++;expect(res.header['authorization']).not.be.null;cov_1b39j9flb().s[18]++;expect(res).to.have.status(200);cov_1b39j9flb().s[19]++;expect(res.body).to.have.property('id');cov_1b39j9flb().s[20]++;petId=res.body.id;cov_1b39j9flb().s[21]++;done();});",
              "err": {},
              "uuid": "1d109a85-ae9a-453b-9bf7-46f8f52d89c0",
              "parentUUID": "54127318-6e8a-4c93-a7ec-758adb46166e",
              "isHook": false,
              "skipped": false
            },
            {
              "title": "should not create a new add without token",
              "fullTitle": "Testing Add API should not create a new add without token",
              "timedOut": false,
              "duration": 8,
              "state": "passed",
              "speed": "fast",
              "pass": true,
              "fail": false,
              "pending": false,
              "context": null,
              "code": "cov_1b39j9flb().f[5]++;cov_1b39j9flb().s[23]++;chai.request(url).post('/adoption').send({}).end(function(err,res){cov_1b39j9flb().f[6]++;cov_1b39j9flb().s[24]++;expect(res.header['authorization']).to.be.undefined;cov_1b39j9flb().s[25]++;expect(res).to.have.status(403);cov_1b39j9flb().s[26]++;done();});",
              "err": {},
              "uuid": "709db99f-b315-4b2a-93a2-5ea51197b169",
              "parentUUID": "54127318-6e8a-4c93-a7ec-758adb46166e",
              "isHook": false,
              "skipped": false
            },
            {
              "title": "should create a new volunteer add",
              "fullTitle": "Testing Add API should create a new volunteer add",
              "timedOut": false,
              "duration": 13,
              "state": "passed",
              "speed": "fast",
              "pass": true,
              "fail": false,
              "pending": false,
              "context": null,
              "code": "cov_1b39j9flb().f[7]++;cov_1b39j9flb().s[28]++;chai.request(url).post('/volunteer').set('Authorization','Bearer '+token).send({userId:userId,petId:null}).end(function(err,res){cov_1b39j9flb().f[8]++;cov_1b39j9flb().s[29]++;expect(res.header['authorization']).not.be.null;cov_1b39j9flb().s[30]++;expect(res).to.have.status(200);cov_1b39j9flb().s[31]++;expect(res.body).to.have.property('id');cov_1b39j9flb().s[32]++;volunteerId=res.body.id;cov_1b39j9flb().s[33]++;done();});",
              "err": {},
              "uuid": "87ef0d2b-e82c-4408-9528-654524e0c654",
              "parentUUID": "54127318-6e8a-4c93-a7ec-758adb46166e",
              "isHook": false,
              "skipped": false
            },
            {
              "title": "should not create the same volunteer add",
              "fullTitle": "Testing Add API should not create the same volunteer add",
              "timedOut": false,
              "duration": 10,
              "state": "passed",
              "speed": "fast",
              "pass": true,
              "fail": false,
              "pending": false,
              "context": null,
              "code": "cov_1b39j9flb().f[9]++;cov_1b39j9flb().s[35]++;chai.request(url).post('/volunteer').set('Authorization','Bearer '+token).send({userId:userId,petId:null}).end(function(err,res){cov_1b39j9flb().f[10]++;cov_1b39j9flb().s[36]++;expect(res).to.have.status(409);cov_1b39j9flb().s[37]++;done();});",
              "err": {},
              "uuid": "8915d7c5-0519-40ea-9dce-6c75ab69fae7",
              "parentUUID": "54127318-6e8a-4c93-a7ec-758adb46166e",
              "isHook": false,
              "skipped": false
            },
            {
              "title": "should not find created add without token",
              "fullTitle": "Testing Add API should not find created add without token",
              "timedOut": false,
              "duration": 11,
              "state": "passed",
              "speed": "fast",
              "pass": true,
              "fail": false,
              "pending": false,
              "context": null,
              "code": "cov_1b39j9flb().f[11]++;cov_1b39j9flb().s[39]++;chai.request(url).get('/'+userId).end(function(err,res){cov_1b39j9flb().f[12]++;cov_1b39j9flb().s[40]++;expect(res.header['authorization']).to.be.undefined;cov_1b39j9flb().s[41]++;expect(res).to.have.status(403);cov_1b39j9flb().s[42]++;done();});",
              "err": {},
              "uuid": "af3e6695-9ebb-43a4-bcf7-106357100c4a",
              "parentUUID": "54127318-6e8a-4c93-a7ec-758adb46166e",
              "isHook": false,
              "skipped": false
            },
            {
              "title": "should not find add by non-existing user id",
              "fullTitle": "Testing Add API should not find add by non-existing user id",
              "timedOut": false,
              "duration": 12,
              "state": "passed",
              "speed": "fast",
              "pass": true,
              "fail": false,
              "pending": false,
              "context": null,
              "code": "cov_1b39j9flb().f[13]++;cov_1b39j9flb().s[44]++;chai.request(url).get('/0').set('Authorization','Bearer '+token).end(function(err,res){cov_1b39j9flb().f[14]++;cov_1b39j9flb().s[45]++;expect(res.header['authorization']).not.be.null;cov_1b39j9flb().s[46]++;expect(res).to.have.status(200);cov_1b39j9flb().s[47]++;expect(res.body).to.have.lengthOf(0);cov_1b39j9flb().s[48]++;done();});",
              "err": {},
              "uuid": "8e62bec3-3cd5-43b7-a2c4-f0ae26c2d4c9",
              "parentUUID": "54127318-6e8a-4c93-a7ec-758adb46166e",
              "isHook": false,
              "skipped": false
            },
            {
              "title": "should find volunteer add for its user id",
              "fullTitle": "Testing Add API should find volunteer add for its user id",
              "timedOut": false,
              "duration": 9,
              "state": "passed",
              "speed": "fast",
              "pass": true,
              "fail": false,
              "pending": false,
              "context": null,
              "code": "cov_1b39j9flb().f[15]++;cov_1b39j9flb().s[50]++;chai.request(url).get('/'+userId).set('Authorization','Bearer '+token).end(function(err,res){cov_1b39j9flb().f[16]++;cov_1b39j9flb().s[51]++;expect(res.header['authorization']).not.be.null;cov_1b39j9flb().s[52]++;expect(res).to.have.status(200);cov_1b39j9flb().s[53]++;expect(res.body).to.have.lengthOf(1);cov_1b39j9flb().s[54]++;expect(res.body[0]).to.have.property('id').to.be.equal(volunteerId);cov_1b39j9flb().s[55]++;done();});",
              "err": {},
              "uuid": "ea2a887c-607f-412f-9ac1-08b3c970edcd",
              "parentUUID": "54127318-6e8a-4c93-a7ec-758adb46166e",
              "isHook": false,
              "skipped": false
            },
            {
              "title": "should create a new adoption add",
              "fullTitle": "Testing Add API should create a new adoption add",
              "timedOut": false,
              "duration": 14,
              "state": "passed",
              "speed": "fast",
              "pass": true,
              "fail": false,
              "pending": false,
              "context": null,
              "code": "cov_1b39j9flb().f[17]++;cov_1b39j9flb().s[57]++;chai.request(url).post('/adoption').set('Authorization','Bearer '+token).send({userId:userId,petId:petId}).end(function(err,res){cov_1b39j9flb().f[18]++;cov_1b39j9flb().s[58]++;expect(res.header['authorization']).not.be.null;cov_1b39j9flb().s[59]++;expect(res).to.have.status(200);cov_1b39j9flb().s[60]++;expect(res.body).to.have.property('id');cov_1b39j9flb().s[61]++;adoptionId=res.body.id;cov_1b39j9flb().s[62]++;done();});",
              "err": {},
              "uuid": "9ea989d8-3719-419d-ac54-b4cc9de766cf",
              "parentUUID": "54127318-6e8a-4c93-a7ec-758adb46166e",
              "isHook": false,
              "skipped": false
            },
            {
              "title": "should not create the same adoption add",
              "fullTitle": "Testing Add API should not create the same adoption add",
              "timedOut": false,
              "duration": 11,
              "state": "passed",
              "speed": "fast",
              "pass": true,
              "fail": false,
              "pending": false,
              "context": null,
              "code": "cov_1b39j9flb().f[19]++;cov_1b39j9flb().s[64]++;chai.request(url).post('/adoption').set('Authorization','Bearer '+token).send({userId:userId,petId:petId}).end(function(err,res){cov_1b39j9flb().f[20]++;cov_1b39j9flb().s[65]++;expect(res).to.have.status(409);cov_1b39j9flb().s[66]++;done();});",
              "err": {},
              "uuid": "4ca5b2a0-e257-4fe6-98d3-280d0c79de31",
              "parentUUID": "54127318-6e8a-4c93-a7ec-758adb46166e",
              "isHook": false,
              "skipped": false
            },
            {
              "title": "should find adoption add for its user id",
              "fullTitle": "Testing Add API should find adoption add for its user id",
              "timedOut": false,
              "duration": 12,
              "state": "passed",
              "speed": "fast",
              "pass": true,
              "fail": false,
              "pending": false,
              "context": null,
              "code": "cov_1b39j9flb().f[21]++;cov_1b39j9flb().s[68]++;chai.request(url).get('/'+userId).set('Authorization','Bearer '+token).end(function(err,res){cov_1b39j9flb().f[22]++;cov_1b39j9flb().s[69]++;expect(res.header['authorization']).not.be.null;cov_1b39j9flb().s[70]++;expect(res).to.have.status(200);cov_1b39j9flb().s[71]++;expect(res.body).to.have.lengthOf(2);cov_1b39j9flb().s[72]++;expect(res.body[1]).to.have.property('id').to.be.equal(adoptionId);cov_1b39j9flb().s[73]++;done();});",
              "err": {},
              "uuid": "282c6f10-c0aa-4eb1-9322-29daa7e565dc",
              "parentUUID": "54127318-6e8a-4c93-a7ec-758adb46166e",
              "isHook": false,
              "skipped": false
            },
            {
              "title": "should not delete add without token",
              "fullTitle": "Testing Add API should not delete add without token",
              "timedOut": false,
              "duration": 8,
              "state": "passed",
              "speed": "fast",
              "pass": true,
              "fail": false,
              "pending": false,
              "context": null,
              "code": "cov_1b39j9flb().f[23]++;cov_1b39j9flb().s[75]++;chai.request(url).delete('/'+volunteerId).end(function(err,res){cov_1b39j9flb().f[24]++;cov_1b39j9flb().s[76]++;expect(res.header['authorization']).to.be.undefined;cov_1b39j9flb().s[77]++;expect(res).to.have.status(403);cov_1b39j9flb().s[78]++;done();});",
              "err": {},
              "uuid": "b2ad318b-3eab-4a38-a797-09541ba6b09f",
              "parentUUID": "54127318-6e8a-4c93-a7ec-758adb46166e",
              "isHook": false,
              "skipped": false
            },
            {
              "title": "should delete volunteer add for its ID",
              "fullTitle": "Testing Add API should delete volunteer add for its ID",
              "timedOut": false,
              "duration": 11,
              "state": "passed",
              "speed": "fast",
              "pass": true,
              "fail": false,
              "pending": false,
              "context": null,
              "code": "cov_1b39j9flb().f[25]++;cov_1b39j9flb().s[80]++;chai.request(url).delete('/'+volunteerId).set('Authorization','Bearer '+token).end(function(err,res){cov_1b39j9flb().f[26]++;cov_1b39j9flb().s[81]++;expect(res.header['authorization']).not.be.null;cov_1b39j9flb().s[82]++;expect(res).to.have.status(200);cov_1b39j9flb().s[83]++;done();});",
              "err": {},
              "uuid": "bd3aa2a7-4e6d-4f19-93be-5e8ba80083f3",
              "parentUUID": "54127318-6e8a-4c93-a7ec-758adb46166e",
              "isHook": false,
              "skipped": false
            },
            {
              "title": "should not find deleted volunteer add",
              "fullTitle": "Testing Add API should not find deleted volunteer add",
              "timedOut": false,
              "duration": 13,
              "state": "passed",
              "speed": "fast",
              "pass": true,
              "fail": false,
              "pending": false,
              "context": null,
              "code": "cov_1b39j9flb().f[27]++;cov_1b39j9flb().s[85]++;chai.request(url).get('/'+userId).set('Authorization','Bearer '+token).end(function(err,res){cov_1b39j9flb().f[28]++;cov_1b39j9flb().s[86]++;expect(res.header['authorization']).not.be.null;cov_1b39j9flb().s[87]++;expect(res).to.have.status(200);cov_1b39j9flb().s[88]++;expect(res.body).to.have.lengthOf(1);cov_1b39j9flb().s[89]++;expect(res.body[0]).to.have.property('petId').not.be.null;cov_1b39j9flb().s[90]++;done();});",
              "err": {},
              "uuid": "d0d7bf77-75fa-4175-94e9-9af43c6c10de",
              "parentUUID": "54127318-6e8a-4c93-a7ec-758adb46166e",
              "isHook": false,
              "skipped": false
            },
            {
              "title": "should delete adoption add for its ID",
              "fullTitle": "Testing Add API should delete adoption add for its ID",
              "timedOut": false,
              "duration": 8,
              "state": "passed",
              "speed": "fast",
              "pass": true,
              "fail": false,
              "pending": false,
              "context": null,
              "code": "cov_1b39j9flb().f[29]++;cov_1b39j9flb().s[92]++;chai.request(url).delete('/'+adoptionId).set('Authorization','Bearer '+token).end(function(err,res){cov_1b39j9flb().f[30]++;cov_1b39j9flb().s[93]++;expect(res.header['authorization']).not.be.null;cov_1b39j9flb().s[94]++;expect(res).to.have.status(200);cov_1b39j9flb().s[95]++;done();});",
              "err": {},
              "uuid": "d856435e-034c-4afb-a4f4-d58182453df7",
              "parentUUID": "54127318-6e8a-4c93-a7ec-758adb46166e",
              "isHook": false,
              "skipped": false
            },
            {
              "title": "should not find deleted adoption add",
              "fullTitle": "Testing Add API should not find deleted adoption add",
              "timedOut": false,
              "duration": 12,
              "state": "passed",
              "speed": "fast",
              "pass": true,
              "fail": false,
              "pending": false,
              "context": null,
              "code": "cov_1b39j9flb().f[31]++;cov_1b39j9flb().s[97]++;chai.request(url).get('/'+userId).set('Authorization','Bearer '+token).end(function(err,res){cov_1b39j9flb().f[32]++;cov_1b39j9flb().s[98]++;expect(res.header['authorization']).not.be.null;cov_1b39j9flb().s[99]++;expect(res).to.have.status(200);cov_1b39j9flb().s[100]++;expect(res.body).to.have.lengthOf(0);cov_1b39j9flb().s[101]++;done();});",
              "err": {},
              "uuid": "082c06cf-1c3a-47ce-9957-a0fa3ce4abc6",
              "parentUUID": "54127318-6e8a-4c93-a7ec-758adb46166e",
              "isHook": false,
              "skipped": false
            },
            {
              "title": "should not find any add by type 1 (Adoption) and user id",
              "fullTitle": "Testing Add API should not find any add by type 1 (Adoption) and user id",
              "timedOut": false,
              "duration": 13,
              "state": "passed",
              "speed": "fast",
              "pass": true,
              "fail": false,
              "pending": false,
              "context": null,
              "code": "cov_1b39j9flb().f[33]++;cov_1b39j9flb().s[103]++;chai.request(url).get('/').set('Authorization','Bearer '+token).send({type:1,userId:userId}).end(function(err,res){cov_1b39j9flb().f[34]++;cov_1b39j9flb().s[104]++;expect(res.header['authorization']).not.be.null;cov_1b39j9flb().s[105]++;expect(res).to.have.status(404);cov_1b39j9flb().s[106]++;done();});",
              "err": {},
              "uuid": "4e0d9cb1-d517-4ac7-a544-34fab488d875",
              "parentUUID": "54127318-6e8a-4c93-a7ec-758adb46166e",
              "isHook": false,
              "skipped": false
            },
            {
              "title": "should not find any add by type 2 (Volunteer) and user id",
              "fullTitle": "Testing Add API should not find any add by type 2 (Volunteer) and user id",
              "timedOut": false,
              "duration": 13,
              "state": "passed",
              "speed": "fast",
              "pass": true,
              "fail": false,
              "pending": false,
              "context": null,
              "code": "cov_1b39j9flb().f[35]++;cov_1b39j9flb().s[108]++;chai.request(url).get('/').set('Authorization','Bearer '+token).send({type:2,userId:userId}).end(function(err,res){cov_1b39j9flb().f[36]++;cov_1b39j9flb().s[109]++;expect(res.header['authorization']).not.be.null;cov_1b39j9flb().s[110]++;expect(res).to.have.status(404);cov_1b39j9flb().s[111]++;done();});",
              "err": {},
              "uuid": "35551143-317a-469d-87bf-100a2a1a2b12",
              "parentUUID": "54127318-6e8a-4c93-a7ec-758adb46166e",
              "isHook": false,
              "skipped": false
            },
            {
              "title": "should delete pet for its ID",
              "fullTitle": "Testing Add API should delete pet for its ID",
              "timedOut": false,
              "duration": 8,
              "state": "passed",
              "speed": "fast",
              "pass": true,
              "fail": false,
              "pending": false,
              "context": null,
              "code": "cov_1b39j9flb().f[37]++;cov_1b39j9flb().s[113]++;chai.request(urlPets).delete('/'+petId).set('Authorization','Bearer '+token).end(function(err,res){cov_1b39j9flb().f[38]++;cov_1b39j9flb().s[114]++;expect(res.header['authorization']).not.be.null;cov_1b39j9flb().s[115]++;expect(res).to.have.status(200);cov_1b39j9flb().s[116]++;done();});",
              "err": {},
              "uuid": "2ae0b545-9a0f-4931-a110-95e03ab9eb25",
              "parentUUID": "54127318-6e8a-4c93-a7ec-758adb46166e",
              "isHook": false,
              "skipped": false
            }
          ],
          "suites": [],
          "passes": [
            "1d109a85-ae9a-453b-9bf7-46f8f52d89c0",
            "709db99f-b315-4b2a-93a2-5ea51197b169",
            "87ef0d2b-e82c-4408-9528-654524e0c654",
            "8915d7c5-0519-40ea-9dce-6c75ab69fae7",
            "af3e6695-9ebb-43a4-bcf7-106357100c4a",
            "8e62bec3-3cd5-43b7-a2c4-f0ae26c2d4c9",
            "ea2a887c-607f-412f-9ac1-08b3c970edcd",
            "9ea989d8-3719-419d-ac54-b4cc9de766cf",
            "4ca5b2a0-e257-4fe6-98d3-280d0c79de31",
            "282c6f10-c0aa-4eb1-9322-29daa7e565dc",
            "b2ad318b-3eab-4a38-a797-09541ba6b09f",
            "bd3aa2a7-4e6d-4f19-93be-5e8ba80083f3",
            "d0d7bf77-75fa-4175-94e9-9af43c6c10de",
            "d856435e-034c-4afb-a4f4-d58182453df7",
            "082c06cf-1c3a-47ce-9957-a0fa3ce4abc6",
            "4e0d9cb1-d517-4ac7-a544-34fab488d875",
            "35551143-317a-469d-87bf-100a2a1a2b12",
            "2ae0b545-9a0f-4931-a110-95e03ab9eb25"
          ],
          "failures": [],
          "pending": [],
          "skipped": [],
          "duration": 220,
          "root": false,
          "rootEmpty": false,
          "_timeout": 2000
        },
        {
          "uuid": "8db25426-7a79-4365-9efb-93f6e82a9481",
          "title": "Testing Pet API",
          "fullFile": "C:\\Users\\arodr\\Documents\\AngularProjects\\tfm\\server\\test\\petTest.js",
          "file": "\\test\\petTest.js",
          "beforeHooks": [
            {
              "title": "\"before all\" hook: Get session token and user id in \"Testing Pet API\"",
              "fullTitle": "Testing Pet API \"before all\" hook: Get session token and user id in \"Testing Pet API\"",
              "timedOut": false,
              "duration": 348,
              "state": null,
              "speed": null,
              "pass": false,
              "fail": false,
              "pending": false,
              "context": null,
              "code": "cov_20zr5os5j().f[1]++;cov_20zr5os5j().s[8]++;chai.request(urlUsers).post('/login').send({username:'Prueba',password:'prueba'}).end(function(err,res){cov_20zr5os5j().f[2]++;cov_20zr5os5j().s[9]++;expect(res).to.have.status(200);cov_20zr5os5j().s[10]++;expect(res.body).to.have.property('token').not.be.null;cov_20zr5os5j().s[11]++;token=res.body.token;cov_20zr5os5j().s[12]++;userId=res.body.id;cov_20zr5os5j().s[13]++;done();});",
              "err": {},
              "uuid": "d23d459b-d168-49eb-ab8f-6917bd6143f1",
              "parentUUID": "8db25426-7a79-4365-9efb-93f6e82a9481",
              "isHook": true,
              "skipped": false
            }
          ],
          "afterHooks": [],
          "tests": [
            {
              "title": "should not create a new pet without token",
              "fullTitle": "Testing Pet API should not create a new pet without token",
              "timedOut": false,
              "duration": 5,
              "state": "passed",
              "speed": "fast",
              "pass": true,
              "fail": false,
              "pending": false,
              "context": null,
              "code": "cov_20zr5os5j().f[3]++;cov_20zr5os5j().s[15]++;chai.request(url).post('/').send({}).end(function(err,res){cov_20zr5os5j().f[4]++;cov_20zr5os5j().s[16]++;expect(res.header['authorization']).to.be.undefined;cov_20zr5os5j().s[17]++;expect(res).to.have.status(403);cov_20zr5os5j().s[18]++;done();});",
              "err": {},
              "uuid": "f41a5f87-b9f5-444e-bd58-36a2acae01b1",
              "parentUUID": "8db25426-7a79-4365-9efb-93f6e82a9481",
              "isHook": false,
              "skipped": false
            },
            {
              "title": "should create a new pet",
              "fullTitle": "Testing Pet API should create a new pet",
              "timedOut": false,
              "duration": 27,
              "state": "passed",
              "speed": "fast",
              "pass": true,
              "fail": false,
              "pending": false,
              "context": null,
              "code": "cov_20zr5os5j().f[5]++;cov_20zr5os5j().s[20]++;chai.request(url).post('/').set('Authorization','Bearer '+token).send({name:'Coco',breed:'Boxer',weight:15,age:5,description:'description',picture:'',user_Id:userId}).end(function(err,res){cov_20zr5os5j().f[6]++;cov_20zr5os5j().s[21]++;expect(res.header['authorization']).not.be.null;cov_20zr5os5j().s[22]++;expect(res).to.have.status(200);cov_20zr5os5j().s[23]++;expect(res.body).to.have.property('id');cov_20zr5os5j().s[24]++;id=res.body.id;cov_20zr5os5j().s[25]++;done();});",
              "err": {},
              "uuid": "351263ba-3cc3-402b-ba54-c4530d944194",
              "parentUUID": "8db25426-7a79-4365-9efb-93f6e82a9481",
              "isHook": false,
              "skipped": false
            },
            {
              "title": "should not find pet without token",
              "fullTitle": "Testing Pet API should not find pet without token",
              "timedOut": false,
              "duration": 8,
              "state": "passed",
              "speed": "fast",
              "pass": true,
              "fail": false,
              "pending": false,
              "context": null,
              "code": "cov_20zr5os5j().f[7]++;cov_20zr5os5j().s[27]++;chai.request(url).get('/search/'+userId).end(function(err,res){cov_20zr5os5j().f[8]++;cov_20zr5os5j().s[28]++;expect(res.header['authorization']).to.be.undefined;cov_20zr5os5j().s[29]++;expect(res).to.have.status(403);cov_20zr5os5j().s[30]++;done();});",
              "err": {},
              "uuid": "902f69c6-19b2-4439-a4b2-c4e83f4b658e",
              "parentUUID": "8db25426-7a79-4365-9efb-93f6e82a9481",
              "isHook": false,
              "skipped": false
            },
            {
              "title": "should not find pet for non-existing user id",
              "fullTitle": "Testing Pet API should not find pet for non-existing user id",
              "timedOut": false,
              "duration": 8,
              "state": "passed",
              "speed": "fast",
              "pass": true,
              "fail": false,
              "pending": false,
              "context": null,
              "code": "cov_20zr5os5j().f[9]++;cov_20zr5os5j().s[32]++;chai.request(url).get('/search/111').set('Authorization','Bearer '+token).end(function(err,res){cov_20zr5os5j().f[10]++;cov_20zr5os5j().s[33]++;expect(res.header['authorization']).not.be.null;cov_20zr5os5j().s[34]++;expect(res).to.have.status(200);cov_20zr5os5j().s[35]++;expect(res.body).to.have.lengthOf(0);cov_20zr5os5j().s[36]++;done();});",
              "err": {},
              "uuid": "b7d477da-0682-44cb-8571-14d3e6ad13dd",
              "parentUUID": "8db25426-7a79-4365-9efb-93f6e82a9481",
              "isHook": false,
              "skipped": false
            },
            {
              "title": "should find pet for its user id",
              "fullTitle": "Testing Pet API should find pet for its user id",
              "timedOut": false,
              "duration": 9,
              "state": "passed",
              "speed": "fast",
              "pass": true,
              "fail": false,
              "pending": false,
              "context": null,
              "code": "cov_20zr5os5j().f[11]++;cov_20zr5os5j().s[38]++;chai.request(url).get('/search/'+userId).set('Authorization','Bearer '+token).end(function(err,res){cov_20zr5os5j().f[12]++;cov_20zr5os5j().s[39]++;expect(res.header['authorization']).not.be.null;cov_20zr5os5j().s[40]++;expect(res).to.have.status(200);cov_20zr5os5j().s[41]++;expect(res.body).to.have.lengthOf(1);cov_20zr5os5j().s[42]++;expect(res.body[0]).to.have.property('id').to.be.equal(id);cov_20zr5os5j().s[43]++;done();});",
              "err": {},
              "uuid": "ca89ca58-9ff6-4565-bf00-8c7c98020e06",
              "parentUUID": "8db25426-7a79-4365-9efb-93f6e82a9481",
              "isHook": false,
              "skipped": false
            },
            {
              "title": "should not update pet without token",
              "fullTitle": "Testing Pet API should not update pet without token",
              "timedOut": false,
              "duration": 7,
              "state": "passed",
              "speed": "fast",
              "pass": true,
              "fail": false,
              "pending": false,
              "context": null,
              "code": "cov_20zr5os5j().f[13]++;cov_20zr5os5j().s[45]++;chai.request(url).put('/'+id).end(function(err,res){cov_20zr5os5j().f[14]++;cov_20zr5os5j().s[46]++;expect(res.header['authorization']).to.be.undefined;cov_20zr5os5j().s[47]++;expect(res).to.have.status(403);cov_20zr5os5j().s[48]++;done();});",
              "err": {},
              "uuid": "93400481-f424-4b2f-8c05-ecaf002d9238",
              "parentUUID": "8db25426-7a79-4365-9efb-93f6e82a9481",
              "isHook": false,
              "skipped": false
            },
            {
              "title": "should not update pet for non-existing ID",
              "fullTitle": "Testing Pet API should not update pet for non-existing ID",
              "timedOut": false,
              "duration": 8,
              "state": "passed",
              "speed": "fast",
              "pass": true,
              "fail": false,
              "pending": false,
              "context": null,
              "code": "cov_20zr5os5j().f[15]++;cov_20zr5os5j().s[50]++;chai.request(url).put('/111').set('Authorization','Bearer '+token).send({name:'another name',breed:'another breed'}).end(function(err,res){cov_20zr5os5j().f[16]++;cov_20zr5os5j().s[51]++;expect(res.header['authorization']).not.be.null;cov_20zr5os5j().s[52]++;expect(res).to.have.status(200);cov_20zr5os5j().s[53]++;done();});",
              "err": {},
              "uuid": "d7722fa9-45e6-4120-bec4-02951e111780",
              "parentUUID": "8db25426-7a79-4365-9efb-93f6e82a9481",
              "isHook": false,
              "skipped": false
            },
            {
              "title": "Created pet should not have changed",
              "fullTitle": "Testing Pet API Created pet should not have changed",
              "timedOut": false,
              "duration": 8,
              "state": "passed",
              "speed": "fast",
              "pass": true,
              "fail": false,
              "pending": false,
              "context": null,
              "code": "cov_20zr5os5j().f[17]++;cov_20zr5os5j().s[55]++;chai.request(url).get('/search/'+userId).set('Authorization','Bearer '+token).end(function(err,res){cov_20zr5os5j().f[18]++;cov_20zr5os5j().s[56]++;expect(res.header['authorization']).not.be.null;cov_20zr5os5j().s[57]++;expect(res).to.have.status(200);cov_20zr5os5j().s[58]++;expect(res.body).to.have.lengthOf(1);cov_20zr5os5j().s[59]++;expect(res.body[0]).to.have.property('id').to.be.equal(id);cov_20zr5os5j().s[60]++;expect(res.body[0]).to.have.property('name').not.to.be.equal('another name');cov_20zr5os5j().s[61]++;expect(res.body[0]).to.have.property('breed').not.to.be.equal('another breed');cov_20zr5os5j().s[62]++;done();});",
              "err": {},
              "uuid": "619844ff-90e2-4657-98b6-a65b630a86ba",
              "parentUUID": "8db25426-7a79-4365-9efb-93f6e82a9481",
              "isHook": false,
              "skipped": false
            },
            {
              "title": "should update pet for its ID",
              "fullTitle": "Testing Pet API should update pet for its ID",
              "timedOut": false,
              "duration": 9,
              "state": "passed",
              "speed": "fast",
              "pass": true,
              "fail": false,
              "pending": false,
              "context": null,
              "code": "cov_20zr5os5j().f[19]++;cov_20zr5os5j().s[64]++;chai.request(url).put('/'+id).set('Authorization','Bearer '+token).send({name:'updated name',breed:'new breed'}).end(function(err,res){cov_20zr5os5j().f[20]++;cov_20zr5os5j().s[65]++;expect(res.header['authorization']).not.be.null;cov_20zr5os5j().s[66]++;expect(res).to.have.status(200);cov_20zr5os5j().s[67]++;done();});",
              "err": {},
              "uuid": "caf7295f-e655-4e44-b1da-cdb111b32d6d",
              "parentUUID": "8db25426-7a79-4365-9efb-93f6e82a9481",
              "isHook": false,
              "skipped": false
            },
            {
              "title": "should not delete pet without token",
              "fullTitle": "Testing Pet API should not delete pet without token",
              "timedOut": false,
              "duration": 7,
              "state": "passed",
              "speed": "fast",
              "pass": true,
              "fail": false,
              "pending": false,
              "context": null,
              "code": "cov_20zr5os5j().f[21]++;cov_20zr5os5j().s[69]++;chai.request(url).delete('/'+id).end(function(err,res){cov_20zr5os5j().f[22]++;cov_20zr5os5j().s[70]++;expect(res.header['authorization']).to.be.undefined;cov_20zr5os5j().s[71]++;expect(res).to.have.status(403);cov_20zr5os5j().s[72]++;done();});",
              "err": {},
              "uuid": "412a2d5f-d00f-4cc5-a5ef-c570479daf23",
              "parentUUID": "8db25426-7a79-4365-9efb-93f6e82a9481",
              "isHook": false,
              "skipped": false
            },
            {
              "title": "should delete pet for its ID",
              "fullTitle": "Testing Pet API should delete pet for its ID",
              "timedOut": false,
              "duration": 6,
              "state": "passed",
              "speed": "fast",
              "pass": true,
              "fail": false,
              "pending": false,
              "context": null,
              "code": "cov_20zr5os5j().f[23]++;cov_20zr5os5j().s[74]++;chai.request(url).delete('/'+id).set('Authorization','Bearer '+token).end(function(err,res){cov_20zr5os5j().f[24]++;cov_20zr5os5j().s[75]++;expect(res.header['authorization']).not.be.null;cov_20zr5os5j().s[76]++;expect(res).to.have.status(200);cov_20zr5os5j().s[77]++;done();});",
              "err": {},
              "uuid": "429877be-b793-4db0-add2-644d2166eaf4",
              "parentUUID": "8db25426-7a79-4365-9efb-93f6e82a9481",
              "isHook": false,
              "skipped": false
            },
            {
              "title": "should not find deleted pet",
              "fullTitle": "Testing Pet API should not find deleted pet",
              "timedOut": false,
              "duration": 7,
              "state": "passed",
              "speed": "fast",
              "pass": true,
              "fail": false,
              "pending": false,
              "context": null,
              "code": "cov_20zr5os5j().f[25]++;cov_20zr5os5j().s[79]++;chai.request(url).get('/search/'+userId).set('Authorization','Bearer '+token).end(function(err,res){cov_20zr5os5j().f[26]++;cov_20zr5os5j().s[80]++;expect(res.header['authorization']).not.be.null;cov_20zr5os5j().s[81]++;expect(res).to.have.status(200);cov_20zr5os5j().s[82]++;expect(res.body).to.have.lengthOf(0);cov_20zr5os5j().s[83]++;done();});",
              "err": {},
              "uuid": "97efaf69-4469-4e75-b54e-37d04c1e501a",
              "parentUUID": "8db25426-7a79-4365-9efb-93f6e82a9481",
              "isHook": false,
              "skipped": false
            }
          ],
          "suites": [],
          "passes": [
            "f41a5f87-b9f5-444e-bd58-36a2acae01b1",
            "351263ba-3cc3-402b-ba54-c4530d944194",
            "902f69c6-19b2-4439-a4b2-c4e83f4b658e",
            "b7d477da-0682-44cb-8571-14d3e6ad13dd",
            "ca89ca58-9ff6-4565-bf00-8c7c98020e06",
            "93400481-f424-4b2f-8c05-ecaf002d9238",
            "d7722fa9-45e6-4120-bec4-02951e111780",
            "619844ff-90e2-4657-98b6-a65b630a86ba",
            "caf7295f-e655-4e44-b1da-cdb111b32d6d",
            "412a2d5f-d00f-4cc5-a5ef-c570479daf23",
            "429877be-b793-4db0-add2-644d2166eaf4",
            "97efaf69-4469-4e75-b54e-37d04c1e501a"
          ],
          "failures": [],
          "pending": [],
          "skipped": [],
          "duration": 109,
          "root": false,
          "rootEmpty": false,
          "_timeout": 2000
        },
        {
          "uuid": "00a246a1-12a2-47ce-bca0-df9201abd137",
          "title": "Testing User API",
          "fullFile": "C:\\Users\\arodr\\Documents\\AngularProjects\\tfm\\server\\test\\userTest.js",
          "file": "\\test\\userTest.js",
          "beforeHooks": [],
          "afterHooks": [],
          "tests": [
            {
              "title": "should save a new user",
              "fullTitle": "Testing User API should save a new user",
              "timedOut": false,
              "duration": 301,
              "state": "passed",
              "speed": "slow",
              "pass": true,
              "fail": false,
              "pending": false,
              "context": null,
              "code": "cov_3xsyozkk0().f[1]++;cov_3xsyozkk0().s[7]++;chai.request(url).post('/').send({username:'Celia',password:'celia',address:'new direction',description:'new description'}).end(function(err,res){cov_3xsyozkk0().f[2]++;cov_3xsyozkk0().s[8]++;expect(res).to.have.status(200);cov_3xsyozkk0().s[9]++;expect(res.body).to.have.property('id');cov_3xsyozkk0().s[10]++;id=res.body.id;cov_3xsyozkk0().s[11]++;done();});",
              "err": {},
              "uuid": "e3be17d2-cf13-4864-b03a-371f45715209",
              "parentUUID": "00a246a1-12a2-47ce-bca0-df9201abd137",
              "isHook": false,
              "skipped": false
            },
            {
              "title": "should find user for its name",
              "fullTitle": "Testing User API should find user for its name",
              "timedOut": false,
              "duration": 7,
              "state": "passed",
              "speed": "fast",
              "pass": true,
              "fail": false,
              "pending": false,
              "context": null,
              "code": "cov_3xsyozkk0().f[3]++;cov_3xsyozkk0().s[13]++;chai.request(url).get('/search/Celia').end(function(err,res){cov_3xsyozkk0().f[4]++;cov_3xsyozkk0().s[14]++;expect(res).to.have.status(200);cov_3xsyozkk0().s[15]++;expect(res.body).to.have.lengthOf(1);cov_3xsyozkk0().s[16]++;expect(res.body[0]).to.have.property('id').to.be.equal(id);cov_3xsyozkk0().s[17]++;done();});",
              "err": {},
              "uuid": "eab80488-ffdd-4490-9ae6-674a934fd1ce",
              "parentUUID": "00a246a1-12a2-47ce-bca0-df9201abd137",
              "isHook": false,
              "skipped": false
            },
            {
              "title": "should not find user for non-existing user name",
              "fullTitle": "Testing User API should not find user for non-existing user name",
              "timedOut": false,
              "duration": 6,
              "state": "passed",
              "speed": "fast",
              "pass": true,
              "fail": false,
              "pending": false,
              "context": null,
              "code": "cov_3xsyozkk0().f[5]++;cov_3xsyozkk0().s[19]++;chai.request(url).get('/search/Ce').end(function(err,res){cov_3xsyozkk0().f[6]++;cov_3xsyozkk0().s[20]++;expect(res).to.have.status(200);cov_3xsyozkk0().s[21]++;expect(res.body).to.have.lengthOf(0);cov_3xsyozkk0().s[22]++;done();});",
              "err": {},
              "uuid": "6155fba2-3333-4b23-9c32-b6e52a0b11ef",
              "parentUUID": "00a246a1-12a2-47ce-bca0-df9201abd137",
              "isHook": false,
              "skipped": false
            },
            {
              "title": "should find user and return login token",
              "fullTitle": "Testing User API should find user and return login token",
              "timedOut": false,
              "duration": 312,
              "state": "passed",
              "speed": "slow",
              "pass": true,
              "fail": false,
              "pending": false,
              "context": null,
              "code": "cov_3xsyozkk0().f[7]++;cov_3xsyozkk0().s[24]++;chai.request(url).post('/login').send({username:'Celia',password:'celia'}).end(function(err,res){cov_3xsyozkk0().f[8]++;cov_3xsyozkk0().s[25]++;expect(res).to.have.status(200);cov_3xsyozkk0().s[26]++;expect(res.body).to.have.property('token').not.be.null;cov_3xsyozkk0().s[27]++;token=res.body.token;cov_3xsyozkk0().s[28]++;done();});",
              "err": {},
              "uuid": "40402891-c04b-40c8-b1fd-061e3b8fe0f1",
              "parentUUID": "00a246a1-12a2-47ce-bca0-df9201abd137",
              "isHook": false,
              "skipped": false
            },
            {
              "title": "should not find user without token",
              "fullTitle": "Testing User API should not find user without token",
              "timedOut": false,
              "duration": 5,
              "state": "passed",
              "speed": "fast",
              "pass": true,
              "fail": false,
              "pending": false,
              "context": null,
              "code": "cov_3xsyozkk0().f[9]++;cov_3xsyozkk0().s[30]++;chai.request(url).get('/'+id).end(function(err,res){cov_3xsyozkk0().f[10]++;cov_3xsyozkk0().s[31]++;expect(res.header['authorization']).to.be.undefined;cov_3xsyozkk0().s[32]++;expect(res).to.have.status(403);cov_3xsyozkk0().s[33]++;done();});",
              "err": {},
              "uuid": "e788110f-7570-48a2-a841-7d382420d9e8",
              "parentUUID": "00a246a1-12a2-47ce-bca0-df9201abd137",
              "isHook": false,
              "skipped": false
            },
            {
              "title": "should find user for its ID",
              "fullTitle": "Testing User API should find user for its ID",
              "timedOut": false,
              "duration": 7,
              "state": "passed",
              "speed": "fast",
              "pass": true,
              "fail": false,
              "pending": false,
              "context": null,
              "code": "cov_3xsyozkk0().f[11]++;cov_3xsyozkk0().s[35]++;chai.request(url).get('/'+id).set('Authorization','Bearer '+token).end(function(err,res){cov_3xsyozkk0().f[12]++;cov_3xsyozkk0().s[36]++;expect(res.header['authorization']).not.be.null;cov_3xsyozkk0().s[37]++;expect(res).to.have.status(200);cov_3xsyozkk0().s[38]++;expect(res.body).to.have.lengthOf(1);cov_3xsyozkk0().s[39]++;expect(res.body[0]).to.have.property('id').to.be.equal(id);cov_3xsyozkk0().s[40]++;done();});",
              "err": {},
              "uuid": "a8321fad-07f9-4e2f-9fe6-06a5ce338a31",
              "parentUUID": "00a246a1-12a2-47ce-bca0-df9201abd137",
              "isHook": false,
              "skipped": false
            },
            {
              "title": "should not update user without token",
              "fullTitle": "Testing User API should not update user without token",
              "timedOut": false,
              "duration": 4,
              "state": "passed",
              "speed": "fast",
              "pass": true,
              "fail": false,
              "pending": false,
              "context": null,
              "code": "cov_3xsyozkk0().f[13]++;cov_3xsyozkk0().s[42]++;chai.request(url).put('/'+id).end(function(err,res){cov_3xsyozkk0().f[14]++;cov_3xsyozkk0().s[43]++;expect(res.header['authorization']).to.be.undefined;cov_3xsyozkk0().s[44]++;expect(res).to.have.status(403);cov_3xsyozkk0().s[45]++;done();});",
              "err": {},
              "uuid": "ffcbe1e2-7633-4610-9a92-319cdb7329a8",
              "parentUUID": "00a246a1-12a2-47ce-bca0-df9201abd137",
              "isHook": false,
              "skipped": false
            },
            {
              "title": "should not update user for non-existing ID",
              "fullTitle": "Testing User API should not update user for non-existing ID",
              "timedOut": false,
              "duration": 5,
              "state": "passed",
              "speed": "fast",
              "pass": true,
              "fail": false,
              "pending": false,
              "context": null,
              "code": "cov_3xsyozkk0().f[15]++;cov_3xsyozkk0().s[47]++;chai.request(url).put('/111').set('Authorization','Bearer '+token).send({address:'another address',description:'another description'}).end(function(err,res){cov_3xsyozkk0().f[16]++;cov_3xsyozkk0().s[48]++;expect(res.header['authorization']).not.be.null;cov_3xsyozkk0().s[49]++;expect(res).to.have.status(200);cov_3xsyozkk0().s[50]++;done();});",
              "err": {},
              "uuid": "dcc1ff9f-93a0-4c26-9e0d-fd9cad7fa2bc",
              "parentUUID": "00a246a1-12a2-47ce-bca0-df9201abd137",
              "isHook": false,
              "skipped": false
            },
            {
              "title": "Created user should not have changed",
              "fullTitle": "Testing User API Created user should not have changed",
              "timedOut": false,
              "duration": 7,
              "state": "passed",
              "speed": "fast",
              "pass": true,
              "fail": false,
              "pending": false,
              "context": null,
              "code": "cov_3xsyozkk0().f[17]++;cov_3xsyozkk0().s[52]++;chai.request(url).get('/'+id).set('Authorization','Bearer '+token).end(function(err,res){cov_3xsyozkk0().f[18]++;cov_3xsyozkk0().s[53]++;expect(res.header['authorization']).not.be.null;cov_3xsyozkk0().s[54]++;expect(res).to.have.status(200);cov_3xsyozkk0().s[55]++;expect(res.body).to.have.lengthOf(1);cov_3xsyozkk0().s[56]++;expect(res.body[0]).to.have.property('id').to.be.equal(id);cov_3xsyozkk0().s[57]++;expect(res.body[0]).to.have.property('address').not.to.be.equal('another address');cov_3xsyozkk0().s[58]++;expect(res.body[0]).to.have.property('description').not.to.be.equal('another description');cov_3xsyozkk0().s[59]++;done();});",
              "err": {},
              "uuid": "d6a6013d-d935-48b2-bfc0-48e26c797b08",
              "parentUUID": "00a246a1-12a2-47ce-bca0-df9201abd137",
              "isHook": false,
              "skipped": false
            },
            {
              "title": "should update user for its ID",
              "fullTitle": "Testing User API should update user for its ID",
              "timedOut": false,
              "duration": 29,
              "state": "passed",
              "speed": "fast",
              "pass": true,
              "fail": false,
              "pending": false,
              "context": null,
              "code": "cov_3xsyozkk0().f[19]++;cov_3xsyozkk0().s[61]++;chai.request(url).put('/'+id).set('Authorization','Bearer '+token).send({address:'updated address',description:'updated description'}).end(function(err,res){cov_3xsyozkk0().f[20]++;cov_3xsyozkk0().s[62]++;expect(res.header['authorization']).not.be.null;cov_3xsyozkk0().s[63]++;expect(res).to.have.status(200);cov_3xsyozkk0().s[64]++;done();});",
              "err": {},
              "uuid": "97ce4ba2-245d-4f60-bf40-7410d6d9d53e",
              "parentUUID": "00a246a1-12a2-47ce-bca0-df9201abd137",
              "isHook": false,
              "skipped": false
            },
            {
              "title": "should not delete user without token",
              "fullTitle": "Testing User API should not delete user without token",
              "timedOut": false,
              "duration": 8,
              "state": "passed",
              "speed": "fast",
              "pass": true,
              "fail": false,
              "pending": false,
              "context": null,
              "code": "cov_3xsyozkk0().f[21]++;cov_3xsyozkk0().s[66]++;chai.request(url).delete('/'+id).end(function(err,res){cov_3xsyozkk0().f[22]++;cov_3xsyozkk0().s[67]++;expect(res.header['authorization']).to.be.undefined;cov_3xsyozkk0().s[68]++;expect(res).to.have.status(403);cov_3xsyozkk0().s[69]++;done();});",
              "err": {},
              "uuid": "e12b3609-0c28-4f37-b6b7-5e39791f0449",
              "parentUUID": "00a246a1-12a2-47ce-bca0-df9201abd137",
              "isHook": false,
              "skipped": false
            },
            {
              "title": "should delete user for its ID",
              "fullTitle": "Testing User API should delete user for its ID",
              "timedOut": false,
              "duration": 7,
              "state": "passed",
              "speed": "fast",
              "pass": true,
              "fail": false,
              "pending": false,
              "context": null,
              "code": "cov_3xsyozkk0().f[23]++;cov_3xsyozkk0().s[71]++;chai.request(url).delete('/'+id).set('Authorization','Bearer '+token).end(function(err,res){cov_3xsyozkk0().f[24]++;cov_3xsyozkk0().s[72]++;expect(res.header['authorization']).not.be.null;cov_3xsyozkk0().s[73]++;expect(res).to.have.status(200);cov_3xsyozkk0().s[74]++;done();});",
              "err": {},
              "uuid": "04702911-1fca-454a-b90c-56cf2a0b04ef",
              "parentUUID": "00a246a1-12a2-47ce-bca0-df9201abd137",
              "isHook": false,
              "skipped": false
            },
            {
              "title": "should not find deleted user",
              "fullTitle": "Testing User API should not find deleted user",
              "timedOut": false,
              "duration": 9,
              "state": "passed",
              "speed": "fast",
              "pass": true,
              "fail": false,
              "pending": false,
              "context": null,
              "code": "cov_3xsyozkk0().f[25]++;cov_3xsyozkk0().s[76]++;chai.request(url).get('/'+id).set('Authorization','Bearer '+token).end(function(err,res){cov_3xsyozkk0().f[26]++;cov_3xsyozkk0().s[77]++;expect(res.header['authorization']).not.be.null;cov_3xsyozkk0().s[78]++;expect(res).to.have.status(200);cov_3xsyozkk0().s[79]++;expect(res.body).to.have.lengthOf(0);cov_3xsyozkk0().s[80]++;done();});",
              "err": {},
              "uuid": "690abb56-6d4c-4bac-872e-9b2a0bf47cd0",
              "parentUUID": "00a246a1-12a2-47ce-bca0-df9201abd137",
              "isHook": false,
              "skipped": false
            }
          ],
          "suites": [],
          "passes": [
            "e3be17d2-cf13-4864-b03a-371f45715209",
            "eab80488-ffdd-4490-9ae6-674a934fd1ce",
            "6155fba2-3333-4b23-9c32-b6e52a0b11ef",
            "40402891-c04b-40c8-b1fd-061e3b8fe0f1",
            "e788110f-7570-48a2-a841-7d382420d9e8",
            "a8321fad-07f9-4e2f-9fe6-06a5ce338a31",
            "ffcbe1e2-7633-4610-9a92-319cdb7329a8",
            "dcc1ff9f-93a0-4c26-9e0d-fd9cad7fa2bc",
            "d6a6013d-d935-48b2-bfc0-48e26c797b08",
            "97ce4ba2-245d-4f60-bf40-7410d6d9d53e",
            "e12b3609-0c28-4f37-b6b7-5e39791f0449",
            "04702911-1fca-454a-b90c-56cf2a0b04ef",
            "690abb56-6d4c-4bac-872e-9b2a0bf47cd0"
          ],
          "failures": [],
          "pending": [],
          "skipped": [],
          "duration": 707,
          "root": false,
          "rootEmpty": false,
          "_timeout": 2000
        }
      ],
      "passes": [],
      "failures": [],
      "pending": [],
      "skipped": [],
      "duration": 0,
      "root": true,
      "rootEmpty": true,
      "_timeout": 2000
    }
  ],
  "meta": {
    "mocha": {
      "version": "8.3.2"
    },
    "mochawesome": {
      "options": {
        "quiet": false,
        "reportFilename": "mochawesome",
        "saveHtml": true,
        "saveJson": true,
        "consoleReporter": "spec",
        "useInlineDiffs": false,
        "code": true
      },
      "version": "6.2.2"
    },
    "marge": {
      "options": null,
      "version": "5.2.0"
    }
  }
}