{
  "stats": {
    "suites": 2,
    "tests": 25,
    "passes": 25,
    "pending": 0,
    "failures": 0,
    "start": "2021-04-28T13:54:07.811Z",
    "end": "2021-04-28T13:54:09.091Z",
    "duration": 1280,
    "testsRegistered": 25,
    "passPercent": 100,
    "pendingPercent": 0,
    "other": 0,
    "hasOther": false,
    "skipped": 0,
    "hasSkipped": false
  },
  "results": [
    {
      "uuid": "b8fa21be-6ef8-441c-bfd7-9005bb843aee",
      "title": "",
      "fullFile": "",
      "file": "",
      "beforeHooks": [],
      "afterHooks": [],
      "tests": [],
      "suites": [
        {
          "uuid": "ffd007d4-1f0e-4fd4-af83-6f6684d1016e",
          "title": "Testing Pet API",
          "fullFile": "C:\\Users\\arodr\\Documents\\AngularProjects\\tfm\\server\\test\\petTest.js",
          "file": "\\test\\petTest.js",
          "beforeHooks": [
            {
              "title": "\"before all\" hook: Get session token and user id in \"Testing Pet API\"",
              "fullTitle": "Testing Pet API \"before all\" hook: Get session token and user id in \"Testing Pet API\"",
              "timedOut": false,
              "duration": 381,
              "state": null,
              "speed": null,
              "pass": false,
              "fail": false,
              "pending": false,
              "context": null,
              "code": "chai.request(urlUsers)\n    .post('/login')\n    .send({username: 'Alex', password: 'alex'})\n    .end(function (err, res){\n        expect(res).to.have.status(200);\n        expect(res.body).to.have.property('token').not.be.null;\n        token = res.body.token;\n        userId = res.body.id;\n        done();\n    });",
              "err": {},
              "uuid": "68d1ba8e-2161-42c5-a857-1a4f4674889f",
              "parentUUID": "ffd007d4-1f0e-4fd4-af83-6f6684d1016e",
              "isHook": true,
              "skipped": false
            }
          ],
          "afterHooks": [],
          "tests": [
            {
              "title": "should not create a new pet without token",
              "fullTitle": "Testing Pet API should not create a new pet without token",
              "timedOut": false,
              "duration": 9,
              "state": "passed",
              "speed": "fast",
              "pass": true,
              "fail": false,
              "pending": false,
              "context": null,
              "code": "chai.request(url)\n    .post('/')\n    .send({})\n    .end(function (err, res){\n        expect(res.header['authorization']).to.be.undefined;\n        expect(res).to.have.status(403);\n        done();\n    });",
              "err": {},
              "uuid": "2528cfaa-c9c5-454c-87a6-ce4f291af2d1",
              "parentUUID": "ffd007d4-1f0e-4fd4-af83-6f6684d1016e",
              "isHook": false,
              "skipped": false
            },
            {
              "title": "should create a new pet",
              "fullTitle": "Testing Pet API should create a new pet",
              "timedOut": false,
              "duration": 30,
              "state": "passed",
              "speed": "fast",
              "pass": true,
              "fail": false,
              "pending": false,
              "context": null,
              "code": "chai.request(url)\n    .post('/')\n    .set('Authorization', 'Bearer '  + token)\n    .send({name: 'Coco', breed: 'Boxer', weight: 15, age: 5, description: 'description', picture: '', user_Id: userId})\n    .end(function (err, res){\n        expect(res.header['authorization']).not.be.null;\n        expect(res).to.have.status(200);\n        expect(res.body).to.have.property('id');\n        id = res.body.id;\n        done();\n    });",
              "err": {},
              "uuid": "2e6c7d4a-0dbf-4e43-ab33-05039b91a5e3",
              "parentUUID": "ffd007d4-1f0e-4fd4-af83-6f6684d1016e",
              "isHook": false,
              "skipped": false
            },
            {
              "title": "should not find pet without token",
              "fullTitle": "Testing Pet API should not find pet without token",
              "timedOut": false,
              "duration": 10,
              "state": "passed",
              "speed": "fast",
              "pass": true,
              "fail": false,
              "pending": false,
              "context": null,
              "code": "chai.request(url)\n    .get('/search/' + userId)\n    .end(function (err, res){\n        expect(res.header['authorization']).to.be.undefined;\n        expect(res).to.have.status(403);\n        done();\n    });",
              "err": {},
              "uuid": "4b0a5e45-599f-49ab-a777-1d21f42d8614",
              "parentUUID": "ffd007d4-1f0e-4fd4-af83-6f6684d1016e",
              "isHook": false,
              "skipped": false
            },
            {
              "title": "should not find pet for non-existing user id",
              "fullTitle": "Testing Pet API should not find pet for non-existing user id",
              "timedOut": false,
              "duration": 11,
              "state": "passed",
              "speed": "fast",
              "pass": true,
              "fail": false,
              "pending": false,
              "context": null,
              "code": "chai.request(url)\n    .get('/search/111')\n    .set('Authorization', 'Bearer '  + token)\n    .end(function (err, res){\n        expect(res.header['authorization']).not.be.null;\n        expect(res).to.have.status(200);\n        expect(res.body).to.have.lengthOf(0);\n        done();\n    });",
              "err": {},
              "uuid": "225b54a0-7f4d-45aa-8285-e8721bad9eab",
              "parentUUID": "ffd007d4-1f0e-4fd4-af83-6f6684d1016e",
              "isHook": false,
              "skipped": false
            },
            {
              "title": "should find pet for its user id",
              "fullTitle": "Testing Pet API should find pet for its user id",
              "timedOut": false,
              "duration": 9,
              "state": "passed",
              "speed": "fast",
              "pass": true,
              "fail": false,
              "pending": false,
              "context": null,
              "code": "chai.request(url)\n    .get('/search/' + userId)\n    .set('Authorization', 'Bearer '  + token)\n    .end(function (err, res){\n        expect(res.header['authorization']).not.be.null;\n        expect(res).to.have.status(200);\n        expect(res.body).to.have.lengthOf(1);\n        expect(res.body[0]).to.have.property('id').to.be.equal(id);\n        done();\n    });",
              "err": {},
              "uuid": "b930fa2b-898c-4ff7-b962-db490681eb4c",
              "parentUUID": "ffd007d4-1f0e-4fd4-af83-6f6684d1016e",
              "isHook": false,
              "skipped": false
            },
            {
              "title": "should not update pet without token",
              "fullTitle": "Testing Pet API should not update pet without token",
              "timedOut": false,
              "duration": 8,
              "state": "passed",
              "speed": "fast",
              "pass": true,
              "fail": false,
              "pending": false,
              "context": null,
              "code": "chai.request(url)\n    .put('/' + id)\n    .end(function (err, res){\n        expect(res.header['authorization']).to.be.undefined;\n        expect(res).to.have.status(403);\n        done();\n    });",
              "err": {},
              "uuid": "af6be3f1-0c50-4055-a1b9-ed542d439066",
              "parentUUID": "ffd007d4-1f0e-4fd4-af83-6f6684d1016e",
              "isHook": false,
              "skipped": false
            },
            {
              "title": "should not update pet for non-existing ID",
              "fullTitle": "Testing Pet API should not update pet for non-existing ID",
              "timedOut": false,
              "duration": 9,
              "state": "passed",
              "speed": "fast",
              "pass": true,
              "fail": false,
              "pending": false,
              "context": null,
              "code": "chai.request(url)\n    .put('/111')\n    .set('Authorization', 'Bearer '  + token)\n    .send({name: 'another name', breed: 'another breed'})\n    .end(function (err, res){\n        expect(res.header['authorization']).not.be.null;\n        expect(res).to.have.status(200);\n        done();\n    });",
              "err": {},
              "uuid": "ac887231-3d4b-42cb-af19-f088109c0231",
              "parentUUID": "ffd007d4-1f0e-4fd4-af83-6f6684d1016e",
              "isHook": false,
              "skipped": false
            },
            {
              "title": "Created pet should not have changed",
              "fullTitle": "Testing Pet API Created pet should not have changed",
              "timedOut": false,
              "duration": 8,
              "state": "passed",
              "speed": "fast",
              "pass": true,
              "fail": false,
              "pending": false,
              "context": null,
              "code": "chai.request(url)\n    .get('/search/' + userId)\n    .set('Authorization', 'Bearer '  + token)\n    .end(function (err, res){\n        expect(res.header['authorization']).not.be.null;\n        expect(res).to.have.status(200);\n        expect(res.body).to.have.lengthOf(1);\n        expect(res.body[0]).to.have.property('id').to.be.equal(id);\n        expect(res.body[0]).to.have.property('name').not.to.be.equal('another name');\n        expect(res.body[0]).to.have.property('breed').not.to.be.equal('another breed');\n        done();\n    });",
              "err": {},
              "uuid": "919d2c40-b614-44c4-913d-34e41e5c656f",
              "parentUUID": "ffd007d4-1f0e-4fd4-af83-6f6684d1016e",
              "isHook": false,
              "skipped": false
            },
            {
              "title": "should update pet for its ID",
              "fullTitle": "Testing Pet API should update pet for its ID",
              "timedOut": false,
              "duration": 9,
              "state": "passed",
              "speed": "fast",
              "pass": true,
              "fail": false,
              "pending": false,
              "context": null,
              "code": "chai.request(url)\n    .put('/' + id)\n    .set('Authorization', 'Bearer '  + token)\n    .send({name: 'updated name', breed: 'new breed'})\n    .end(function (err, res){\n        expect(res.header['authorization']).not.be.null;\n        expect(res).to.have.status(200);\n        done();\n    });",
              "err": {},
              "uuid": "177ea7fd-4b78-46e5-884e-6dea7c20875e",
              "parentUUID": "ffd007d4-1f0e-4fd4-af83-6f6684d1016e",
              "isHook": false,
              "skipped": false
            },
            {
              "title": "should not delete pet without token",
              "fullTitle": "Testing Pet API should not delete pet without token",
              "timedOut": false,
              "duration": 4,
              "state": "passed",
              "speed": "fast",
              "pass": true,
              "fail": false,
              "pending": false,
              "context": null,
              "code": "chai.request(url)\n    .delete('/' + id)\n    .end(function (err, res){\n        expect(res.header['authorization']).to.be.undefined;\n        expect(res).to.have.status(403);\n        done();\n    });",
              "err": {},
              "uuid": "1c74268c-bb87-465b-8adf-7b07dbc66300",
              "parentUUID": "ffd007d4-1f0e-4fd4-af83-6f6684d1016e",
              "isHook": false,
              "skipped": false
            },
            {
              "title": "should delete pet for its ID",
              "fullTitle": "Testing Pet API should delete pet for its ID",
              "timedOut": false,
              "duration": 9,
              "state": "passed",
              "speed": "fast",
              "pass": true,
              "fail": false,
              "pending": false,
              "context": null,
              "code": "chai.request(url)\n    .delete('/' + id)\n    .set('Authorization', 'Bearer '  + token)\n    .end(function (err, res){\n        expect(res.header['authorization']).not.be.null;\n        expect(res).to.have.status(200);\n        done();\n    });",
              "err": {},
              "uuid": "82870a12-9404-4cdf-a2cd-ce1fbd1b104c",
              "parentUUID": "ffd007d4-1f0e-4fd4-af83-6f6684d1016e",
              "isHook": false,
              "skipped": false
            },
            {
              "title": "should not find deleted oet",
              "fullTitle": "Testing Pet API should not find deleted oet",
              "timedOut": false,
              "duration": 8,
              "state": "passed",
              "speed": "fast",
              "pass": true,
              "fail": false,
              "pending": false,
              "context": null,
              "code": "chai.request(url)\n    .get('/search/' + userId)\n    .set('Authorization', 'Bearer '  + token)\n    .end(function (err, res){\n        expect(res.header['authorization']).not.be.null;\n        expect(res).to.have.status(200);\n        expect(res.body).to.have.lengthOf(0);\n        done();\n    });",
              "err": {},
              "uuid": "94f55fc6-9f8f-4d33-bdec-f4275f97fd46",
              "parentUUID": "ffd007d4-1f0e-4fd4-af83-6f6684d1016e",
              "isHook": false,
              "skipped": false
            }
          ],
          "suites": [],
          "passes": [
            "2528cfaa-c9c5-454c-87a6-ce4f291af2d1",
            "2e6c7d4a-0dbf-4e43-ab33-05039b91a5e3",
            "4b0a5e45-599f-49ab-a777-1d21f42d8614",
            "225b54a0-7f4d-45aa-8285-e8721bad9eab",
            "b930fa2b-898c-4ff7-b962-db490681eb4c",
            "af6be3f1-0c50-4055-a1b9-ed542d439066",
            "ac887231-3d4b-42cb-af19-f088109c0231",
            "919d2c40-b614-44c4-913d-34e41e5c656f",
            "177ea7fd-4b78-46e5-884e-6dea7c20875e",
            "1c74268c-bb87-465b-8adf-7b07dbc66300",
            "82870a12-9404-4cdf-a2cd-ce1fbd1b104c",
            "94f55fc6-9f8f-4d33-bdec-f4275f97fd46"
          ],
          "failures": [],
          "pending": [],
          "skipped": [],
          "duration": 124,
          "root": false,
          "rootEmpty": false,
          "_timeout": 2000
        },
        {
          "uuid": "028a5544-fa1a-410c-93fb-3dfb34c10c44",
          "title": "Testing User API",
          "fullFile": "C:\\Users\\arodr\\Documents\\AngularProjects\\tfm\\server\\test\\userTest.js",
          "file": "\\test\\userTest.js",
          "beforeHooks": [],
          "afterHooks": [],
          "tests": [
            {
              "title": "should save a new user",
              "fullTitle": "Testing User API should save a new user",
              "timedOut": false,
              "duration": 319,
              "state": "passed",
              "speed": "slow",
              "pass": true,
              "fail": false,
              "pending": false,
              "context": null,
              "code": "chai.request(url)\n    .post('/')\n    .send({username: 'Celia', password: 'celia', address: 'new direction', description: 'new description'})\n    .end(function (err, res){\n        expect(res).to.have.status(200);\n        expect(res.body).to.have.property('id');\n        id = res.body.id;\n        done();\n    });",
              "err": {},
              "uuid": "aa64a7f7-d881-4bea-8557-4d20ebfb4fb8",
              "parentUUID": "028a5544-fa1a-410c-93fb-3dfb34c10c44",
              "isHook": false,
              "skipped": false
            },
            {
              "title": "should find user for its name",
              "fullTitle": "Testing User API should find user for its name",
              "timedOut": false,
              "duration": 8,
              "state": "passed",
              "speed": "fast",
              "pass": true,
              "fail": false,
              "pending": false,
              "context": null,
              "code": "chai.request(url)\n    .get('/search/Celia')\n    .end(function (err, res){\n        expect(res).to.have.status(200);\n        expect(res.body).to.have.lengthOf(1);\n        expect(res.body[0]).to.have.property('id').to.be.equal(id);\n        done();\n    });",
              "err": {},
              "uuid": "8cd5648d-9ba5-47b0-9e29-e2f73abb9288",
              "parentUUID": "028a5544-fa1a-410c-93fb-3dfb34c10c44",
              "isHook": false,
              "skipped": false
            },
            {
              "title": "should not find user for non-existing user name",
              "fullTitle": "Testing User API should not find user for non-existing user name",
              "timedOut": false,
              "duration": 6,
              "state": "passed",
              "speed": "fast",
              "pass": true,
              "fail": false,
              "pending": false,
              "context": null,
              "code": "chai.request(url)\n    .get('/search/Ce')\n    .end(function (err, res){\n        expect(res).to.have.status(200);\n        expect(res.body).to.have.lengthOf(0);\n        done();\n    });",
              "err": {},
              "uuid": "d2b2e4eb-0d61-4dde-9a99-a28441fac2b2",
              "parentUUID": "028a5544-fa1a-410c-93fb-3dfb34c10c44",
              "isHook": false,
              "skipped": false
            },
            {
              "title": "should find user and return login token",
              "fullTitle": "Testing User API should find user and return login token",
              "timedOut": false,
              "duration": 314,
              "state": "passed",
              "speed": "slow",
              "pass": true,
              "fail": false,
              "pending": false,
              "context": null,
              "code": "chai.request(url)\n    .post('/login')\n    .send({username: 'Celia', password: 'celia'})\n    .end(function (err, res){\n        expect(res).to.have.status(200);\n        expect(res.body).to.have.property('token').not.be.null;\n        token = res.body.token;\n        done();\n    });",
              "err": {},
              "uuid": "e1e213eb-0da6-40c8-a9bf-5ebb09e75f63",
              "parentUUID": "028a5544-fa1a-410c-93fb-3dfb34c10c44",
              "isHook": false,
              "skipped": false
            },
            {
              "title": "should not find user without token",
              "fullTitle": "Testing User API should not find user without token",
              "timedOut": false,
              "duration": 6,
              "state": "passed",
              "speed": "fast",
              "pass": true,
              "fail": false,
              "pending": false,
              "context": null,
              "code": "chai.request(url)\n    .get('/' + id)\n    .end(function (err, res){\n        expect(res.header['authorization']).to.be.undefined;\n        expect(res).to.have.status(403);\n        done();\n    });",
              "err": {},
              "uuid": "5ba31f98-b011-4daf-9662-241c00129a6b",
              "parentUUID": "028a5544-fa1a-410c-93fb-3dfb34c10c44",
              "isHook": false,
              "skipped": false
            },
            {
              "title": "should find user for its ID",
              "fullTitle": "Testing User API should find user for its ID",
              "timedOut": false,
              "duration": 8,
              "state": "passed",
              "speed": "fast",
              "pass": true,
              "fail": false,
              "pending": false,
              "context": null,
              "code": "chai.request(url)\n    .get('/' + id)\n    .set('Authorization', 'Bearer '  + token)\n    .end(function (err, res){\n        expect(res.header['authorization']).not.be.null;\n        expect(res).to.have.status(200);\n        expect(res.body).to.have.lengthOf(1);\n        expect(res.body[0]).to.have.property('id').to.be.equal(id);\n        done();\n    });",
              "err": {},
              "uuid": "277c0ac2-9f5c-464b-a74b-3f6decc7059f",
              "parentUUID": "028a5544-fa1a-410c-93fb-3dfb34c10c44",
              "isHook": false,
              "skipped": false
            },
            {
              "title": "should not update user without token",
              "fullTitle": "Testing User API should not update user without token",
              "timedOut": false,
              "duration": 5,
              "state": "passed",
              "speed": "fast",
              "pass": true,
              "fail": false,
              "pending": false,
              "context": null,
              "code": "chai.request(url)\n    .put('/' + id)\n    .end(function (err, res){\n        expect(res.header['authorization']).to.be.undefined;\n        expect(res).to.have.status(403);\n        done();\n    });",
              "err": {},
              "uuid": "3a13219e-5866-40cc-a3ca-5c0d40f36f8b",
              "parentUUID": "028a5544-fa1a-410c-93fb-3dfb34c10c44",
              "isHook": false,
              "skipped": false
            },
            {
              "title": "should not update user for non-existing ID",
              "fullTitle": "Testing User API should not update user for non-existing ID",
              "timedOut": false,
              "duration": 7,
              "state": "passed",
              "speed": "fast",
              "pass": true,
              "fail": false,
              "pending": false,
              "context": null,
              "code": "chai.request(url)\n    .put('/111')\n    .set('Authorization', 'Bearer '  + token)\n    .send({address: 'another address', description: 'another description'})\n    .end(function (err, res){\n        expect(res.header['authorization']).not.be.null;\n        expect(res).to.have.status(200);\n        done();\n    });",
              "err": {},
              "uuid": "ad8d3b03-e048-466c-8c22-4f805d65b125",
              "parentUUID": "028a5544-fa1a-410c-93fb-3dfb34c10c44",
              "isHook": false,
              "skipped": false
            },
            {
              "title": "Created user should not have changed",
              "fullTitle": "Testing User API Created user should not have changed",
              "timedOut": false,
              "duration": 9,
              "state": "passed",
              "speed": "fast",
              "pass": true,
              "fail": false,
              "pending": false,
              "context": null,
              "code": "chai.request(url)\n    .get('/' + id)\n    .set('Authorization', 'Bearer '  + token)\n    .end(function (err, res){\n        expect(res.header['authorization']).not.be.null;\n        expect(res).to.have.status(200);\n        expect(res.body).to.have.lengthOf(1);\n        expect(res.body[0]).to.have.property('id').to.be.equal(id);\n        expect(res.body[0]).to.have.property('address').not.to.be.equal('another address');\n        expect(res.body[0]).to.have.property('description').not.to.be.equal('another description');\n        done();\n    });",
              "err": {},
              "uuid": "0f1cd4ac-c1aa-4a01-a156-6fdea290d486",
              "parentUUID": "028a5544-fa1a-410c-93fb-3dfb34c10c44",
              "isHook": false,
              "skipped": false
            },
            {
              "title": "should update user for its ID",
              "fullTitle": "Testing User API should update user for its ID",
              "timedOut": false,
              "duration": 29,
              "state": "passed",
              "speed": "fast",
              "pass": true,
              "fail": false,
              "pending": false,
              "context": null,
              "code": "chai.request(url)\n    .put('/' + id)\n    .set('Authorization', 'Bearer '  + token)\n    .send({address: 'updated address', description: 'updated description'})\n    .end(function (err, res){\n        expect(res.header['authorization']).not.be.null;\n        expect(res).to.have.status(200);\n        done();\n    });",
              "err": {},
              "uuid": "cc115db9-fe6a-48e0-9c23-aa257b489bc8",
              "parentUUID": "028a5544-fa1a-410c-93fb-3dfb34c10c44",
              "isHook": false,
              "skipped": false
            },
            {
              "title": "should not delete user without token",
              "fullTitle": "Testing User API should not delete user without token",
              "timedOut": false,
              "duration": 6,
              "state": "passed",
              "speed": "fast",
              "pass": true,
              "fail": false,
              "pending": false,
              "context": null,
              "code": "chai.request(url)\n    .delete('/' + id)\n    .end(function (err, res){\n        expect(res.header['authorization']).to.be.undefined;\n        expect(res).to.have.status(403);\n        done();\n    });",
              "err": {},
              "uuid": "2e6d28cb-862c-4cc3-872c-d441e6a86aa2",
              "parentUUID": "028a5544-fa1a-410c-93fb-3dfb34c10c44",
              "isHook": false,
              "skipped": false
            },
            {
              "title": "should delete user for its ID",
              "fullTitle": "Testing User API should delete user for its ID",
              "timedOut": false,
              "duration": 11,
              "state": "passed",
              "speed": "fast",
              "pass": true,
              "fail": false,
              "pending": false,
              "context": null,
              "code": "chai.request(url)\n    .delete('/' + id)\n    .set('Authorization', 'Bearer '  + token)\n    .end(function (err, res){\n        expect(res.header['authorization']).not.be.null;\n        expect(res).to.have.status(200);\n        done();\n    });",
              "err": {},
              "uuid": "10b630be-8c21-4727-9736-1d6f4b0c772e",
              "parentUUID": "028a5544-fa1a-410c-93fb-3dfb34c10c44",
              "isHook": false,
              "skipped": false
            },
            {
              "title": "should not find deleted user",
              "fullTitle": "Testing User API should not find deleted user",
              "timedOut": false,
              "duration": 10,
              "state": "passed",
              "speed": "fast",
              "pass": true,
              "fail": false,
              "pending": false,
              "context": null,
              "code": "chai.request(url)\n    .get('/' + id)\n    .set('Authorization', 'Bearer '  + token)\n    .end(function (err, res){\n        expect(res.header['authorization']).not.be.null;\n        expect(res).to.have.status(200);\n        expect(res.body).to.have.lengthOf(0);\n        done();\n    });",
              "err": {},
              "uuid": "adbf20ed-5878-4d4d-a4a1-614bac6b0122",
              "parentUUID": "028a5544-fa1a-410c-93fb-3dfb34c10c44",
              "isHook": false,
              "skipped": false
            }
          ],
          "suites": [],
          "passes": [
            "aa64a7f7-d881-4bea-8557-4d20ebfb4fb8",
            "8cd5648d-9ba5-47b0-9e29-e2f73abb9288",
            "d2b2e4eb-0d61-4dde-9a99-a28441fac2b2",
            "e1e213eb-0da6-40c8-a9bf-5ebb09e75f63",
            "5ba31f98-b011-4daf-9662-241c00129a6b",
            "277c0ac2-9f5c-464b-a74b-3f6decc7059f",
            "3a13219e-5866-40cc-a3ca-5c0d40f36f8b",
            "ad8d3b03-e048-466c-8c22-4f805d65b125",
            "0f1cd4ac-c1aa-4a01-a156-6fdea290d486",
            "cc115db9-fe6a-48e0-9c23-aa257b489bc8",
            "2e6d28cb-862c-4cc3-872c-d441e6a86aa2",
            "10b630be-8c21-4727-9736-1d6f4b0c772e",
            "adbf20ed-5878-4d4d-a4a1-614bac6b0122"
          ],
          "failures": [],
          "pending": [],
          "skipped": [],
          "duration": 738,
          "root": false,
          "rootEmpty": false,
          "_timeout": 2000
        }
      ],
      "passes": [],
      "failures": [],
      "pending": [],
      "skipped": [],
      "duration": 0,
      "root": true,
      "rootEmpty": true,
      "_timeout": 2000
    }
  ],
  "meta": {
    "mocha": {
      "version": "8.3.2"
    },
    "mochawesome": {
      "options": {
        "quiet": false,
        "reportFilename": "mochawesome",
        "saveHtml": true,
        "saveJson": true,
        "consoleReporter": "spec",
        "useInlineDiffs": false,
        "code": true
      },
      "version": "6.2.2"
    },
    "marge": {
      "options": null,
      "version": "5.2.0"
    }
  }
}