{"C:\\Users\\arodr\\Documents\\AngularProjects\\tfm\\server\\controllers\\add.controller.js":{"path":"C:\\Users\\arodr\\Documents\\AngularProjects\\tfm\\server\\controllers\\add.controller.js","statementMap":{"0":{"start":{"line":1,"column":22},"end":{"line":1,"column":24}},"1":{"start":{"line":2,"column":11},"end":{"line":2,"column":33}},"2":{"start":{"line":4,"column":0},"end":{"line":19,"column":1}},"3":{"start":{"line":5,"column":16},"end":{"line":5,"column":24}},"4":{"start":{"line":6,"column":24},"end":{"line":6,"column":76}},"5":{"start":{"line":7,"column":4},"end":{"line":18,"column":6}},"6":{"start":{"line":8,"column":8},"end":{"line":8,"column":27}},"7":{"start":{"line":8,"column":17},"end":{"line":8,"column":27}},"8":{"start":{"line":9,"column":8},"end":{"line":17,"column":9}},"9":{"start":{"line":10,"column":12},"end":{"line":10,"column":77}},"10":{"start":{"line":12,"column":26},"end":{"line":12,"column":50}},"11":{"start":{"line":13,"column":12},"end":{"line":16,"column":14}},"12":{"start":{"line":14,"column":16},"end":{"line":14,"column":39}},"13":{"start":{"line":14,"column":27},"end":{"line":14,"column":39}},"14":{"start":{"line":15,"column":16},"end":{"line":15,"column":106}},"15":{"start":{"line":20,"column":0},"end":{"line":35,"column":1}},"16":{"start":{"line":21,"column":16},"end":{"line":21,"column":24}},"17":{"start":{"line":22,"column":24},"end":{"line":22,"column":80}},"18":{"start":{"line":23,"column":4},"end":{"line":34,"column":6}},"19":{"start":{"line":24,"column":8},"end":{"line":24,"column":27}},"20":{"start":{"line":24,"column":17},"end":{"line":24,"column":27}},"21":{"start":{"line":25,"column":8},"end":{"line":33,"column":9}},"22":{"start":{"line":26,"column":12},"end":{"line":26,"column":77}},"23":{"start":{"line":28,"column":32},"end":{"line":28,"column":56}},"24":{"start":{"line":29,"column":12},"end":{"line":32,"column":14}},"25":{"start":{"line":30,"column":16},"end":{"line":30,"column":39}},"26":{"start":{"line":30,"column":27},"end":{"line":30,"column":39}},"27":{"start":{"line":31,"column":16},"end":{"line":31,"column":106}},"28":{"start":{"line":37,"column":0},"end":{"line":51,"column":1}},"29":{"start":{"line":38,"column":17},"end":{"line":38,"column":31}},"30":{"start":{"line":39,"column":19},"end":{"line":39,"column":35}},"31":{"start":{"line":41,"column":4},"end":{"line":42,"column":74}},"32":{"start":{"line":41,"column":21},"end":{"line":41,"column":90}},"33":{"start":{"line":42,"column":9},"end":{"line":42,"column":74}},"34":{"start":{"line":43,"column":4},"end":{"line":50,"column":6}},"35":{"start":{"line":44,"column":8},"end":{"line":44,"column":27}},"36":{"start":{"line":44,"column":17},"end":{"line":44,"column":27}},"37":{"start":{"line":45,"column":8},"end":{"line":49,"column":9}},"38":{"start":{"line":46,"column":12},"end":{"line":46,"column":75}},"39":{"start":{"line":48,"column":12},"end":{"line":48,"column":39}},"40":{"start":{"line":53,"column":0},"end":{"line":60,"column":1}},"41":{"start":{"line":54,"column":19},"end":{"line":54,"column":36}},"42":{"start":{"line":55,"column":18},"end":{"line":55,"column":55}},"43":{"start":{"line":56,"column":4},"end":{"line":59,"column":7}},"44":{"start":{"line":57,"column":8},"end":{"line":57,"column":27}},"45":{"start":{"line":57,"column":17},"end":{"line":57,"column":27}},"46":{"start":{"line":58,"column":8},"end":{"line":58,"column":35}},"47":{"start":{"line":62,"column":0},"end":{"line":69,"column":1}},"48":{"start":{"line":63,"column":15},"end":{"line":63,"column":28}},"49":{"start":{"line":64,"column":18},"end":{"line":64,"column":49}},"50":{"start":{"line":65,"column":4},"end":{"line":68,"column":7}},"51":{"start":{"line":66,"column":8},"end":{"line":66,"column":27}},"52":{"start":{"line":66,"column":17},"end":{"line":66,"column":27}},"53":{"start":{"line":67,"column":8},"end":{"line":67,"column":31}},"54":{"start":{"line":71,"column":0},"end":{"line":71,"column":31}}},"fnMap":{"0":{"name":"(anonymous_0)","decl":{"start":{"line":4,"column":29},"end":{"line":4,"column":30}},"loc":{"start":{"line":4,"column":43},"end":{"line":19,"column":1}},"line":4},"1":{"name":"(anonymous_1)","decl":{"start":{"line":7,"column":51},"end":{"line":7,"column":52}},"loc":{"start":{"line":7,"column":71},"end":{"line":18,"column":5}},"line":7},"2":{"name":"(anonymous_2)","decl":{"start":{"line":13,"column":33},"end":{"line":13,"column":34}},"loc":{"start":{"line":13,"column":56},"end":{"line":16,"column":13}},"line":13},"3":{"name":"(anonymous_3)","decl":{"start":{"line":20,"column":30},"end":{"line":20,"column":31}},"loc":{"start":{"line":20,"column":44},"end":{"line":35,"column":1}},"line":20},"4":{"name":"(anonymous_4)","decl":{"start":{"line":23,"column":40},"end":{"line":23,"column":41}},"loc":{"start":{"line":23,"column":60},"end":{"line":34,"column":5}},"line":23},"5":{"name":"(anonymous_5)","decl":{"start":{"line":29,"column":39},"end":{"line":29,"column":40}},"loc":{"start":{"line":29,"column":62},"end":{"line":32,"column":13}},"line":29},"6":{"name":"(anonymous_6)","decl":{"start":{"line":37,"column":27},"end":{"line":37,"column":28}},"loc":{"start":{"line":37,"column":41},"end":{"line":51,"column":1}},"line":37},"7":{"name":"(anonymous_7)","decl":{"start":{"line":43,"column":30},"end":{"line":43,"column":31}},"loc":{"start":{"line":43,"column":51},"end":{"line":50,"column":5}},"line":43},"8":{"name":"(anonymous_8)","decl":{"start":{"line":53,"column":29},"end":{"line":53,"column":30}},"loc":{"start":{"line":53,"column":43},"end":{"line":60,"column":1}},"line":53},"9":{"name":"(anonymous_9)","decl":{"start":{"line":56,"column":30},"end":{"line":56,"column":31}},"loc":{"start":{"line":56,"column":51},"end":{"line":59,"column":5}},"line":56},"10":{"name":"(anonymous_10)","decl":{"start":{"line":62,"column":23},"end":{"line":62,"column":24}},"loc":{"start":{"line":62,"column":37},"end":{"line":69,"column":1}},"line":62},"11":{"name":"(anonymous_11)","decl":{"start":{"line":65,"column":26},"end":{"line":65,"column":27}},"loc":{"start":{"line":65,"column":46},"end":{"line":68,"column":5}},"line":65}},"branchMap":{"0":{"loc":{"start":{"line":8,"column":8},"end":{"line":8,"column":27}},"type":"if","locations":[{"start":{"line":8,"column":8},"end":{"line":8,"column":27}},{"start":{"line":8,"column":8},"end":{"line":8,"column":27}}],"line":8},"1":{"loc":{"start":{"line":9,"column":8},"end":{"line":17,"column":9}},"type":"if","locations":[{"start":{"line":9,"column":8},"end":{"line":17,"column":9}},{"start":{"line":9,"column":8},"end":{"line":17,"column":9}}],"line":9},"2":{"loc":{"start":{"line":14,"column":16},"end":{"line":14,"column":39}},"type":"if","locations":[{"start":{"line":14,"column":16},"end":{"line":14,"column":39}},{"start":{"line":14,"column":16},"end":{"line":14,"column":39}}],"line":14},"3":{"loc":{"start":{"line":24,"column":8},"end":{"line":24,"column":27}},"type":"if","locations":[{"start":{"line":24,"column":8},"end":{"line":24,"column":27}},{"start":{"line":24,"column":8},"end":{"line":24,"column":27}}],"line":24},"4":{"loc":{"start":{"line":25,"column":8},"end":{"line":33,"column":9}},"type":"if","locations":[{"start":{"line":25,"column":8},"end":{"line":33,"column":9}},{"start":{"line":25,"column":8},"end":{"line":33,"column":9}}],"line":25},"5":{"loc":{"start":{"line":30,"column":16},"end":{"line":30,"column":39}},"type":"if","locations":[{"start":{"line":30,"column":16},"end":{"line":30,"column":39}},{"start":{"line":30,"column":16},"end":{"line":30,"column":39}}],"line":30},"6":{"loc":{"start":{"line":41,"column":4},"end":{"line":42,"column":74}},"type":"if","locations":[{"start":{"line":41,"column":4},"end":{"line":42,"column":74}},{"start":{"line":41,"column":4},"end":{"line":42,"column":74}}],"line":41},"7":{"loc":{"start":{"line":44,"column":8},"end":{"line":44,"column":27}},"type":"if","locations":[{"start":{"line":44,"column":8},"end":{"line":44,"column":27}},{"start":{"line":44,"column":8},"end":{"line":44,"column":27}}],"line":44},"8":{"loc":{"start":{"line":45,"column":8},"end":{"line":49,"column":9}},"type":"if","locations":[{"start":{"line":45,"column":8},"end":{"line":49,"column":9}},{"start":{"line":45,"column":8},"end":{"line":49,"column":9}}],"line":45},"9":{"loc":{"start":{"line":57,"column":8},"end":{"line":57,"column":27}},"type":"if","locations":[{"start":{"line":57,"column":8},"end":{"line":57,"column":27}},{"start":{"line":57,"column":8},"end":{"line":57,"column":27}}],"line":57},"10":{"loc":{"start":{"line":66,"column":8},"end":{"line":66,"column":27}},"type":"if","locations":[{"start":{"line":66,"column":8},"end":{"line":66,"column":27}},{"start":{"line":66,"column":8},"end":{"line":66,"column":27}}],"line":66}},"s":{"0":0,"1":0,"2":0,"3":0,"4":0,"5":0,"6":0,"7":0,"8":0,"9":0,"10":0,"11":0,"12":0,"13":0,"14":0,"15":0,"16":0,"17":0,"18":0,"19":0,"20":0,"21":0,"22":0,"23":0,"24":0,"25":0,"26":0,"27":0,"28":0,"29":0,"30":0,"31":0,"32":0,"33":0,"34":0,"35":0,"36":0,"37":0,"38":0,"39":0,"40":0,"41":0,"42":0,"43":0,"44":0,"45":0,"46":0,"47":0,"48":0,"49":0,"50":0,"51":0,"52":0,"53":0,"54":0},"f":{"0":0,"1":0,"2":0,"3":0,"4":0,"5":0,"6":0,"7":0,"8":0,"9":0,"10":0,"11":0},"b":{"0":[0,0],"1":[0,0],"2":[0,0],"3":[0,0],"4":[0,0],"5":[0,0],"6":[0,0],"7":[0,0],"8":[0,0],"9":[0,0],"10":[0,0]},"all":true},"C:\\Users\\arodr\\Documents\\AngularProjects\\tfm\\server\\controllers\\comunication.controller.js":{"path":"C:\\Users\\arodr\\Documents\\AngularProjects\\tfm\\server\\controllers\\comunication.controller.js","statementMap":{"0":{"start":{"line":1,"column":31},"end":{"line":1,"column":33}},"1":{"start":{"line":2,"column":11},"end":{"line":2,"column":33}},"2":{"start":{"line":4,"column":0},"end":{"line":13,"column":1}},"3":{"start":{"line":5,"column":20},"end":{"line":5,"column":37}},"4":{"start":{"line":6,"column":20},"end":{"line":6,"column":37}},"5":{"start":{"line":7,"column":17},"end":{"line":7,"column":31}},"6":{"start":{"line":8,"column":18},"end":{"line":8,"column":106}},"7":{"start":{"line":9,"column":4},"end":{"line":12,"column":7}},"8":{"start":{"line":10,"column":8},"end":{"line":10,"column":27}},"9":{"start":{"line":10,"column":17},"end":{"line":10,"column":27}},"10":{"start":{"line":11,"column":8},"end":{"line":11,"column":37}},"11":{"start":{"line":15,"column":0},"end":{"line":22,"column":1}},"12":{"start":{"line":16,"column":19},"end":{"line":16,"column":36}},"13":{"start":{"line":17,"column":18},"end":{"line":17,"column":80}},"14":{"start":{"line":18,"column":4},"end":{"line":21,"column":7}},"15":{"start":{"line":19,"column":8},"end":{"line":19,"column":27}},"16":{"start":{"line":19,"column":17},"end":{"line":19,"column":27}},"17":{"start":{"line":20,"column":8},"end":{"line":20,"column":35}},"18":{"start":{"line":24,"column":0},"end":{"line":39,"column":1}},"19":{"start":{"line":25,"column":25},"end":{"line":25,"column":33}},"20":{"start":{"line":26,"column":24},"end":{"line":26,"column":112}},"21":{"start":{"line":27,"column":4},"end":{"line":38,"column":7}},"22":{"start":{"line":28,"column":8},"end":{"line":28,"column":27}},"23":{"start":{"line":28,"column":17},"end":{"line":28,"column":27}},"24":{"start":{"line":29,"column":8},"end":{"line":37,"column":9}},"25":{"start":{"line":30,"column":12},"end":{"line":30,"column":80}},"26":{"start":{"line":32,"column":32},"end":{"line":32,"column":65}},"27":{"start":{"line":33,"column":12},"end":{"line":36,"column":15}},"28":{"start":{"line":34,"column":16},"end":{"line":34,"column":39}},"29":{"start":{"line":34,"column":27},"end":{"line":34,"column":39}},"30":{"start":{"line":35,"column":16},"end":{"line":35,"column":61}},"31":{"start":{"line":41,"column":0},"end":{"line":49,"column":1}},"32":{"start":{"line":42,"column":17},"end":{"line":42,"column":74}},"33":{"start":{"line":43,"column":18},"end":{"line":43,"column":88}},"34":{"start":{"line":44,"column":4},"end":{"line":48,"column":7}},"35":{"start":{"line":45,"column":8},"end":{"line":45,"column":27}},"36":{"start":{"line":45,"column":17},"end":{"line":45,"column":27}},"37":{"start":{"line":46,"column":8},"end":{"line":47,"column":36}},"38":{"start":{"line":46,"column":36},"end":{"line":46,"column":59}},"39":{"start":{"line":47,"column":13},"end":{"line":47,"column":36}},"40":{"start":{"line":51,"column":0},"end":{"line":58,"column":1}},"41":{"start":{"line":52,"column":15},"end":{"line":52,"column":28}},"42":{"start":{"line":53,"column":18},"end":{"line":53,"column":58}},"43":{"start":{"line":54,"column":4},"end":{"line":57,"column":7}},"44":{"start":{"line":55,"column":8},"end":{"line":55,"column":27}},"45":{"start":{"line":55,"column":17},"end":{"line":55,"column":27}},"46":{"start":{"line":56,"column":8},"end":{"line":56,"column":31}},"47":{"start":{"line":60,"column":0},"end":{"line":60,"column":40}}},"fnMap":{"0":{"name":"(anonymous_0)","decl":{"start":{"line":4,"column":56},"end":{"line":4,"column":57}},"loc":{"start":{"line":4,"column":70},"end":{"line":13,"column":1}},"line":4},"1":{"name":"(anonymous_1)","decl":{"start":{"line":9,"column":64},"end":{"line":9,"column":65}},"loc":{"start":{"line":9,"column":92},"end":{"line":12,"column":5}},"line":9},"2":{"name":"(anonymous_2)","decl":{"start":{"line":15,"column":38},"end":{"line":15,"column":39}},"loc":{"start":{"line":15,"column":52},"end":{"line":22,"column":1}},"line":15},"3":{"name":"(anonymous_3)","decl":{"start":{"line":18,"column":38},"end":{"line":18,"column":39}},"loc":{"start":{"line":18,"column":67},"end":{"line":21,"column":5}},"line":18},"4":{"name":"(anonymous_4)","decl":{"start":{"line":24,"column":30},"end":{"line":24,"column":31}},"loc":{"start":{"line":24,"column":44},"end":{"line":39,"column":1}},"line":24},"5":{"name":"(anonymous_5)","decl":{"start":{"line":27,"column":135},"end":{"line":27,"column":136}},"loc":{"start":{"line":27,"column":155},"end":{"line":38,"column":5}},"line":27},"6":{"name":"(anonymous_6)","decl":{"start":{"line":33,"column":48},"end":{"line":33,"column":49}},"loc":{"start":{"line":33,"column":71},"end":{"line":36,"column":13}},"line":33},"7":{"name":"(anonymous_7)","decl":{"start":{"line":41,"column":32},"end":{"line":41,"column":33}},"loc":{"start":{"line":41,"column":46},"end":{"line":49,"column":1}},"line":41},"8":{"name":"(anonymous_8)","decl":{"start":{"line":44,"column":26},"end":{"line":44,"column":27}},"loc":{"start":{"line":44,"column":54},"end":{"line":48,"column":5}},"line":44},"9":{"name":"(anonymous_9)","decl":{"start":{"line":51,"column":32},"end":{"line":51,"column":33}},"loc":{"start":{"line":51,"column":46},"end":{"line":58,"column":1}},"line":51},"10":{"name":"(anonymous_10)","decl":{"start":{"line":54,"column":26},"end":{"line":54,"column":27}},"loc":{"start":{"line":54,"column":54},"end":{"line":57,"column":5}},"line":54}},"branchMap":{"0":{"loc":{"start":{"line":10,"column":8},"end":{"line":10,"column":27}},"type":"if","locations":[{"start":{"line":10,"column":8},"end":{"line":10,"column":27}},{"start":{"line":10,"column":8},"end":{"line":10,"column":27}}],"line":10},"1":{"loc":{"start":{"line":19,"column":8},"end":{"line":19,"column":27}},"type":"if","locations":[{"start":{"line":19,"column":8},"end":{"line":19,"column":27}},{"start":{"line":19,"column":8},"end":{"line":19,"column":27}}],"line":19},"2":{"loc":{"start":{"line":28,"column":8},"end":{"line":28,"column":27}},"type":"if","locations":[{"start":{"line":28,"column":8},"end":{"line":28,"column":27}},{"start":{"line":28,"column":8},"end":{"line":28,"column":27}}],"line":28},"3":{"loc":{"start":{"line":29,"column":8},"end":{"line":37,"column":9}},"type":"if","locations":[{"start":{"line":29,"column":8},"end":{"line":37,"column":9}},{"start":{"line":29,"column":8},"end":{"line":37,"column":9}}],"line":29},"4":{"loc":{"start":{"line":34,"column":16},"end":{"line":34,"column":39}},"type":"if","locations":[{"start":{"line":34,"column":16},"end":{"line":34,"column":39}},{"start":{"line":34,"column":16},"end":{"line":34,"column":39}}],"line":34},"5":{"loc":{"start":{"line":45,"column":8},"end":{"line":45,"column":27}},"type":"if","locations":[{"start":{"line":45,"column":8},"end":{"line":45,"column":27}},{"start":{"line":45,"column":8},"end":{"line":45,"column":27}}],"line":45},"6":{"loc":{"start":{"line":46,"column":8},"end":{"line":47,"column":36}},"type":"if","locations":[{"start":{"line":46,"column":8},"end":{"line":47,"column":36}},{"start":{"line":46,"column":8},"end":{"line":47,"column":36}}],"line":46},"7":{"loc":{"start":{"line":55,"column":8},"end":{"line":55,"column":27}},"type":"if","locations":[{"start":{"line":55,"column":8},"end":{"line":55,"column":27}},{"start":{"line":55,"column":8},"end":{"line":55,"column":27}}],"line":55}},"s":{"0":0,"1":0,"2":0,"3":0,"4":0,"5":0,"6":0,"7":0,"8":0,"9":0,"10":0,"11":0,"12":0,"13":0,"14":0,"15":0,"16":0,"17":0,"18":0,"19":0,"20":0,"21":0,"22":0,"23":0,"24":0,"25":0,"26":0,"27":0,"28":0,"29":0,"30":0,"31":0,"32":0,"33":0,"34":0,"35":0,"36":0,"37":0,"38":0,"39":0,"40":0,"41":0,"42":0,"43":0,"44":0,"45":0,"46":0,"47":0},"f":{"0":0,"1":0,"2":0,"3":0,"4":0,"5":0,"6":0,"7":0,"8":0,"9":0,"10":0},"b":{"0":[0,0],"1":[0,0],"2":[0,0],"3":[0,0],"4":[0,0],"5":[0,0],"6":[0,0],"7":[0,0]},"all":true},"C:\\Users\\arodr\\Documents\\AngularProjects\\tfm\\server\\controllers\\email.controller.js":{"path":"C:\\Users\\arodr\\Documents\\AngularProjects\\tfm\\server\\controllers\\email.controller.js","statementMap":{"0":{"start":{"line":1,"column":24},"end":{"line":1,"column":26}},"1":{"start":{"line":2,"column":19},"end":{"line":2,"column":40}},"2":{"start":{"line":4,"column":0},"end":{"line":29,"column":1}},"3":{"start":{"line":5,"column":18},"end":{"line":5,"column":26}},"4":{"start":{"line":6,"column":24},"end":{"line":15,"column":6}},"5":{"start":{"line":16,"column":24},"end":{"line":24,"column":5}},"6":{"start":{"line":25,"column":4},"end":{"line":28,"column":7}},"7":{"start":{"line":26,"column":8},"end":{"line":26,"column":27}},"8":{"start":{"line":26,"column":17},"end":{"line":26,"column":27}},"9":{"start":{"line":27,"column":8},"end":{"line":27,"column":80}},"10":{"start":{"line":31,"column":0},"end":{"line":31,"column":33}}},"fnMap":{"0":{"name":"(anonymous_0)","decl":{"start":{"line":4,"column":23},"end":{"line":4,"column":24}},"loc":{"start":{"line":4,"column":37},"end":{"line":29,"column":1}},"line":4},"1":{"name":"(anonymous_1)","decl":{"start":{"line":25,"column":38},"end":{"line":25,"column":39}},"loc":{"start":{"line":25,"column":59},"end":{"line":28,"column":5}},"line":25}},"branchMap":{"0":{"loc":{"start":{"line":26,"column":8},"end":{"line":26,"column":27}},"type":"if","locations":[{"start":{"line":26,"column":8},"end":{"line":26,"column":27}},{"start":{"line":26,"column":8},"end":{"line":26,"column":27}}],"line":26}},"s":{"0":0,"1":0,"2":0,"3":0,"4":0,"5":0,"6":0,"7":0,"8":0,"9":0,"10":0},"f":{"0":0,"1":0},"b":{"0":[0,0]},"all":true},"C:\\Users\\arodr\\Documents\\AngularProjects\\tfm\\server\\controllers\\pet.controller.js":{"path":"C:\\Users\\arodr\\Documents\\AngularProjects\\tfm\\server\\controllers\\pet.controller.js","statementMap":{"0":{"start":{"line":1,"column":22},"end":{"line":1,"column":24}},"1":{"start":{"line":2,"column":11},"end":{"line":2,"column":33}},"2":{"start":{"line":3,"column":11},"end":{"line":3,"column":24}},"3":{"start":{"line":4,"column":13},"end":{"line":4,"column":28}},"4":{"start":{"line":5,"column":15},"end":{"line":5,"column":32}},"5":{"start":{"line":7,"column":0},"end":{"line":14,"column":1}},"6":{"start":{"line":8,"column":15},"end":{"line":8,"column":28}},"7":{"start":{"line":9,"column":18},"end":{"line":9,"column":51}},"8":{"start":{"line":10,"column":4},"end":{"line":13,"column":6}},"9":{"start":{"line":11,"column":8},"end":{"line":11,"column":27}},"10":{"start":{"line":11,"column":17},"end":{"line":11,"column":27}},"11":{"start":{"line":12,"column":8},"end":{"line":12,"column":107}},"12":{"start":{"line":16,"column":0},"end":{"line":23,"column":1}},"13":{"start":{"line":17,"column":19},"end":{"line":17,"column":36}},"14":{"start":{"line":18,"column":18},"end":{"line":18,"column":55}},"15":{"start":{"line":19,"column":4},"end":{"line":22,"column":6}},"16":{"start":{"line":20,"column":8},"end":{"line":20,"column":27}},"17":{"start":{"line":20,"column":17},"end":{"line":20,"column":27}},"18":{"start":{"line":21,"column":8},"end":{"line":21,"column":35}},"19":{"start":{"line":25,"column":0},"end":{"line":32,"column":1}},"20":{"start":{"line":26,"column":16},"end":{"line":26,"column":24}},"21":{"start":{"line":27,"column":18},"end":{"line":27,"column":42}},"22":{"start":{"line":28,"column":4},"end":{"line":31,"column":6}},"23":{"start":{"line":29,"column":8},"end":{"line":29,"column":27}},"24":{"start":{"line":29,"column":17},"end":{"line":29,"column":27}},"25":{"start":{"line":30,"column":8},"end":{"line":30,"column":96}},"26":{"start":{"line":34,"column":0},"end":{"line":43,"column":1}},"27":{"start":{"line":35,"column":15},"end":{"line":35,"column":28}},"28":{"start":{"line":36,"column":15},"end":{"line":36,"column":121}},"29":{"start":{"line":37,"column":18},"end":{"line":37,"column":119}},"30":{"start":{"line":38,"column":4},"end":{"line":42,"column":6}},"31":{"start":{"line":39,"column":8},"end":{"line":39,"column":27}},"32":{"start":{"line":39,"column":17},"end":{"line":39,"column":27}},"33":{"start":{"line":40,"column":8},"end":{"line":41,"column":70}},"34":{"start":{"line":40,"column":36},"end":{"line":40,"column":92}},"35":{"start":{"line":41,"column":13},"end":{"line":41,"column":70}},"36":{"start":{"line":45,"column":0},"end":{"line":57,"column":1}},"37":{"start":{"line":46,"column":15},"end":{"line":46,"column":28}},"38":{"start":{"line":47,"column":27},"end":{"line":47,"column":58}},"39":{"start":{"line":48,"column":4},"end":{"line":51,"column":6}},"40":{"start":{"line":49,"column":8},"end":{"line":49,"column":27}},"41":{"start":{"line":49,"column":17},"end":{"line":49,"column":27}},"42":{"start":{"line":50,"column":8},"end":{"line":50,"column":39}},"43":{"start":{"line":52,"column":28},"end":{"line":52,"column":62}},"44":{"start":{"line":53,"column":4},"end":{"line":55,"column":6}},"45":{"start":{"line":54,"column":8},"end":{"line":54,"column":27}},"46":{"start":{"line":54,"column":17},"end":{"line":54,"column":27}},"47":{"start":{"line":56,"column":4},"end":{"line":56,"column":27}},"48":{"start":{"line":59,"column":0},"end":{"line":75,"column":1}},"49":{"start":{"line":60,"column":15},"end":{"line":60,"column":26}},"50":{"start":{"line":61,"column":17},"end":{"line":61,"column":30}},"51":{"start":{"line":62,"column":20},"end":{"line":62,"column":42}},"52":{"start":{"line":63,"column":25},"end":{"line":63,"column":46}},"53":{"start":{"line":64,"column":4},"end":{"line":74,"column":5}},"54":{"start":{"line":65,"column":8},"end":{"line":70,"column":9}},"55":{"start":{"line":66,"column":12},"end":{"line":69,"column":15}},"56":{"start":{"line":67,"column":16},"end":{"line":67,"column":51}},"57":{"start":{"line":67,"column":25},"end":{"line":67,"column":51}},"58":{"start":{"line":68,"column":16},"end":{"line":68,"column":63}},"59":{"start":{"line":71,"column":8},"end":{"line":71,"column":58}},"60":{"start":{"line":72,"column":8},"end":{"line":72,"column":80}},"61":{"start":{"line":73,"column":8},"end":{"line":73,"column":49}},"62":{"start":{"line":78,"column":4},"end":{"line":81,"column":6}},"63":{"start":{"line":79,"column":8},"end":{"line":80,"column":38}},"64":{"start":{"line":79,"column":18},"end":{"line":79,"column":37}},"65":{"start":{"line":80,"column":13},"end":{"line":80,"column":38}},"66":{"start":{"line":84,"column":4},"end":{"line":87,"column":6}},"67":{"start":{"line":85,"column":8},"end":{"line":86,"column":31}},"68":{"start":{"line":85,"column":18},"end":{"line":85,"column":51}},"69":{"start":{"line":86,"column":13},"end":{"line":86,"column":31}},"70":{"start":{"line":91,"column":4},"end":{"line":101,"column":7}},"71":{"start":{"line":92,"column":8},"end":{"line":92,"column":27}},"72":{"start":{"line":92,"column":17},"end":{"line":92,"column":27}},"73":{"start":{"line":93,"column":8},"end":{"line":97,"column":9}},"74":{"start":{"line":94,"column":12},"end":{"line":96,"column":15}},"75":{"start":{"line":95,"column":16},"end":{"line":95,"column":39}},"76":{"start":{"line":95,"column":27},"end":{"line":95,"column":39}},"77":{"start":{"line":104,"column":0},"end":{"line":104,"column":31}}},"fnMap":{"0":{"name":"(anonymous_0)","decl":{"start":{"line":7,"column":25},"end":{"line":7,"column":26}},"loc":{"start":{"line":7,"column":39},"end":{"line":14,"column":1}},"line":7},"1":{"name":"(anonymous_1)","decl":{"start":{"line":10,"column":26},"end":{"line":10,"column":27}},"loc":{"start":{"line":10,"column":54},"end":{"line":13,"column":5}},"line":10},"2":{"name":"(anonymous_2)","decl":{"start":{"line":16,"column":29},"end":{"line":16,"column":30}},"loc":{"start":{"line":16,"column":43},"end":{"line":23,"column":1}},"line":16},"3":{"name":"(anonymous_3)","decl":{"start":{"line":19,"column":30},"end":{"line":19,"column":31}},"loc":{"start":{"line":19,"column":59},"end":{"line":22,"column":5}},"line":19},"4":{"name":"(anonymous_4)","decl":{"start":{"line":25,"column":21},"end":{"line":25,"column":22}},"loc":{"start":{"line":25,"column":35},"end":{"line":32,"column":1}},"line":25},"5":{"name":"(anonymous_5)","decl":{"start":{"line":28,"column":25},"end":{"line":28,"column":26}},"loc":{"start":{"line":28,"column":54},"end":{"line":31,"column":5}},"line":28},"6":{"name":"(anonymous_6)","decl":{"start":{"line":34,"column":23},"end":{"line":34,"column":24}},"loc":{"start":{"line":34,"column":37},"end":{"line":43,"column":1}},"line":34},"7":{"name":"(anonymous_7)","decl":{"start":{"line":38,"column":26},"end":{"line":38,"column":27}},"loc":{"start":{"line":38,"column":54},"end":{"line":42,"column":5}},"line":38},"8":{"name":"(anonymous_8)","decl":{"start":{"line":45,"column":23},"end":{"line":45,"column":24}},"loc":{"start":{"line":45,"column":37},"end":{"line":57,"column":1}},"line":45},"9":{"name":"(anonymous_9)","decl":{"start":{"line":48,"column":35},"end":{"line":48,"column":36}},"loc":{"start":{"line":48,"column":63},"end":{"line":51,"column":5}},"line":48},"10":{"name":"(anonymous_10)","decl":{"start":{"line":53,"column":36},"end":{"line":53,"column":37}},"loc":{"start":{"line":53,"column":64},"end":{"line":55,"column":5}},"line":53},"11":{"name":"(anonymous_11)","decl":{"start":{"line":59,"column":28},"end":{"line":59,"column":29}},"loc":{"start":{"line":59,"column":42},"end":{"line":75,"column":1}},"line":59},"12":{"name":"(anonymous_12)","decl":{"start":{"line":66,"column":45},"end":{"line":66,"column":46}},"loc":{"start":{"line":66,"column":58},"end":{"line":69,"column":13}},"line":66},"13":{"name":"copyFileAndDeleteFromOrigin","decl":{"start":{"line":77,"column":9},"end":{"line":77,"column":36}},"loc":{"start":{"line":77,"column":63},"end":{"line":82,"column":1}},"line":77},"14":{"name":"(anonymous_14)","decl":{"start":{"line":78,"column":59},"end":{"line":78,"column":60}},"loc":{"start":{"line":78,"column":70},"end":{"line":81,"column":5}},"line":78},"15":{"name":"removeFile","decl":{"start":{"line":83,"column":9},"end":{"line":83,"column":19}},"loc":{"start":{"line":83,"column":36},"end":{"line":88,"column":1}},"line":83},"16":{"name":"(anonymous_16)","decl":{"start":{"line":84,"column":37},"end":{"line":84,"column":38}},"loc":{"start":{"line":84,"column":47},"end":{"line":87,"column":5}},"line":84},"17":{"name":"deleteFilesFromDirectory","decl":{"start":{"line":90,"column":9},"end":{"line":90,"column":33}},"loc":{"start":{"line":90,"column":45},"end":{"line":102,"column":1}},"line":90},"18":{"name":"(anonymous_18)","decl":{"start":{"line":91,"column":26},"end":{"line":91,"column":27}},"loc":{"start":{"line":91,"column":42},"end":{"line":101,"column":5}},"line":91},"19":{"name":"(anonymous_19)","decl":{"start":{"line":94,"column":50},"end":{"line":94,"column":51}},"loc":{"start":{"line":94,"column":59},"end":{"line":96,"column":13}},"line":94}},"branchMap":{"0":{"loc":{"start":{"line":11,"column":8},"end":{"line":11,"column":27}},"type":"if","locations":[{"start":{"line":11,"column":8},"end":{"line":11,"column":27}},{"start":{"line":11,"column":8},"end":{"line":11,"column":27}}],"line":11},"1":{"loc":{"start":{"line":12,"column":8},"end":{"line":12,"column":106}},"type":"cond-expr","locations":[{"start":{"line":12,"column":19},"end":{"line":12,"column":47}},{"start":{"line":12,"column":50},"end":{"line":12,"column":106}}],"line":12},"2":{"loc":{"start":{"line":20,"column":8},"end":{"line":20,"column":27}},"type":"if","locations":[{"start":{"line":20,"column":8},"end":{"line":20,"column":27}},{"start":{"line":20,"column":8},"end":{"line":20,"column":27}}],"line":20},"3":{"loc":{"start":{"line":29,"column":8},"end":{"line":29,"column":27}},"type":"if","locations":[{"start":{"line":29,"column":8},"end":{"line":29,"column":27}},{"start":{"line":29,"column":8},"end":{"line":29,"column":27}}],"line":29},"4":{"loc":{"start":{"line":39,"column":8},"end":{"line":39,"column":27}},"type":"if","locations":[{"start":{"line":39,"column":8},"end":{"line":39,"column":27}},{"start":{"line":39,"column":8},"end":{"line":39,"column":27}}],"line":39},"5":{"loc":{"start":{"line":40,"column":8},"end":{"line":41,"column":70}},"type":"if","locations":[{"start":{"line":40,"column":8},"end":{"line":41,"column":70}},{"start":{"line":40,"column":8},"end":{"line":41,"column":70}}],"line":40},"6":{"loc":{"start":{"line":49,"column":8},"end":{"line":49,"column":27}},"type":"if","locations":[{"start":{"line":49,"column":8},"end":{"line":49,"column":27}},{"start":{"line":49,"column":8},"end":{"line":49,"column":27}}],"line":49},"7":{"loc":{"start":{"line":54,"column":8},"end":{"line":54,"column":27}},"type":"if","locations":[{"start":{"line":54,"column":8},"end":{"line":54,"column":27}},{"start":{"line":54,"column":8},"end":{"line":54,"column":27}}],"line":54},"8":{"loc":{"start":{"line":64,"column":4},"end":{"line":74,"column":5}},"type":"if","locations":[{"start":{"line":64,"column":4},"end":{"line":74,"column":5}},{"start":{"line":64,"column":4},"end":{"line":74,"column":5}}],"line":64},"9":{"loc":{"start":{"line":65,"column":8},"end":{"line":70,"column":9}},"type":"if","locations":[{"start":{"line":65,"column":8},"end":{"line":70,"column":9}},{"start":{"line":65,"column":8},"end":{"line":70,"column":9}}],"line":65},"10":{"loc":{"start":{"line":67,"column":16},"end":{"line":67,"column":51}},"type":"if","locations":[{"start":{"line":67,"column":16},"end":{"line":67,"column":51}},{"start":{"line":67,"column":16},"end":{"line":67,"column":51}}],"line":67},"11":{"loc":{"start":{"line":79,"column":8},"end":{"line":80,"column":38}},"type":"if","locations":[{"start":{"line":79,"column":8},"end":{"line":80,"column":38}},{"start":{"line":79,"column":8},"end":{"line":80,"column":38}}],"line":79},"12":{"loc":{"start":{"line":85,"column":8},"end":{"line":86,"column":31}},"type":"if","locations":[{"start":{"line":85,"column":8},"end":{"line":86,"column":31}},{"start":{"line":85,"column":8},"end":{"line":86,"column":31}}],"line":85},"13":{"loc":{"start":{"line":92,"column":8},"end":{"line":92,"column":27}},"type":"if","locations":[{"start":{"line":92,"column":8},"end":{"line":92,"column":27}},{"start":{"line":92,"column":8},"end":{"line":92,"column":27}}],"line":92},"14":{"loc":{"start":{"line":95,"column":16},"end":{"line":95,"column":39}},"type":"if","locations":[{"start":{"line":95,"column":16},"end":{"line":95,"column":39}},{"start":{"line":95,"column":16},"end":{"line":95,"column":39}}],"line":95}},"s":{"0":0,"1":0,"2":0,"3":0,"4":0,"5":0,"6":0,"7":0,"8":0,"9":0,"10":0,"11":0,"12":0,"13":0,"14":0,"15":0,"16":0,"17":0,"18":0,"19":0,"20":0,"21":0,"22":0,"23":0,"24":0,"25":0,"26":0,"27":0,"28":0,"29":0,"30":0,"31":0,"32":0,"33":0,"34":0,"35":0,"36":0,"37":0,"38":0,"39":0,"40":0,"41":0,"42":0,"43":0,"44":0,"45":0,"46":0,"47":0,"48":0,"49":0,"50":0,"51":0,"52":0,"53":0,"54":0,"55":0,"56":0,"57":0,"58":0,"59":0,"60":0,"61":0,"62":0,"63":0,"64":0,"65":0,"66":0,"67":0,"68":0,"69":0,"70":0,"71":0,"72":0,"73":0,"74":0,"75":0,"76":0,"77":0},"f":{"0":0,"1":0,"2":0,"3":0,"4":0,"5":0,"6":0,"7":0,"8":0,"9":0,"10":0,"11":0,"12":0,"13":0,"14":0,"15":0,"16":0,"17":0,"18":0,"19":0},"b":{"0":[0,0],"1":[0,0],"2":[0,0],"3":[0,0],"4":[0,0],"5":[0,0],"6":[0,0],"7":[0,0],"8":[0,0],"9":[0,0],"10":[0,0],"11":[0,0],"12":[0,0],"13":[0,0],"14":[0,0]},"all":true},"C:\\Users\\arodr\\Documents\\AngularProjects\\tfm\\server\\controllers\\user.controller.js":{"path":"C:\\Users\\arodr\\Documents\\AngularProjects\\tfm\\server\\controllers\\user.controller.js","statementMap":{"0":{"start":{"line":1,"column":23},"end":{"line":1,"column":25}},"1":{"start":{"line":2,"column":11},"end":{"line":2,"column":33}},"2":{"start":{"line":3,"column":15},"end":{"line":3,"column":32}},"3":{"start":{"line":4,"column":12},"end":{"line":4,"column":35}},"4":{"start":{"line":5,"column":12},"end":{"line":5,"column":36}},"5":{"start":{"line":6,"column":15},"end":{"line":6,"column":32}},"6":{"start":{"line":8,"column":0},"end":{"line":24,"column":1}},"7":{"start":{"line":9,"column":31},"end":{"line":9,"column":33}},"8":{"start":{"line":10,"column":4},"end":{"line":23,"column":11}},"9":{"start":{"line":12,"column":23},"end":{"line":12,"column":31}},"10":{"start":{"line":13,"column":12},"end":{"line":13,"column":33}},"11":{"start":{"line":14,"column":26},"end":{"line":14,"column":51}},"12":{"start":{"line":15,"column":12},"end":{"line":18,"column":14}},"13":{"start":{"line":16,"column":16},"end":{"line":16,"column":48}},"14":{"start":{"line":16,"column":25},"end":{"line":16,"column":48}},"15":{"start":{"line":17,"column":16},"end":{"line":17,"column":104}},"16":{"start":{"line":21,"column":11},"end":{"line":21,"column":52}},"17":{"start":{"line":22,"column":11},"end":{"line":22,"column":18}},"18":{"start":{"line":25,"column":0},"end":{"line":32,"column":1}},"19":{"start":{"line":26,"column":15},"end":{"line":26,"column":28}},"20":{"start":{"line":27,"column":18},"end":{"line":27,"column":52}},"21":{"start":{"line":28,"column":4},"end":{"line":31,"column":7}},"22":{"start":{"line":29,"column":8},"end":{"line":29,"column":27}},"23":{"start":{"line":29,"column":17},"end":{"line":29,"column":27}},"24":{"start":{"line":30,"column":8},"end":{"line":30,"column":107}},"25":{"start":{"line":34,"column":0},"end":{"line":41,"column":1}},"26":{"start":{"line":35,"column":21},"end":{"line":35,"column":40}},"27":{"start":{"line":36,"column":18},"end":{"line":36,"column":58}},"28":{"start":{"line":37,"column":4},"end":{"line":40,"column":6}},"29":{"start":{"line":38,"column":8},"end":{"line":38,"column":27}},"30":{"start":{"line":38,"column":17},"end":{"line":38,"column":27}},"31":{"start":{"line":39,"column":8},"end":{"line":39,"column":101}},"32":{"start":{"line":43,"column":0},"end":{"line":65,"column":1}},"33":{"start":{"line":44,"column":19},"end":{"line":44,"column":36}},"34":{"start":{"line":45,"column":19},"end":{"line":45,"column":36}},"35":{"start":{"line":46,"column":18},"end":{"line":46,"column":58}},"36":{"start":{"line":47,"column":4},"end":{"line":64,"column":6}},"37":{"start":{"line":48,"column":8},"end":{"line":48,"column":27}},"38":{"start":{"line":48,"column":17},"end":{"line":48,"column":27}},"39":{"start":{"line":49,"column":8},"end":{"line":63,"column":9}},"40":{"start":{"line":50,"column":25},"end":{"line":50,"column":31}},"41":{"start":{"line":51,"column":12},"end":{"line":60,"column":15}},"42":{"start":{"line":52,"column":16},"end":{"line":52,"column":38}},"43":{"start":{"line":52,"column":26},"end":{"line":52,"column":38}},"44":{"start":{"line":53,"column":16},"end":{"line":59,"column":17}},"45":{"start":{"line":54,"column":38},"end":{"line":54,"column":45}},"46":{"start":{"line":55,"column":36},"end":{"line":55,"column":128}},"47":{"start":{"line":56,"column":20},"end":{"line":56,"column":72}},"48":{"start":{"line":58,"column":20},"end":{"line":58,"column":83}},"49":{"start":{"line":62,"column":12},"end":{"line":62,"column":69}},"50":{"start":{"line":67,"column":0},"end":{"line":76,"column":1}},"51":{"start":{"line":68,"column":15},"end":{"line":68,"column":28}},"52":{"start":{"line":69,"column":17},"end":{"line":69,"column":77}},"53":{"start":{"line":70,"column":18},"end":{"line":70,"column":89}},"54":{"start":{"line":71,"column":4},"end":{"line":75,"column":6}},"55":{"start":{"line":72,"column":8},"end":{"line":72,"column":27}},"56":{"start":{"line":72,"column":17},"end":{"line":72,"column":27}},"57":{"start":{"line":73,"column":8},"end":{"line":74,"column":70}},"58":{"start":{"line":73,"column":36},"end":{"line":73,"column":92}},"59":{"start":{"line":74,"column":13},"end":{"line":74,"column":70}},"60":{"start":{"line":78,"column":0},"end":{"line":102,"column":1}},"61":{"start":{"line":79,"column":15},"end":{"line":79,"column":28}},"62":{"start":{"line":80,"column":33},"end":{"line":80,"column":93}},"63":{"start":{"line":81,"column":4},"end":{"line":83,"column":7}},"64":{"start":{"line":82,"column":8},"end":{"line":82,"column":27}},"65":{"start":{"line":82,"column":17},"end":{"line":82,"column":27}},"66":{"start":{"line":84,"column":32},"end":{"line":84,"column":67}},"67":{"start":{"line":85,"column":4},"end":{"line":87,"column":7}},"68":{"start":{"line":86,"column":8},"end":{"line":86,"column":27}},"69":{"start":{"line":86,"column":17},"end":{"line":86,"column":27}},"70":{"start":{"line":88,"column":30},"end":{"line":88,"column":68}},"71":{"start":{"line":89,"column":4},"end":{"line":96,"column":7}},"72":{"start":{"line":90,"column":8},"end":{"line":90,"column":27}},"73":{"start":{"line":90,"column":17},"end":{"line":90,"column":27}},"74":{"start":{"line":91,"column":8},"end":{"line":91,"column":31}},"75":{"start":{"line":92,"column":32},"end":{"line":92,"column":67}},"76":{"start":{"line":93,"column":8},"end":{"line":95,"column":11}},"77":{"start":{"line":94,"column":12},"end":{"line":94,"column":35}},"78":{"start":{"line":94,"column":23},"end":{"line":94,"column":35}},"79":{"start":{"line":97,"column":28},"end":{"line":97,"column":60}},"80":{"start":{"line":98,"column":4},"end":{"line":100,"column":7}},"81":{"start":{"line":99,"column":8},"end":{"line":99,"column":27}},"82":{"start":{"line":99,"column":17},"end":{"line":99,"column":27}},"83":{"start":{"line":101,"column":4},"end":{"line":101,"column":27}},"84":{"start":{"line":105,"column":4},"end":{"line":107,"column":5}},"85":{"start":{"line":106,"column":8},"end":{"line":106,"column":46}},"86":{"start":{"line":110,"column":0},"end":{"line":110,"column":32}}},"fnMap":{"0":{"name":"(anonymous_0)","decl":{"start":{"line":8,"column":22},"end":{"line":8,"column":23}},"loc":{"start":{"line":8,"column":36},"end":{"line":24,"column":1}},"line":8},"1":{"name":"(anonymous_1)","decl":{"start":{"line":11,"column":14},"end":{"line":11,"column":15}},"loc":{"start":{"line":11,"column":28},"end":{"line":19,"column":9}},"line":11},"2":{"name":"(anonymous_2)","decl":{"start":{"line":15,"column":34},"end":{"line":15,"column":35}},"loc":{"start":{"line":15,"column":63},"end":{"line":18,"column":13}},"line":15},"3":{"name":"(anonymous_3)","decl":{"start":{"line":20,"column":15},"end":{"line":20,"column":16}},"loc":{"start":{"line":20,"column":30},"end":{"line":23,"column":9}},"line":20},"4":{"name":"(anonymous_4)","decl":{"start":{"line":25,"column":26},"end":{"line":25,"column":27}},"loc":{"start":{"line":25,"column":40},"end":{"line":32,"column":1}},"line":25},"5":{"name":"(anonymous_5)","decl":{"start":{"line":28,"column":26},"end":{"line":28,"column":27}},"loc":{"start":{"line":28,"column":54},"end":{"line":31,"column":5}},"line":28},"6":{"name":"(anonymous_6)","decl":{"start":{"line":34,"column":32},"end":{"line":34,"column":33}},"loc":{"start":{"line":34,"column":46},"end":{"line":41,"column":1}},"line":34},"7":{"name":"(anonymous_7)","decl":{"start":{"line":37,"column":32},"end":{"line":37,"column":33}},"loc":{"start":{"line":37,"column":60},"end":{"line":40,"column":5}},"line":37},"8":{"name":"(anonymous_8)","decl":{"start":{"line":43,"column":25},"end":{"line":43,"column":26}},"loc":{"start":{"line":43,"column":39},"end":{"line":65,"column":1}},"line":43},"9":{"name":"(anonymous_9)","decl":{"start":{"line":47,"column":32},"end":{"line":47,"column":33}},"loc":{"start":{"line":47,"column":60},"end":{"line":64,"column":5}},"line":47},"10":{"name":"(anonymous_10)","decl":{"start":{"line":51,"column":52},"end":{"line":51,"column":53}},"loc":{"start":{"line":51,"column":75},"end":{"line":60,"column":13}},"line":51},"11":{"name":"(anonymous_11)","decl":{"start":{"line":67,"column":24},"end":{"line":67,"column":25}},"loc":{"start":{"line":67,"column":38},"end":{"line":76,"column":1}},"line":67},"12":{"name":"(anonymous_12)","decl":{"start":{"line":71,"column":26},"end":{"line":71,"column":27}},"loc":{"start":{"line":71,"column":54},"end":{"line":75,"column":5}},"line":71},"13":{"name":"(anonymous_13)","decl":{"start":{"line":78,"column":24},"end":{"line":78,"column":25}},"loc":{"start":{"line":78,"column":38},"end":{"line":102,"column":1}},"line":78},"14":{"name":"(anonymous_14)","decl":{"start":{"line":81,"column":45},"end":{"line":81,"column":46}},"loc":{"start":{"line":81,"column":73},"end":{"line":83,"column":5}},"line":81},"15":{"name":"(anonymous_15)","decl":{"start":{"line":85,"column":40},"end":{"line":85,"column":41}},"loc":{"start":{"line":85,"column":68},"end":{"line":87,"column":5}},"line":85},"16":{"name":"(anonymous_16)","decl":{"start":{"line":89,"column":38},"end":{"line":89,"column":39}},"loc":{"start":{"line":89,"column":59},"end":{"line":96,"column":5}},"line":89},"17":{"name":"(anonymous_17)","decl":{"start":{"line":93,"column":40},"end":{"line":93,"column":41}},"loc":{"start":{"line":93,"column":57},"end":{"line":95,"column":9}},"line":93},"18":{"name":"(anonymous_18)","decl":{"start":{"line":98,"column":36},"end":{"line":98,"column":37}},"loc":{"start":{"line":98,"column":64},"end":{"line":100,"column":5}},"line":98},"19":{"name":"deletePetsImages","decl":{"start":{"line":104,"column":9},"end":{"line":104,"column":25}},"loc":{"start":{"line":104,"column":32},"end":{"line":108,"column":1}},"line":104}},"branchMap":{"0":{"loc":{"start":{"line":16,"column":16},"end":{"line":16,"column":48}},"type":"if","locations":[{"start":{"line":16,"column":16},"end":{"line":16,"column":48}},{"start":{"line":16,"column":16},"end":{"line":16,"column":48}}],"line":16},"1":{"loc":{"start":{"line":29,"column":8},"end":{"line":29,"column":27}},"type":"if","locations":[{"start":{"line":29,"column":8},"end":{"line":29,"column":27}},{"start":{"line":29,"column":8},"end":{"line":29,"column":27}}],"line":29},"2":{"loc":{"start":{"line":30,"column":8},"end":{"line":30,"column":106}},"type":"cond-expr","locations":[{"start":{"line":30,"column":19},"end":{"line":30,"column":47}},{"start":{"line":30,"column":50},"end":{"line":30,"column":106}}],"line":30},"3":{"loc":{"start":{"line":38,"column":8},"end":{"line":38,"column":27}},"type":"if","locations":[{"start":{"line":38,"column":8},"end":{"line":38,"column":27}},{"start":{"line":38,"column":8},"end":{"line":38,"column":27}}],"line":38},"4":{"loc":{"start":{"line":39,"column":8},"end":{"line":39,"column":100}},"type":"cond-expr","locations":[{"start":{"line":39,"column":19},"end":{"line":39,"column":75}},{"start":{"line":39,"column":78},"end":{"line":39,"column":100}}],"line":39},"5":{"loc":{"start":{"line":48,"column":8},"end":{"line":48,"column":27}},"type":"if","locations":[{"start":{"line":48,"column":8},"end":{"line":48,"column":27}},{"start":{"line":48,"column":8},"end":{"line":48,"column":27}}],"line":48},"6":{"loc":{"start":{"line":49,"column":8},"end":{"line":63,"column":9}},"type":"if","locations":[{"start":{"line":49,"column":8},"end":{"line":63,"column":9}},{"start":{"line":49,"column":8},"end":{"line":63,"column":9}}],"line":49},"7":{"loc":{"start":{"line":52,"column":16},"end":{"line":52,"column":38}},"type":"if","locations":[{"start":{"line":52,"column":16},"end":{"line":52,"column":38}},{"start":{"line":52,"column":16},"end":{"line":52,"column":38}}],"line":52},"8":{"loc":{"start":{"line":53,"column":16},"end":{"line":59,"column":17}},"type":"if","locations":[{"start":{"line":53,"column":16},"end":{"line":59,"column":17}},{"start":{"line":53,"column":16},"end":{"line":59,"column":17}}],"line":53},"9":{"loc":{"start":{"line":72,"column":8},"end":{"line":72,"column":27}},"type":"if","locations":[{"start":{"line":72,"column":8},"end":{"line":72,"column":27}},{"start":{"line":72,"column":8},"end":{"line":72,"column":27}}],"line":72},"10":{"loc":{"start":{"line":73,"column":8},"end":{"line":74,"column":70}},"type":"if","locations":[{"start":{"line":73,"column":8},"end":{"line":74,"column":70}},{"start":{"line":73,"column":8},"end":{"line":74,"column":70}}],"line":73},"11":{"loc":{"start":{"line":82,"column":8},"end":{"line":82,"column":27}},"type":"if","locations":[{"start":{"line":82,"column":8},"end":{"line":82,"column":27}},{"start":{"line":82,"column":8},"end":{"line":82,"column":27}}],"line":82},"12":{"loc":{"start":{"line":86,"column":8},"end":{"line":86,"column":27}},"type":"if","locations":[{"start":{"line":86,"column":8},"end":{"line":86,"column":27}},{"start":{"line":86,"column":8},"end":{"line":86,"column":27}}],"line":86},"13":{"loc":{"start":{"line":90,"column":8},"end":{"line":90,"column":27}},"type":"if","locations":[{"start":{"line":90,"column":8},"end":{"line":90,"column":27}},{"start":{"line":90,"column":8},"end":{"line":90,"column":27}}],"line":90},"14":{"loc":{"start":{"line":94,"column":12},"end":{"line":94,"column":35}},"type":"if","locations":[{"start":{"line":94,"column":12},"end":{"line":94,"column":35}},{"start":{"line":94,"column":12},"end":{"line":94,"column":35}}],"line":94},"15":{"loc":{"start":{"line":99,"column":8},"end":{"line":99,"column":27}},"type":"if","locations":[{"start":{"line":99,"column":8},"end":{"line":99,"column":27}},{"start":{"line":99,"column":8},"end":{"line":99,"column":27}}],"line":99}},"s":{"0":0,"1":0,"2":0,"3":0,"4":0,"5":0,"6":0,"7":0,"8":0,"9":0,"10":0,"11":0,"12":0,"13":0,"14":0,"15":0,"16":0,"17":0,"18":0,"19":0,"20":0,"21":0,"22":0,"23":0,"24":0,"25":0,"26":0,"27":0,"28":0,"29":0,"30":0,"31":0,"32":0,"33":0,"34":0,"35":0,"36":0,"37":0,"38":0,"39":0,"40":0,"41":0,"42":0,"43":0,"44":0,"45":0,"46":0,"47":0,"48":0,"49":0,"50":0,"51":0,"52":0,"53":0,"54":0,"55":0,"56":0,"57":0,"58":0,"59":0,"60":0,"61":0,"62":0,"63":0,"64":0,"65":0,"66":0,"67":0,"68":0,"69":0,"70":0,"71":0,"72":0,"73":0,"74":0,"75":0,"76":0,"77":0,"78":0,"79":0,"80":0,"81":0,"82":0,"83":0,"84":0,"85":0,"86":0},"f":{"0":0,"1":0,"2":0,"3":0,"4":0,"5":0,"6":0,"7":0,"8":0,"9":0,"10":0,"11":0,"12":0,"13":0,"14":0,"15":0,"16":0,"17":0,"18":0,"19":0},"b":{"0":[0,0],"1":[0,0],"2":[0,0],"3":[0,0],"4":[0,0],"5":[0,0],"6":[0,0],"7":[0,0],"8":[0,0],"9":[0,0],"10":[0,0],"11":[0,0],"12":[0,0],"13":[0,0],"14":[0,0],"15":[0,0]},"all":true},"C:\\Users\\arodr\\Documents\\AngularProjects\\tfm\\server\\routes\\add.routes.js":{"path":"C:\\Users\\arodr\\Documents\\AngularProjects\\tfm\\server\\routes\\add.routes.js","statementMap":{"0":{"start":{"line":1,"column":16},"end":{"line":1,"column":34}},"1":{"start":{"line":2,"column":15},"end":{"line":2,"column":31}},"2":{"start":{"line":3,"column":22},"end":{"line":3,"column":62}},"3":{"start":{"line":4,"column":30},"end":{"line":4,"column":69}},"4":{"start":{"line":6,"column":0},"end":{"line":6,"column":74}},"5":{"start":{"line":7,"column":0},"end":{"line":7,"column":76}},"6":{"start":{"line":8,"column":0},"end":{"line":8,"column":63}},"7":{"start":{"line":9,"column":0},"end":{"line":9,"column":72}},"8":{"start":{"line":10,"column":0},"end":{"line":10,"column":65}},"9":{"start":{"line":12,"column":0},"end":{"line":12,"column":24}}},"fnMap":{},"branchMap":{},"s":{"0":0,"1":0,"2":0,"3":0,"4":0,"5":0,"6":0,"7":0,"8":0,"9":0},"f":{},"b":{},"all":true},"C:\\Users\\arodr\\Documents\\AngularProjects\\tfm\\server\\routes\\comunication.routes.js":{"path":"C:\\Users\\arodr\\Documents\\AngularProjects\\tfm\\server\\routes\\comunication.routes.js","statementMap":{"0":{"start":{"line":1,"column":16},"end":{"line":1,"column":34}},"1":{"start":{"line":2,"column":15},"end":{"line":2,"column":31}},"2":{"start":{"line":3,"column":31},"end":{"line":3,"column":80}},"3":{"start":{"line":4,"column":30},"end":{"line":4,"column":69}},"4":{"start":{"line":6,"column":0},"end":{"line":6,"column":92}},"5":{"start":{"line":7,"column":0},"end":{"line":7,"column":81}},"6":{"start":{"line":8,"column":0},"end":{"line":8,"column":67}},"7":{"start":{"line":9,"column":0},"end":{"line":9,"column":72}},"8":{"start":{"line":10,"column":0},"end":{"line":10,"column":74}},"9":{"start":{"line":12,"column":0},"end":{"line":12,"column":24}}},"fnMap":{},"branchMap":{},"s":{"0":0,"1":0,"2":0,"3":0,"4":0,"5":0,"6":0,"7":0,"8":0,"9":0},"f":{},"b":{},"all":true},"C:\\Users\\arodr\\Documents\\AngularProjects\\tfm\\server\\routes\\email.routes.js":{"path":"C:\\Users\\arodr\\Documents\\AngularProjects\\tfm\\server\\routes\\email.routes.js","statementMap":{"0":{"start":{"line":1,"column":16},"end":{"line":1,"column":34}},"1":{"start":{"line":2,"column":15},"end":{"line":2,"column":31}},"2":{"start":{"line":3,"column":24},"end":{"line":3,"column":66}},"3":{"start":{"line":4,"column":30},"end":{"line":4,"column":69}},"4":{"start":{"line":6,"column":0},"end":{"line":6,"column":60}},"5":{"start":{"line":8,"column":0},"end":{"line":8,"column":24}}},"fnMap":{},"branchMap":{},"s":{"0":0,"1":0,"2":0,"3":0,"4":0,"5":0},"f":{},"b":{},"all":true},"C:\\Users\\arodr\\Documents\\AngularProjects\\tfm\\server\\routes\\pet.routes.js":{"path":"C:\\Users\\arodr\\Documents\\AngularProjects\\tfm\\server\\routes\\pet.routes.js","statementMap":{"0":{"start":{"line":1,"column":16},"end":{"line":1,"column":34}},"1":{"start":{"line":2,"column":15},"end":{"line":2,"column":31}},"2":{"start":{"line":3,"column":16},"end":{"line":3,"column":33}},"3":{"start":{"line":4,"column":22},"end":{"line":4,"column":62}},"4":{"start":{"line":5,"column":30},"end":{"line":5,"column":69}},"5":{"start":{"line":7,"column":16},"end":{"line":17,"column":2}},"6":{"start":{"line":12,"column":8},"end":{"line":12,"column":30}},"7":{"start":{"line":15,"column":8},"end":{"line":15,"column":35}},"8":{"start":{"line":18,"column":15},"end":{"line":23,"column":2}},"9":{"start":{"line":25,"column":0},"end":{"line":25,"column":64}},"10":{"start":{"line":26,"column":0},"end":{"line":26,"column":79}},"11":{"start":{"line":27,"column":0},"end":{"line":27,"column":58}},"12":{"start":{"line":28,"column":0},"end":{"line":28,"column":72}},"13":{"start":{"line":29,"column":0},"end":{"line":29,"column":63}},"14":{"start":{"line":30,"column":0},"end":{"line":30,"column":65}},"15":{"start":{"line":32,"column":0},"end":{"line":32,"column":24}}},"fnMap":{"0":{"name":"(anonymous_0)","decl":{"start":{"line":11,"column":17},"end":{"line":11,"column":18}},"loc":{"start":{"line":11,"column":42},"end":{"line":13,"column":5}},"line":11},"1":{"name":"(anonymous_1)","decl":{"start":{"line":14,"column":14},"end":{"line":14,"column":15}},"loc":{"start":{"line":14,"column":39},"end":{"line":16,"column":5}},"line":14}},"branchMap":{},"s":{"0":0,"1":0,"2":0,"3":0,"4":0,"5":0,"6":0,"7":0,"8":0,"9":0,"10":0,"11":0,"12":0,"13":0,"14":0,"15":0},"f":{"0":0,"1":0},"b":{},"all":true},"C:\\Users\\arodr\\Documents\\AngularProjects\\tfm\\server\\routes\\user.routes.js":{"path":"C:\\Users\\arodr\\Documents\\AngularProjects\\tfm\\server\\routes\\user.routes.js","statementMap":{"0":{"start":{"line":1,"column":16},"end":{"line":1,"column":34}},"1":{"start":{"line":2,"column":15},"end":{"line":2,"column":31}},"2":{"start":{"line":3,"column":23},"end":{"line":3,"column":64}},"3":{"start":{"line":4,"column":30},"end":{"line":4,"column":69}},"4":{"start":{"line":6,"column":0},"end":{"line":6,"column":63}},"5":{"start":{"line":7,"column":0},"end":{"line":7,"column":65}},"6":{"start":{"line":8,"column":0},"end":{"line":8,"column":38}},"7":{"start":{"line":9,"column":0},"end":{"line":9,"column":46}},"8":{"start":{"line":10,"column":0},"end":{"line":10,"column":63}},"9":{"start":{"line":11,"column":0},"end":{"line":11,"column":66}},"10":{"start":{"line":13,"column":0},"end":{"line":13,"column":24}}},"fnMap":{},"branchMap":{},"s":{"0":0,"1":0,"2":0,"3":0,"4":0,"5":0,"6":0,"7":0,"8":0,"9":0,"10":0},"f":{},"b":{},"all":true},"C:\\Users\\arodr\\Documents\\AngularProjects\\tfm\\server\\test\\addTest.js":{"path":"C:\\Users\\arodr\\Documents\\AngularProjects\\tfm\\server\\test\\addTest.js","statementMap":{"0":{"start":{"line":1,"column":13},"end":{"line":1,"column":28}},"1":{"start":{"line":2,"column":15},"end":{"line":2,"column":37}},"2":{"start":{"line":3,"column":17},"end":{"line":3,"column":37}},"3":{"start":{"line":4,"column":0},"end":{"line":4,"column":19}},"4":{"start":{"line":6,"column":16},"end":{"line":6,"column":44}},"5":{"start":{"line":7,"column":17},"end":{"line":7,"column":46}},"6":{"start":{"line":8,"column":12},"end":{"line":8,"column":40}},"7":{"start":{"line":10,"column":0},"end":{"line":246,"column":3}},"8":{"start":{"line":16,"column":4},"end":{"line":27,"column":7}},"9":{"start":{"line":17,"column":8},"end":{"line":26,"column":15}},"10":{"start":{"line":21,"column":16},"end":{"line":21,"column":48}},"11":{"start":{"line":22,"column":16},"end":{"line":22,"column":71}},"12":{"start":{"line":23,"column":16},"end":{"line":23,"column":39}},"13":{"start":{"line":24,"column":16},"end":{"line":24,"column":37}},"14":{"start":{"line":25,"column":16},"end":{"line":25,"column":23}},"15":{"start":{"line":28,"column":4},"end":{"line":40,"column":7}},"16":{"start":{"line":29,"column":8},"end":{"line":39,"column":15}},"17":{"start":{"line":34,"column":16},"end":{"line":34,"column":64}},"18":{"start":{"line":35,"column":16},"end":{"line":35,"column":48}},"19":{"start":{"line":36,"column":16},"end":{"line":36,"column":56}},"20":{"start":{"line":37,"column":16},"end":{"line":37,"column":36}},"21":{"start":{"line":38,"column":16},"end":{"line":38,"column":23}},"22":{"start":{"line":41,"column":4},"end":{"line":51,"column":7}},"23":{"start":{"line":42,"column":8},"end":{"line":50,"column":15}},"24":{"start":{"line":46,"column":16},"end":{"line":46,"column":64}},"25":{"start":{"line":47,"column":16},"end":{"line":47,"column":48}},"26":{"start":{"line":48,"column":16},"end":{"line":48,"column":53}},"27":{"start":{"line":49,"column":16},"end":{"line":49,"column":23}},"28":{"start":{"line":52,"column":4},"end":{"line":61,"column":7}},"29":{"start":{"line":53,"column":8},"end":{"line":60,"column":15}},"30":{"start":{"line":57,"column":16},"end":{"line":57,"column":68}},"31":{"start":{"line":58,"column":16},"end":{"line":58,"column":48}},"32":{"start":{"line":59,"column":16},"end":{"line":59,"column":23}},"33":{"start":{"line":62,"column":4},"end":{"line":74,"column":7}},"34":{"start":{"line":63,"column":8},"end":{"line":73,"column":15}},"35":{"start":{"line":68,"column":16},"end":{"line":68,"column":64}},"36":{"start":{"line":69,"column":16},"end":{"line":69,"column":48}},"37":{"start":{"line":70,"column":16},"end":{"line":70,"column":56}},"38":{"start":{"line":71,"column":16},"end":{"line":71,"column":42}},"39":{"start":{"line":72,"column":16},"end":{"line":72,"column":23}},"40":{"start":{"line":75,"column":4},"end":{"line":84,"column":7}},"41":{"start":{"line":76,"column":8},"end":{"line":83,"column":15}},"42":{"start":{"line":81,"column":16},"end":{"line":81,"column":48}},"43":{"start":{"line":82,"column":16},"end":{"line":82,"column":23}},"44":{"start":{"line":85,"column":4},"end":{"line":93,"column":7}},"45":{"start":{"line":86,"column":8},"end":{"line":92,"column":15}},"46":{"start":{"line":89,"column":16},"end":{"line":89,"column":68}},"47":{"start":{"line":90,"column":16},"end":{"line":90,"column":48}},"48":{"start":{"line":91,"column":16},"end":{"line":91,"column":23}},"49":{"start":{"line":94,"column":4},"end":{"line":104,"column":7}},"50":{"start":{"line":95,"column":8},"end":{"line":103,"column":15}},"51":{"start":{"line":99,"column":16},"end":{"line":99,"column":64}},"52":{"start":{"line":100,"column":16},"end":{"line":100,"column":48}},"53":{"start":{"line":101,"column":16},"end":{"line":101,"column":53}},"54":{"start":{"line":102,"column":16},"end":{"line":102,"column":23}},"55":{"start":{"line":105,"column":4},"end":{"line":116,"column":7}},"56":{"start":{"line":106,"column":8},"end":{"line":115,"column":15}},"57":{"start":{"line":110,"column":16},"end":{"line":110,"column":64}},"58":{"start":{"line":111,"column":16},"end":{"line":111,"column":48}},"59":{"start":{"line":112,"column":16},"end":{"line":112,"column":53}},"60":{"start":{"line":113,"column":16},"end":{"line":113,"column":84}},"61":{"start":{"line":114,"column":16},"end":{"line":114,"column":23}},"62":{"start":{"line":117,"column":4},"end":{"line":126,"column":7}},"63":{"start":{"line":118,"column":8},"end":{"line":125,"column":15}},"64":{"start":{"line":122,"column":16},"end":{"line":122,"column":68}},"65":{"start":{"line":123,"column":16},"end":{"line":123,"column":48}},"66":{"start":{"line":124,"column":16},"end":{"line":124,"column":23}},"67":{"start":{"line":127,"column":4},"end":{"line":139,"column":7}},"68":{"start":{"line":128,"column":8},"end":{"line":138,"column":15}},"69":{"start":{"line":133,"column":16},"end":{"line":133,"column":64}},"70":{"start":{"line":134,"column":16},"end":{"line":134,"column":48}},"71":{"start":{"line":135,"column":16},"end":{"line":135,"column":56}},"72":{"start":{"line":136,"column":16},"end":{"line":136,"column":41}},"73":{"start":{"line":137,"column":16},"end":{"line":137,"column":23}},"74":{"start":{"line":140,"column":4},"end":{"line":149,"column":7}},"75":{"start":{"line":141,"column":8},"end":{"line":148,"column":15}},"76":{"start":{"line":146,"column":16},"end":{"line":146,"column":48}},"77":{"start":{"line":147,"column":16},"end":{"line":147,"column":23}},"78":{"start":{"line":150,"column":4},"end":{"line":161,"column":7}},"79":{"start":{"line":151,"column":8},"end":{"line":160,"column":15}},"80":{"start":{"line":155,"column":16},"end":{"line":155,"column":64}},"81":{"start":{"line":156,"column":16},"end":{"line":156,"column":48}},"82":{"start":{"line":157,"column":16},"end":{"line":157,"column":53}},"83":{"start":{"line":158,"column":16},"end":{"line":158,"column":83}},"84":{"start":{"line":159,"column":16},"end":{"line":159,"column":23}},"85":{"start":{"line":162,"column":4},"end":{"line":170,"column":7}},"86":{"start":{"line":163,"column":8},"end":{"line":169,"column":15}},"87":{"start":{"line":166,"column":16},"end":{"line":166,"column":68}},"88":{"start":{"line":167,"column":16},"end":{"line":167,"column":48}},"89":{"start":{"line":168,"column":16},"end":{"line":168,"column":23}},"90":{"start":{"line":171,"column":4},"end":{"line":180,"column":7}},"91":{"start":{"line":172,"column":8},"end":{"line":179,"column":15}},"92":{"start":{"line":176,"column":16},"end":{"line":176,"column":64}},"93":{"start":{"line":177,"column":16},"end":{"line":177,"column":48}},"94":{"start":{"line":178,"column":16},"end":{"line":178,"column":23}},"95":{"start":{"line":181,"column":4},"end":{"line":192,"column":7}},"96":{"start":{"line":182,"column":8},"end":{"line":191,"column":15}},"97":{"start":{"line":186,"column":16},"end":{"line":186,"column":64}},"98":{"start":{"line":187,"column":16},"end":{"line":187,"column":48}},"99":{"start":{"line":188,"column":16},"end":{"line":188,"column":53}},"100":{"start":{"line":189,"column":16},"end":{"line":189,"column":85}},"101":{"start":{"line":190,"column":16},"end":{"line":190,"column":23}},"102":{"start":{"line":193,"column":4},"end":{"line":202,"column":7}},"103":{"start":{"line":194,"column":8},"end":{"line":201,"column":15}},"104":{"start":{"line":198,"column":16},"end":{"line":198,"column":64}},"105":{"start":{"line":199,"column":16},"end":{"line":199,"column":48}},"106":{"start":{"line":200,"column":16},"end":{"line":200,"column":23}},"107":{"start":{"line":203,"column":4},"end":{"line":213,"column":7}},"108":{"start":{"line":204,"column":8},"end":{"line":212,"column":15}},"109":{"start":{"line":208,"column":16},"end":{"line":208,"column":64}},"110":{"start":{"line":209,"column":16},"end":{"line":209,"column":48}},"111":{"start":{"line":210,"column":16},"end":{"line":210,"column":53}},"112":{"start":{"line":211,"column":16},"end":{"line":211,"column":23}},"113":{"start":{"line":214,"column":4},"end":{"line":224,"column":7}},"114":{"start":{"line":215,"column":8},"end":{"line":223,"column":15}},"115":{"start":{"line":220,"column":16},"end":{"line":220,"column":64}},"116":{"start":{"line":221,"column":16},"end":{"line":221,"column":48}},"117":{"start":{"line":222,"column":16},"end":{"line":222,"column":23}},"118":{"start":{"line":225,"column":4},"end":{"line":235,"column":7}},"119":{"start":{"line":226,"column":8},"end":{"line":234,"column":15}},"120":{"start":{"line":231,"column":16},"end":{"line":231,"column":64}},"121":{"start":{"line":232,"column":16},"end":{"line":232,"column":48}},"122":{"start":{"line":233,"column":16},"end":{"line":233,"column":23}},"123":{"start":{"line":236,"column":4},"end":{"line":245,"column":7}},"124":{"start":{"line":237,"column":8},"end":{"line":244,"column":15}},"125":{"start":{"line":241,"column":16},"end":{"line":241,"column":64}},"126":{"start":{"line":242,"column":16},"end":{"line":242,"column":48}},"127":{"start":{"line":243,"column":16},"end":{"line":243,"column":23}}},"fnMap":{"0":{"name":"(anonymous_0)","decl":{"start":{"line":10,"column":28},"end":{"line":10,"column":29}},"loc":{"start":{"line":10,"column":38},"end":{"line":246,"column":1}},"line":10},"1":{"name":"(anonymous_1)","decl":{"start":{"line":16,"column":44},"end":{"line":16,"column":45}},"loc":{"start":{"line":16,"column":58},"end":{"line":27,"column":5}},"line":16},"2":{"name":"(anonymous_2)","decl":{"start":{"line":20,"column":17},"end":{"line":20,"column":18}},"loc":{"start":{"line":20,"column":36},"end":{"line":26,"column":13}},"line":20},"3":{"name":"(anonymous_3)","decl":{"start":{"line":28,"column":48},"end":{"line":28,"column":49}},"loc":{"start":{"line":28,"column":62},"end":{"line":40,"column":5}},"line":28},"4":{"name":"(anonymous_4)","decl":{"start":{"line":33,"column":17},"end":{"line":33,"column":18}},"loc":{"start":{"line":33,"column":36},"end":{"line":39,"column":13}},"line":33},"5":{"name":"(anonymous_5)","decl":{"start":{"line":41,"column":45},"end":{"line":41,"column":46}},"loc":{"start":{"line":41,"column":59},"end":{"line":51,"column":5}},"line":41},"6":{"name":"(anonymous_6)","decl":{"start":{"line":45,"column":17},"end":{"line":45,"column":18}},"loc":{"start":{"line":45,"column":36},"end":{"line":50,"column":13}},"line":45},"7":{"name":"(anonymous_7)","decl":{"start":{"line":52,"column":62},"end":{"line":52,"column":63}},"loc":{"start":{"line":52,"column":76},"end":{"line":61,"column":5}},"line":52},"8":{"name":"(anonymous_8)","decl":{"start":{"line":56,"column":17},"end":{"line":56,"column":18}},"loc":{"start":{"line":56,"column":36},"end":{"line":60,"column":13}},"line":56},"9":{"name":"(anonymous_9)","decl":{"start":{"line":62,"column":44},"end":{"line":62,"column":45}},"loc":{"start":{"line":62,"column":58},"end":{"line":74,"column":5}},"line":62},"10":{"name":"(anonymous_10)","decl":{"start":{"line":67,"column":17},"end":{"line":67,"column":18}},"loc":{"start":{"line":67,"column":36},"end":{"line":73,"column":13}},"line":67},"11":{"name":"(anonymous_11)","decl":{"start":{"line":75,"column":51},"end":{"line":75,"column":52}},"loc":{"start":{"line":75,"column":65},"end":{"line":84,"column":5}},"line":75},"12":{"name":"(anonymous_12)","decl":{"start":{"line":80,"column":17},"end":{"line":80,"column":18}},"loc":{"start":{"line":80,"column":36},"end":{"line":83,"column":13}},"line":80},"13":{"name":"(anonymous_13)","decl":{"start":{"line":85,"column":52},"end":{"line":85,"column":53}},"loc":{"start":{"line":85,"column":66},"end":{"line":93,"column":5}},"line":85},"14":{"name":"(anonymous_14)","decl":{"start":{"line":88,"column":17},"end":{"line":88,"column":18}},"loc":{"start":{"line":88,"column":36},"end":{"line":92,"column":13}},"line":88},"15":{"name":"(anonymous_15)","decl":{"start":{"line":94,"column":54},"end":{"line":94,"column":55}},"loc":{"start":{"line":94,"column":68},"end":{"line":104,"column":5}},"line":94},"16":{"name":"(anonymous_16)","decl":{"start":{"line":98,"column":17},"end":{"line":98,"column":18}},"loc":{"start":{"line":98,"column":36},"end":{"line":103,"column":13}},"line":98},"17":{"name":"(anonymous_17)","decl":{"start":{"line":105,"column":51},"end":{"line":105,"column":52}},"loc":{"start":{"line":105,"column":65},"end":{"line":116,"column":5}},"line":105},"18":{"name":"(anonymous_18)","decl":{"start":{"line":109,"column":17},"end":{"line":109,"column":18}},"loc":{"start":{"line":109,"column":36},"end":{"line":115,"column":13}},"line":109},"19":{"name":"(anonymous_19)","decl":{"start":{"line":117,"column":61},"end":{"line":117,"column":62}},"loc":{"start":{"line":117,"column":75},"end":{"line":126,"column":5}},"line":117},"20":{"name":"(anonymous_20)","decl":{"start":{"line":121,"column":17},"end":{"line":121,"column":18}},"loc":{"start":{"line":121,"column":36},"end":{"line":125,"column":13}},"line":121},"21":{"name":"(anonymous_21)","decl":{"start":{"line":127,"column":43},"end":{"line":127,"column":44}},"loc":{"start":{"line":127,"column":57},"end":{"line":139,"column":5}},"line":127},"22":{"name":"(anonymous_22)","decl":{"start":{"line":132,"column":17},"end":{"line":132,"column":18}},"loc":{"start":{"line":132,"column":36},"end":{"line":138,"column":13}},"line":132},"23":{"name":"(anonymous_23)","decl":{"start":{"line":140,"column":50},"end":{"line":140,"column":51}},"loc":{"start":{"line":140,"column":64},"end":{"line":149,"column":5}},"line":140},"24":{"name":"(anonymous_24)","decl":{"start":{"line":145,"column":17},"end":{"line":145,"column":18}},"loc":{"start":{"line":145,"column":36},"end":{"line":148,"column":13}},"line":145},"25":{"name":"(anonymous_25)","decl":{"start":{"line":150,"column":50},"end":{"line":150,"column":51}},"loc":{"start":{"line":150,"column":64},"end":{"line":161,"column":5}},"line":150},"26":{"name":"(anonymous_26)","decl":{"start":{"line":154,"column":17},"end":{"line":154,"column":18}},"loc":{"start":{"line":154,"column":36},"end":{"line":160,"column":13}},"line":154},"27":{"name":"(anonymous_27)","decl":{"start":{"line":162,"column":46},"end":{"line":162,"column":47}},"loc":{"start":{"line":162,"column":60},"end":{"line":170,"column":5}},"line":162},"28":{"name":"(anonymous_28)","decl":{"start":{"line":165,"column":17},"end":{"line":165,"column":18}},"loc":{"start":{"line":165,"column":36},"end":{"line":169,"column":13}},"line":165},"29":{"name":"(anonymous_29)","decl":{"start":{"line":171,"column":48},"end":{"line":171,"column":49}},"loc":{"start":{"line":171,"column":62},"end":{"line":180,"column":5}},"line":171},"30":{"name":"(anonymous_30)","decl":{"start":{"line":175,"column":17},"end":{"line":175,"column":18}},"loc":{"start":{"line":175,"column":36},"end":{"line":179,"column":13}},"line":175},"31":{"name":"(anonymous_31)","decl":{"start":{"line":181,"column":48},"end":{"line":181,"column":49}},"loc":{"start":{"line":181,"column":62},"end":{"line":192,"column":5}},"line":181},"32":{"name":"(anonymous_32)","decl":{"start":{"line":185,"column":17},"end":{"line":185,"column":18}},"loc":{"start":{"line":185,"column":36},"end":{"line":191,"column":13}},"line":185},"33":{"name":"(anonymous_33)","decl":{"start":{"line":193,"column":47},"end":{"line":193,"column":48}},"loc":{"start":{"line":193,"column":61},"end":{"line":202,"column":5}},"line":193},"34":{"name":"(anonymous_34)","decl":{"start":{"line":197,"column":17},"end":{"line":197,"column":18}},"loc":{"start":{"line":197,"column":36},"end":{"line":201,"column":13}},"line":197},"35":{"name":"(anonymous_35)","decl":{"start":{"line":203,"column":47},"end":{"line":203,"column":48}},"loc":{"start":{"line":203,"column":61},"end":{"line":213,"column":5}},"line":203},"36":{"name":"(anonymous_36)","decl":{"start":{"line":207,"column":17},"end":{"line":207,"column":18}},"loc":{"start":{"line":207,"column":36},"end":{"line":212,"column":13}},"line":207},"37":{"name":"(anonymous_37)","decl":{"start":{"line":214,"column":104},"end":{"line":214,"column":105}},"loc":{"start":{"line":214,"column":118},"end":{"line":224,"column":5}},"line":214},"38":{"name":"(anonymous_38)","decl":{"start":{"line":219,"column":17},"end":{"line":219,"column":18}},"loc":{"start":{"line":219,"column":36},"end":{"line":223,"column":13}},"line":219},"39":{"name":"(anonymous_39)","decl":{"start":{"line":225,"column":105},"end":{"line":225,"column":106}},"loc":{"start":{"line":225,"column":119},"end":{"line":235,"column":5}},"line":225},"40":{"name":"(anonymous_40)","decl":{"start":{"line":230,"column":17},"end":{"line":230,"column":18}},"loc":{"start":{"line":230,"column":36},"end":{"line":234,"column":13}},"line":230},"41":{"name":"(anonymous_41)","decl":{"start":{"line":236,"column":39},"end":{"line":236,"column":40}},"loc":{"start":{"line":236,"column":53},"end":{"line":245,"column":5}},"line":236},"42":{"name":"(anonymous_42)","decl":{"start":{"line":240,"column":17},"end":{"line":240,"column":18}},"loc":{"start":{"line":240,"column":36},"end":{"line":244,"column":13}},"line":240}},"branchMap":{},"s":{"0":0,"1":0,"2":0,"3":0,"4":0,"5":0,"6":0,"7":0,"8":0,"9":0,"10":0,"11":0,"12":0,"13":0,"14":0,"15":0,"16":0,"17":0,"18":0,"19":0,"20":0,"21":0,"22":0,"23":0,"24":0,"25":0,"26":0,"27":0,"28":0,"29":0,"30":0,"31":0,"32":0,"33":0,"34":0,"35":0,"36":0,"37":0,"38":0,"39":0,"40":0,"41":0,"42":0,"43":0,"44":0,"45":0,"46":0,"47":0,"48":0,"49":0,"50":0,"51":0,"52":0,"53":0,"54":0,"55":0,"56":0,"57":0,"58":0,"59":0,"60":0,"61":0,"62":0,"63":0,"64":0,"65":0,"66":0,"67":0,"68":0,"69":0,"70":0,"71":0,"72":0,"73":0,"74":0,"75":0,"76":0,"77":0,"78":0,"79":0,"80":0,"81":0,"82":0,"83":0,"84":0,"85":0,"86":0,"87":0,"88":0,"89":0,"90":0,"91":0,"92":0,"93":0,"94":0,"95":0,"96":0,"97":0,"98":0,"99":0,"100":0,"101":0,"102":0,"103":0,"104":0,"105":0,"106":0,"107":0,"108":0,"109":0,"110":0,"111":0,"112":0,"113":0,"114":0,"115":0,"116":0,"117":0,"118":0,"119":0,"120":0,"121":0,"122":0,"123":0,"124":0,"125":0,"126":0,"127":0},"f":{"0":0,"1":0,"2":0,"3":0,"4":0,"5":0,"6":0,"7":0,"8":0,"9":0,"10":0,"11":0,"12":0,"13":0,"14":0,"15":0,"16":0,"17":0,"18":0,"19":0,"20":0,"21":0,"22":0,"23":0,"24":0,"25":0,"26":0,"27":0,"28":0,"29":0,"30":0,"31":0,"32":0,"33":0,"34":0,"35":0,"36":0,"37":0,"38":0,"39":0,"40":0,"41":0,"42":0},"b":{},"all":true},"C:\\Users\\arodr\\Documents\\AngularProjects\\tfm\\server\\test\\comunicationTest.js":{"path":"C:\\Users\\arodr\\Documents\\AngularProjects\\tfm\\server\\test\\comunicationTest.js","statementMap":{"0":{"start":{"line":1,"column":13},"end":{"line":1,"column":28}},"1":{"start":{"line":2,"column":15},"end":{"line":2,"column":37}},"2":{"start":{"line":3,"column":17},"end":{"line":3,"column":37}},"3":{"start":{"line":4,"column":0},"end":{"line":4,"column":19}},"4":{"start":{"line":6,"column":17},"end":{"line":6,"column":46}},"5":{"start":{"line":7,"column":12},"end":{"line":7,"column":49}},"6":{"start":{"line":9,"column":0},"end":{"line":244,"column":3}},"7":{"start":{"line":14,"column":4},"end":{"line":25,"column":7}},"8":{"start":{"line":15,"column":8},"end":{"line":24,"column":15}},"9":{"start":{"line":19,"column":16},"end":{"line":19,"column":48}},"10":{"start":{"line":20,"column":16},"end":{"line":20,"column":71}},"11":{"start":{"line":21,"column":16},"end":{"line":21,"column":39}},"12":{"start":{"line":22,"column":16},"end":{"line":22,"column":39}},"13":{"start":{"line":23,"column":16},"end":{"line":23,"column":23}},"14":{"start":{"line":26,"column":4},"end":{"line":36,"column":7}},"15":{"start":{"line":27,"column":8},"end":{"line":35,"column":15}},"16":{"start":{"line":31,"column":16},"end":{"line":31,"column":48}},"17":{"start":{"line":32,"column":16},"end":{"line":32,"column":56}},"18":{"start":{"line":33,"column":16},"end":{"line":33,"column":41}},"19":{"start":{"line":34,"column":16},"end":{"line":34,"column":23}},"20":{"start":{"line":37,"column":4},"end":{"line":45,"column":7}},"21":{"start":{"line":38,"column":8},"end":{"line":44,"column":15}},"22":{"start":{"line":41,"column":16},"end":{"line":41,"column":68}},"23":{"start":{"line":42,"column":16},"end":{"line":42,"column":48}},"24":{"start":{"line":43,"column":16},"end":{"line":43,"column":23}},"25":{"start":{"line":46,"column":4},"end":{"line":56,"column":7}},"26":{"start":{"line":47,"column":8},"end":{"line":55,"column":15}},"27":{"start":{"line":51,"column":16},"end":{"line":51,"column":64}},"28":{"start":{"line":52,"column":16},"end":{"line":52,"column":48}},"29":{"start":{"line":53,"column":16},"end":{"line":53,"column":53}},"30":{"start":{"line":54,"column":16},"end":{"line":54,"column":23}},"31":{"start":{"line":57,"column":4},"end":{"line":66,"column":7}},"32":{"start":{"line":58,"column":8},"end":{"line":65,"column":15}},"33":{"start":{"line":62,"column":16},"end":{"line":62,"column":68}},"34":{"start":{"line":63,"column":16},"end":{"line":63,"column":48}},"35":{"start":{"line":64,"column":16},"end":{"line":64,"column":23}},"36":{"start":{"line":67,"column":4},"end":{"line":79,"column":7}},"37":{"start":{"line":68,"column":8},"end":{"line":78,"column":15}},"38":{"start":{"line":73,"column":16},"end":{"line":73,"column":64}},"39":{"start":{"line":74,"column":16},"end":{"line":74,"column":48}},"40":{"start":{"line":75,"column":16},"end":{"line":75,"column":56}},"41":{"start":{"line":76,"column":16},"end":{"line":76,"column":37}},"42":{"start":{"line":77,"column":16},"end":{"line":77,"column":23}},"43":{"start":{"line":80,"column":4},"end":{"line":89,"column":7}},"44":{"start":{"line":81,"column":8},"end":{"line":88,"column":15}},"45":{"start":{"line":86,"column":16},"end":{"line":86,"column":48}},"46":{"start":{"line":87,"column":16},"end":{"line":87,"column":23}},"47":{"start":{"line":90,"column":4},"end":{"line":100,"column":7}},"48":{"start":{"line":91,"column":8},"end":{"line":99,"column":15}},"49":{"start":{"line":95,"column":16},"end":{"line":95,"column":64}},"50":{"start":{"line":96,"column":16},"end":{"line":96,"column":48}},"51":{"start":{"line":97,"column":16},"end":{"line":97,"column":53}},"52":{"start":{"line":98,"column":16},"end":{"line":98,"column":23}},"53":{"start":{"line":101,"column":4},"end":{"line":112,"column":7}},"54":{"start":{"line":102,"column":8},"end":{"line":111,"column":15}},"55":{"start":{"line":106,"column":16},"end":{"line":106,"column":64}},"56":{"start":{"line":107,"column":16},"end":{"line":107,"column":48}},"57":{"start":{"line":108,"column":16},"end":{"line":108,"column":53}},"58":{"start":{"line":109,"column":16},"end":{"line":109,"column":79}},"59":{"start":{"line":110,"column":16},"end":{"line":110,"column":23}},"60":{"start":{"line":113,"column":4},"end":{"line":124,"column":7}},"61":{"start":{"line":114,"column":8},"end":{"line":123,"column":15}},"62":{"start":{"line":118,"column":16},"end":{"line":118,"column":64}},"63":{"start":{"line":119,"column":16},"end":{"line":119,"column":48}},"64":{"start":{"line":120,"column":16},"end":{"line":120,"column":53}},"65":{"start":{"line":121,"column":16},"end":{"line":121,"column":79}},"66":{"start":{"line":122,"column":16},"end":{"line":122,"column":23}},"67":{"start":{"line":125,"column":4},"end":{"line":134,"column":7}},"68":{"start":{"line":126,"column":8},"end":{"line":133,"column":15}},"69":{"start":{"line":130,"column":16},"end":{"line":130,"column":68}},"70":{"start":{"line":131,"column":16},"end":{"line":131,"column":48}},"71":{"start":{"line":132,"column":16},"end":{"line":132,"column":23}},"72":{"start":{"line":135,"column":4},"end":{"line":146,"column":7}},"73":{"start":{"line":136,"column":8},"end":{"line":145,"column":15}},"74":{"start":{"line":141,"column":16},"end":{"line":141,"column":64}},"75":{"start":{"line":142,"column":16},"end":{"line":142,"column":48}},"76":{"start":{"line":143,"column":16},"end":{"line":143,"column":53}},"77":{"start":{"line":144,"column":16},"end":{"line":144,"column":23}},"78":{"start":{"line":147,"column":4},"end":{"line":159,"column":7}},"79":{"start":{"line":148,"column":8},"end":{"line":158,"column":15}},"80":{"start":{"line":153,"column":16},"end":{"line":153,"column":64}},"81":{"start":{"line":154,"column":16},"end":{"line":154,"column":48}},"82":{"start":{"line":155,"column":16},"end":{"line":155,"column":76}},"83":{"start":{"line":156,"column":16},"end":{"line":156,"column":90}},"84":{"start":{"line":157,"column":16},"end":{"line":157,"column":23}},"85":{"start":{"line":160,"column":4},"end":{"line":168,"column":7}},"86":{"start":{"line":161,"column":8},"end":{"line":167,"column":15}},"87":{"start":{"line":164,"column":16},"end":{"line":164,"column":68}},"88":{"start":{"line":165,"column":16},"end":{"line":165,"column":48}},"89":{"start":{"line":166,"column":16},"end":{"line":166,"column":23}},"90":{"start":{"line":169,"column":4},"end":{"line":179,"column":7}},"91":{"start":{"line":170,"column":8},"end":{"line":178,"column":15}},"92":{"start":{"line":175,"column":16},"end":{"line":175,"column":64}},"93":{"start":{"line":176,"column":16},"end":{"line":176,"column":48}},"94":{"start":{"line":177,"column":16},"end":{"line":177,"column":23}},"95":{"start":{"line":180,"column":4},"end":{"line":190,"column":7}},"96":{"start":{"line":181,"column":8},"end":{"line":189,"column":15}},"97":{"start":{"line":186,"column":16},"end":{"line":186,"column":64}},"98":{"start":{"line":187,"column":16},"end":{"line":187,"column":48}},"99":{"start":{"line":188,"column":16},"end":{"line":188,"column":23}},"100":{"start":{"line":191,"column":4},"end":{"line":203,"column":7}},"101":{"start":{"line":192,"column":8},"end":{"line":202,"column":15}},"102":{"start":{"line":197,"column":16},"end":{"line":197,"column":64}},"103":{"start":{"line":198,"column":16},"end":{"line":198,"column":48}},"104":{"start":{"line":199,"column":16},"end":{"line":199,"column":76}},"105":{"start":{"line":200,"column":16},"end":{"line":200,"column":88}},"106":{"start":{"line":201,"column":16},"end":{"line":201,"column":23}},"107":{"start":{"line":204,"column":4},"end":{"line":212,"column":7}},"108":{"start":{"line":205,"column":8},"end":{"line":211,"column":15}},"109":{"start":{"line":208,"column":16},"end":{"line":208,"column":68}},"110":{"start":{"line":209,"column":16},"end":{"line":209,"column":48}},"111":{"start":{"line":210,"column":16},"end":{"line":210,"column":23}},"112":{"start":{"line":213,"column":4},"end":{"line":222,"column":7}},"113":{"start":{"line":214,"column":8},"end":{"line":221,"column":15}},"114":{"start":{"line":218,"column":16},"end":{"line":218,"column":64}},"115":{"start":{"line":219,"column":16},"end":{"line":219,"column":48}},"116":{"start":{"line":220,"column":16},"end":{"line":220,"column":23}},"117":{"start":{"line":223,"column":4},"end":{"line":233,"column":7}},"118":{"start":{"line":224,"column":8},"end":{"line":232,"column":15}},"119":{"start":{"line":228,"column":16},"end":{"line":228,"column":64}},"120":{"start":{"line":229,"column":16},"end":{"line":229,"column":48}},"121":{"start":{"line":230,"column":16},"end":{"line":230,"column":53}},"122":{"start":{"line":231,"column":16},"end":{"line":231,"column":23}},"123":{"start":{"line":234,"column":4},"end":{"line":243,"column":7}},"124":{"start":{"line":235,"column":8},"end":{"line":242,"column":15}},"125":{"start":{"line":239,"column":16},"end":{"line":239,"column":64}},"126":{"start":{"line":240,"column":16},"end":{"line":240,"column":48}},"127":{"start":{"line":241,"column":16},"end":{"line":241,"column":23}}},"fnMap":{"0":{"name":"(anonymous_0)","decl":{"start":{"line":9,"column":37},"end":{"line":9,"column":38}},"loc":{"start":{"line":9,"column":47},"en
[...]
67,"column":7}},"32":{"start":{"line":58,"column":8},"end":{"line":66,"column":15}},"33":{"start":{"line":62,"column":16},"end":{"line":62,"column":64}},"34":{"start":{"line":63,"column":16},"end":{"line":63,"column":48}},"35":{"start":{"line":64,"column":16},"end":{"line":64,"column":72}},"36":{"start":{"line":65,"column":16},"end":{"line":65,"column":23}},"37":{"start":{"line":68,"column":4},"end":{"line":77,"column":7}},"38":{"start":{"line":69,"column":8},"end":{"line":76,"column":15}},"39":{"start":{"line":73,"column":16},"end":{"line":73,"column":64}},"40":{"start":{"line":74,"column":16},"end":{"line":74,"column":48}},"41":{"start":{"line":75,"column":16},"end":{"line":75,"column":23}},"42":{"start":{"line":78,"column":4},"end":{"line":88,"column":7}},"43":{"start":{"line":79,"column":8},"end":{"line":87,"column":15}},"44":{"start":{"line":83,"column":16},"end":{"line":83,"column":64}},"45":{"start":{"line":84,"column":16},"end":{"line":84,"column":48}},"46":{"start":{"line":85,"column":16},"end":{"line":85,"column":53}},"47":{"start":{"line":86,"column":16},"end":{"line":86,"column":23}},"48":{"start":{"line":89,"column":4},"end":{"line":100,"column":7}},"49":{"start":{"line":90,"column":8},"end":{"line":99,"column":15}},"50":{"start":{"line":94,"column":16},"end":{"line":94,"column":64}},"51":{"start":{"line":95,"column":16},"end":{"line":95,"column":48}},"52":{"start":{"line":96,"column":16},"end":{"line":96,"column":53}},"53":{"start":{"line":97,"column":16},"end":{"line":97,"column":75}},"54":{"start":{"line":98,"column":16},"end":{"line":98,"column":23}},"55":{"start":{"line":101,"column":4},"end":{"line":109,"column":7}},"56":{"start":{"line":102,"column":8},"end":{"line":108,"column":15}},"57":{"start":{"line":105,"column":16},"end":{"line":105,"column":68}},"58":{"start":{"line":106,"column":16},"end":{"line":106,"column":48}},"59":{"start":{"line":107,"column":16},"end":{"line":107,"column":23}},"60":{"start":{"line":110,"column":4},"end":{"line":120,"column":7}},"61":{"start":{"line":111,"column":8},"end":{"line":119,"column":15}},"62":{"start":{"line":116,"column":16},"end":{"line":116,"column":64}},"63":{"start":{"line":117,"column":16},"end":{"line":117,"column":48}},"64":{"start":{"line":118,"column":16},"end":{"line":118,"column":23}},"65":{"start":{"line":121,"column":4},"end":{"line":131,"column":7}},"66":{"start":{"line":122,"column":8},"end":{"line":130,"column":15}},"67":{"start":{"line":127,"column":16},"end":{"line":127,"column":64}},"68":{"start":{"line":128,"column":16},"end":{"line":128,"column":48}},"69":{"start":{"line":129,"column":16},"end":{"line":129,"column":23}},"70":{"start":{"line":132,"column":4},"end":{"line":140,"column":7}},"71":{"start":{"line":133,"column":8},"end":{"line":139,"column":15}},"72":{"start":{"line":136,"column":16},"end":{"line":136,"column":68}},"73":{"start":{"line":137,"column":16},"end":{"line":137,"column":48}},"74":{"start":{"line":138,"column":16},"end":{"line":138,"column":23}},"75":{"start":{"line":141,"column":4},"end":{"line":150,"column":7}},"76":{"start":{"line":142,"column":8},"end":{"line":149,"column":15}},"77":{"start":{"line":146,"column":16},"end":{"line":146,"column":64}},"78":{"start":{"line":147,"column":16},"end":{"line":147,"column":48}},"79":{"start":{"line":148,"column":16},"end":{"line":148,"column":23}},"80":{"start":{"line":151,"column":4},"end":{"line":161,"column":7}},"81":{"start":{"line":152,"column":8},"end":{"line":160,"column":15}},"82":{"start":{"line":156,"column":16},"end":{"line":156,"column":64}},"83":{"start":{"line":157,"column":16},"end":{"line":157,"column":48}},"84":{"start":{"line":158,"column":16},"end":{"line":158,"column":53}},"85":{"start":{"line":159,"column":16},"end":{"line":159,"column":23}}},"fnMap":{"0":{"name":"(anonymous_0)","decl":{"start":{"line":9,"column":28},"end":{"line":9,"column":29}},"loc":{"start":{"line":9,"column":38},"end":{"line":162,"column":1}},"line":9},"1":{"name":"(anonymous_1)","decl":{"start":{"line":13,"column":44},"end":{"line":13,"column":45}},"loc":{"start":{"line":13,"column":58},"end":{"line":24,"column":5}},"line":13},"2":{"name":"(anonymous_2)","decl":{"start":{"line":17,"column":17},"end":{"line":17,"column":18}},"loc":{"start":{"line":17,"column":36},"end":{"line":23,"column":13}},"line":17},"3":{"name":"(anonymous_3)","decl":{"start":{"line":25,"column":52},"end":{"line":25,"column":53}},"loc":{"start":{"line":25,"column":66},"end":{"line":34,"column":5}},"line":25},"4":{"name":"(anonymous_4)","decl":{"start":{"line":29,"column":17},"end":{"line":29,"column":18}},"loc":{"start":{"line":29,"column":36},"end":{"line":33,"column":13}},"line":29},"5":{"name":"(anonymous_5)","decl":{"start":{"line":35,"column":34},"end":{"line":35,"column":35}},"loc":{"start":{"line":35,"column":48},"end":{"line":47,"column":5}},"line":35},"6":{"name":"(anonymous_6)","decl":{"start":{"line":40,"column":17},"end":{"line":40,"column":18}},"loc":{"start":{"line":40,"column":36},"end":{"line":46,"column":13}},"line":40},"7":{"name":"(anonymous_7)","decl":{"start":{"line":48,"column":44},"end":{"line":48,"column":45}},"loc":{"start":{"line":48,"column":58},"end":{"line":56,"column":5}},"line":48},"8":{"name":"(anonymous_8)","decl":{"start":{"line":51,"column":17},"end":{"line":51,"column":18}},"loc":{"start":{"line":51,"column":36},"end":{"line":55,"column":13}},"line":51},"9":{"name":"(anonymous_9)","decl":{"start":{"line":57,"column":49},"end":{"line":57,"column":50}},"loc":{"start":{"line":57,"column":63},"end":{"line":67,"column":5}},"line":57},"10":{"name":"(anonymous_10)","decl":{"start":{"line":61,"column":17},"end":{"line":61,"column":18}},"loc":{"start":{"line":61,"column":36},"end":{"line":66,"column":13}},"line":61},"11":{"name":"(anonymous_11)","decl":{"start":{"line":68,"column":36},"end":{"line":68,"column":37}},"loc":{"start":{"line":68,"column":50},"end":{"line":77,"column":5}},"line":68},"12":{"name":"(anonymous_12)","decl":{"start":{"line":72,"column":17},"end":{"line":72,"column":18}},"loc":{"start":{"line":72,"column":36},"end":{"line":76,"column":13}},"line":72},"13":{"name":"(anonymous_13)","decl":{"start":{"line":78,"column":54},"end":{"line":78,"column":55}},"loc":{"start":{"line":78,"column":68},"end":{"line":88,"column":5}},"line":78},"14":{"name":"(anonymous_14)","decl":{"start":{"line":82,"column":17},"end":{"line":82,"column":18}},"loc":{"start":{"line":82,"column":36},"end":{"line":87,"column":13}},"line":82},"15":{"name":"(anonymous_15)","decl":{"start":{"line":89,"column":41},"end":{"line":89,"column":42}},"loc":{"start":{"line":89,"column":55},"end":{"line":100,"column":5}},"line":89},"16":{"name":"(anonymous_16)","decl":{"start":{"line":93,"column":17},"end":{"line":93,"column":18}},"loc":{"start":{"line":93,"column":36},"end":{"line":99,"column":13}},"line":93},"17":{"name":"(anonymous_17)","decl":{"start":{"line":101,"column":46},"end":{"line":101,"column":47}},"loc":{"start":{"line":101,"column":60},"end":{"line":109,"column":5}},"line":101},"18":{"name":"(anonymous_18)","decl":{"start":{"line":104,"column":17},"end":{"line":104,"column":18}},"loc":{"start":{"line":104,"column":36},"end":{"line":108,"column":13}},"line":104},"19":{"name":"(anonymous_19)","decl":{"start":{"line":110,"column":51},"end":{"line":110,"column":52}},"loc":{"start":{"line":110,"column":65},"end":{"line":120,"column":5}},"line":110},"20":{"name":"(anonymous_20)","decl":{"start":{"line":115,"column":17},"end":{"line":115,"column":18}},"loc":{"start":{"line":115,"column":36},"end":{"line":119,"column":13}},"line":115},"21":{"name":"(anonymous_21)","decl":{"start":{"line":121,"column":38},"end":{"line":121,"column":39}},"loc":{"start":{"line":121,"column":52},"end":{"line":131,"column":5}},"line":121},"22":{"name":"(anonymous_22)","decl":{"start":{"line":126,"column":17},"end":{"line":126,"column":18}},"loc":{"start":{"line":126,"column":36},"end":{"line":130,"column":13}},"line":126},"23":{"name":"(anonymous_23)","decl":{"start":{"line":132,"column":46},"end":{"line":132,"column":47}},"loc":{"start":{"line":132,"column":60},"end":{"line":140,"column":5}},"line":132},"24":{"name":"(anonymous_24)","decl":{"start":{"line":135,"column":17},"end":{"line":135,"column":18}},"loc":{"start":{"line":135,"column":36},"end":{"line":139,"column":13}},"line":135},"25":{"name":"(anonymous_25)","decl":{"start":{"line":141,"column":38},"end":{"line":141,"column":39}},"loc":{"start":{"line":141,"column":52},"end":{"line":150,"column":5}},"line":141},"26":{"name":"(anonymous_26)","decl":{"start":{"line":145,"column":17},"end":{"line":145,"column":18}},"loc":{"start":{"line":145,"column":36},"end":{"line":149,"column":13}},"line":145},"27":{"name":"(anonymous_27)","decl":{"start":{"line":151,"column":38},"end":{"line":151,"column":39}},"loc":{"start":{"line":151,"column":52},"end":{"line":161,"column":5}},"line":151},"28":{"name":"(anonymous_28)","decl":{"start":{"line":155,"column":17},"end":{"line":155,"column":18}},"loc":{"start":{"line":155,"column":36},"end":{"line":160,"column":13}},"line":155}},"branchMap":{},"s":{"0":0,"1":0,"2":0,"3":0,"4":0,"5":0,"6":0,"7":0,"8":0,"9":0,"10":0,"11":0,"12":0,"13":0,"14":0,"15":0,"16":0,"17":0,"18":0,"19":0,"20":0,"21":0,"22":0,"23":0,"24":0,"25":0,"26":0,"27":0,"28":0,"29":0,"30":0,"31":0,"32":0,"33":0,"34":0,"35":0,"36":0,"37":0,"38":0,"39":0,"40":0,"41":0,"42":0,"43":0,"44":0,"45":0,"46":0,"47":0,"48":0,"49":0,"50":0,"51":0,"52":0,"53":0,"54":0,"55":0,"56":0,"57":0,"58":0,"59":0,"60":0,"61":0,"62":0,"63":0,"64":0,"65":0,"66":0,"67":0,"68":0,"69":0,"70":0,"71":0,"72":0,"73":0,"74":0,"75":0,"76":0,"77":0,"78":0,"79":0,"80":0,"81":0,"82":0,"83":0,"84":0,"85":0},"f":{"0":0,"1":0,"2":0,"3":0,"4":0,"5":0,"6":0,"7":0,"8":0,"9":0,"10":0,"11":0,"12":0,"13":0,"14":0,"15":0,"16":0,"17":0,"18":0,"19":0,"20":0,"21":0,"22":0,"23":0,"24":0,"25":0,"26":0,"27":0,"28":0},"b":{},"all":true},"C:\\Users\\arodr\\Documents\\AngularProjects\\tfm\\server\\test\\userTest.js":{"path":"C:\\Users\\arodr\\Documents\\AngularProjects\\tfm\\server\\test\\userTest.js","statementMap":{"0":{"start":{"line":1,"column":13},"end":{"line":1,"column":28}},"1":{"start":{"line":2,"column":15},"end":{"line":2,"column":37}},"2":{"start":{"line":3,"column":17},"end":{"line":3,"column":37}},"3":{"start":{"line":4,"column":0},"end":{"line":4,"column":19}},"4":{"start":{"line":6,"column":12},"end":{"line":6,"column":41}},"5":{"start":{"line":8,"column":0},"end":{"line":130,"column":3}},"6":{"start":{"line":11,"column":4},"end":{"line":21,"column":7}},"7":{"start":{"line":12,"column":8},"end":{"line":20,"column":15}},"8":{"start":{"line":16,"column":16},"end":{"line":16,"column":48}},"9":{"start":{"line":17,"column":16},"end":{"line":17,"column":56}},"10":{"start":{"line":18,"column":16},"end":{"line":18,"column":33}},"11":{"start":{"line":19,"column":16},"end":{"line":19,"column":23}},"12":{"start":{"line":22,"column":4},"end":{"line":30,"column":7}},"13":{"start":{"line":23,"column":8},"end":{"line":29,"column":15}},"14":{"start":{"line":26,"column":16},"end":{"line":26,"column":48}},"15":{"start":{"line":27,"column":16},"end":{"line":27,"column":98}},"16":{"start":{"line":28,"column":16},"end":{"line":28,"column":23}},"17":{"start":{"line":31,"column":4},"end":{"line":38,"column":7}},"18":{"start":{"line":32,"column":8},"end":{"line":37,"column":15}},"19":{"start":{"line":35,"column":16},"end":{"line":35,"column":48}},"20":{"start":{"line":36,"column":16},"end":{"line":36,"column":23}},"21":{"start":{"line":39,"column":4},"end":{"line":49,"column":7}},"22":{"start":{"line":40,"column":8},"end":{"line":48,"column":15}},"23":{"start":{"line":44,"column":16},"end":{"line":44,"column":48}},"24":{"start":{"line":45,"column":16},"end":{"line":45,"column":71}},"25":{"start":{"line":46,"column":16},"end":{"line":46,"column":39}},"26":{"start":{"line":47,"column":16},"end":{"line":47,"column":23}},"27":{"start":{"line":50,"column":4},"end":{"line":58,"column":7}},"28":{"start":{"line":51,"column":8},"end":{"line":57,"column":15}},"29":{"start":{"line":54,"column":16},"end":{"line":54,"column":68}},"30":{"start":{"line":55,"column":16},"end":{"line":55,"column":48}},"31":{"start":{"line":56,"column":16},"end":{"line":56,"column":23}},"32":{"start":{"line":59,"column":4},"end":{"line":69,"column":7}},"33":{"start":{"line":60,"column":8},"end":{"line":68,"column":15}},"34":{"start":{"line":64,"column":16},"end":{"line":64,"column":64}},"35":{"start":{"line":65,"column":16},"end":{"line":65,"column":48}},"36":{"start":{"line":66,"column":16},"end":{"line":66,"column":72}},"37":{"start":{"line":67,"column":16},"end":{"line":67,"column":23}},"38":{"start":{"line":70,"column":4},"end":{"line":78,"column":7}},"39":{"start":{"line":71,"column":8},"end":{"line":77,"column":15}},"40":{"start":{"line":74,"column":16},"end":{"line":74,"column":68}},"41":{"start":{"line":75,"column":16},"end":{"line":75,"column":48}},"42":{"start":{"line":76,"column":16},"end":{"line":76,"column":23}},"43":{"start":{"line":79,"column":4},"end":{"line":89,"column":7}},"44":{"start":{"line":80,"column":8},"end":{"line":88,"column":15}},"45":{"start":{"line":85,"column":16},"end":{"line":85,"column":64}},"46":{"start":{"line":86,"column":16},"end":{"line":86,"column":48}},"47":{"start":{"line":87,"column":16},"end":{"line":87,"column":23}},"48":{"start":{"line":90,"column":4},"end":{"line":100,"column":7}},"49":{"start":{"line":91,"column":8},"end":{"line":99,"column":15}},"50":{"start":{"line":96,"column":16},"end":{"line":96,"column":64}},"51":{"start":{"line":97,"column":16},"end":{"line":97,"column":48}},"52":{"start":{"line":98,"column":16},"end":{"line":98,"column":23}},"53":{"start":{"line":101,"column":4},"end":{"line":109,"column":7}},"54":{"start":{"line":102,"column":8},"end":{"line":108,"column":15}},"55":{"start":{"line":105,"column":16},"end":{"line":105,"column":68}},"56":{"start":{"line":106,"column":16},"end":{"line":106,"column":48}},"57":{"start":{"line":107,"column":16},"end":{"line":107,"column":23}},"58":{"start":{"line":110,"column":4},"end":{"line":119,"column":7}},"59":{"start":{"line":111,"column":8},"end":{"line":118,"column":15}},"60":{"start":{"line":115,"column":16},"end":{"line":115,"column":64}},"61":{"start":{"line":116,"column":16},"end":{"line":116,"column":48}},"62":{"start":{"line":117,"column":16},"end":{"line":117,"column":23}},"63":{"start":{"line":120,"column":4},"end":{"line":129,"column":7}},"64":{"start":{"line":121,"column":8},"end":{"line":128,"column":15}},"65":{"start":{"line":125,"column":16},"end":{"line":125,"column":64}},"66":{"start":{"line":126,"column":16},"end":{"line":126,"column":48}},"67":{"start":{"line":127,"column":16},"end":{"line":127,"column":23}}},"fnMap":{"0":{"name":"(anonymous_0)","decl":{"start":{"line":8,"column":29},"end":{"line":8,"column":30}},"loc":{"start":{"line":8,"column":39},"end":{"line":130,"column":1}},"line":8},"1":{"name":"(anonymous_1)","decl":{"start":{"line":11,"column":33},"end":{"line":11,"column":34}},"loc":{"start":{"line":11,"column":47},"end":{"line":21,"column":5}},"line":11},"2":{"name":"(anonymous_2)","decl":{"start":{"line":15,"column":17},"end":{"line":15,"column":18}},"loc":{"start":{"line":15,"column":36},"end":{"line":20,"column":13}},"line":15},"3":{"name":"(anonymous_3)","decl":{"start":{"line":22,"column":77},"end":{"line":22,"column":78}},"loc":{"start":{"line":22,"column":91},"end":{"line":30,"column":5}},"line":22},"4":{"name":"(anonymous_4)","decl":{"start":{"line":25,"column":17},"end":{"line":25,"column":18}},"loc":{"start":{"line":25,"column":36},"end":{"line":29,"column":13}},"line":25},"5":{"name":"(anonymous_5)","decl":{"start":{"line":31,"column":95},"end":{"line":31,"column":96}},"loc":{"start":{"line":31,"column":109},"end":{"line":38,"column":5}},"line":31},"6":{"name":"(anonymous_6)","decl":{"start":{"line":34,"column":17},"end":{"line":34,"column":18}},"loc":{"start":{"line":34,"column":36},"end":{"line":37,"column":13}},"line":34},"7":{"name":"(anonymous_7)","decl":{"start":{"line":39,"column":50},"end":{"line":39,"column":51}},"loc":{"start":{"line":39,"column":64},"end":{"line":49,"column":5}},"line":39},"8":{"name":"(anonymous_8)","decl":{"start":{"line":43,"column":17},"end":{"line":43,"column":18}},"loc":{"start":{"line":43,"column":36},"end":{"line":48,"column":13}},"line":43},"9":{"name":"(anonymous_9)","decl":{"start":{"line":50,"column":45},"end":{"line":50,"column":46}},"loc":{"start":{"line":50,"column":59},"end":{"line":58,"column":5}},"line":50},"10":{"name":"(anonymous_10)","decl":{"start":{"line":53,"column":17},"end":{"line":53,"column":18}},"loc":{"start":{"line":53,"column":36},"end":{"line":57,"column":13}},"line":53},"11":{"name":"(anonymous_11)","decl":{"start":{"line":59,"column":37},"end":{"line":59,"column":38}},"loc":{"start":{"line":59,"column":51},"end":{"line":69,"column":5}},"line":59},"12":{"name":"(anonymous_12)","decl":{"start":{"line":63,"column":17},"end":{"line":63,"column":18}},"loc":{"start":{"line":63,"column":36},"end":{"line":68,"column":13}},"line":63},"13":{"name":"(anonymous_13)","decl":{"start":{"line":70,"column":47},"end":{"line":70,"column":48}},"loc":{"start":{"line":70,"column":61},"end":{"line":78,"column":5}},"line":70},"14":{"name":"(anonymous_14)","decl":{"start":{"line":73,"column":17},"end":{"line":73,"column":18}},"loc":{"start":{"line":73,"column":36},"end":{"line":77,"column":13}},"line":73},"15":{"name":"(anonymous_15)","decl":{"start":{"line":79,"column":52},"end":{"line":79,"column":53}},"loc":{"start":{"line":79,"column":66},"end":{"line":89,"column":5}},"line":79},"16":{"name":"(anonymous_16)","decl":{"start":{"line":84,"column":17},"end":{"line":84,"column":18}},"loc":{"start":{"line":84,"column":36},"end":{"line":88,"column":13}},"line":84},"17":{"name":"(anonymous_17)","decl":{"start":{"line":90,"column":39},"end":{"line":90,"column":40}},"loc":{"start":{"line":90,"column":53},"end":{"line":100,"column":5}},"line":90},"18":{"name":"(anonymous_18)","decl":{"start":{"line":95,"column":17},"end":{"line":95,"column":18}},"loc":{"start":{"line":95,"column":36},"end":{"line":99,"column":13}},"line":95},"19":{"name":"(anonymous_19)","decl":{"start":{"line":101,"column":47},"end":{"line":101,"column":48}},"loc":{"start":{"line":101,"column":61},"end":{"line":109,"column":5}},"line":101},"20":{"name":"(anonymous_20)","decl":{"start":{"line":104,"column":17},"end":{"line":104,"column":18}},"loc":{"start":{"line":104,"column":36},"end":{"line":108,"column":13}},"line":104},"21":{"name":"(anonymous_21)","decl":{"start":{"line":110,"column":39},"end":{"line":110,"column":40}},"loc":{"start":{"line":110,"column":53},"end":{"line":119,"column":5}},"line":110},"22":{"name":"(anonymous_22)","decl":{"start":{"line":114,"column":17},"end":{"line":114,"column":18}},"loc":{"start":{"line":114,"column":36},"end":{"line":118,"column":13}},"line":114},"23":{"name":"(anonymous_23)","decl":{"start":{"line":120,"column":39},"end":{"line":120,"column":40}},"loc":{"start":{"line":120,"column":53},"end":{"line":129,"column":5}},"line":120},"24":{"name":"(anonymous_24)","decl":{"start":{"line":124,"column":17},"end":{"line":124,"column":18}},"loc":{"start":{"line":124,"column":36},"end":{"line":128,"column":13}},"line":124}},"branchMap":{},"s":{"0":0,"1":0,"2":0,"3":0,"4":0,"5":0,"6":0,"7":0,"8":0,"9":0,"10":0,"11":0,"12":0,"13":0,"14":0,"15":0,"16":0,"17":0,"18":0,"19":0,"20":0,"21":0,"22":0,"23":0,"24":0,"25":0,"26":0,"27":0,"28":0,"29":0,"30":0,"31":0,"32":0,"33":0,"34":0,"35":0,"36":0,"37":0,"38":0,"39":0,"40":0,"41":0,"42":0,"43":0,"44":0,"45":0,"46":0,"47":0,"48":0,"49":0,"50":0,"51":0,"52":0,"53":0,"54":0,"55":0,"56":0,"57":0,"58":0,"59":0,"60":0,"61":0,"62":0,"63":0,"64":0,"65":0,"66":0,"67":0},"f":{"0":0,"1":0,"2":0,"3":0,"4":0,"5":0,"6":0,"7":0,"8":0,"9":0,"10":0,"11":0,"12":0,"13":0,"14":0,"15":0,"16":0,"17":0,"18":0,"19":0,"20":0,"21":0,"22":0,"23":0,"24":0},"b":{},"all":true}}